2025-05-21 08:15:57,415 - INFO - 📁 Reading masterdata.xlsx...
2025-05-21 08:15:57,751 - INFO - 📊️ Data Processing...
2025-05-21 08:15:57,932 - INFO - 💾 Generating 8232001-Hsieh Yu Ting Employee Report...
2025-05-21 08:15:57,946 - INFO - 💾 Generating 8232001-Hsieh Yu Ting Master Report...
2025-05-21 08:15:58,035 - INFO - 💾 Generating 8232003-Muhammad Irfan bin Mohamad Employee Report...
2025-05-21 08:15:58,049 - INFO - 💾 Generating 8232003-Muhammad Irfan bin Mohamad Master Report...
2025-05-21 08:15:58,134 - INFO - 💾 Generating 8232005-Siti Norhafiza binti Idris Employee Report...
2025-05-21 08:15:58,145 - INFO - 💾 Generating 8232005-Siti Norhafiza binti Idris Master Report...
2025-05-21 08:15:58,168 - WARNING - ️⚠️ Cannot determine shift code for Employee ID: 8232006
2025-05-21 08:15:58,171 - INFO - 💾 Generating 8232006-Zoey Pok Employee Report...
2025-05-21 08:15:58,180 - INFO - 💾 Generating 8232006-Zoey Pok Master Report...
2025-05-21 08:15:58,181 - WARNING - ⚠️ Employee ID: 8232006 can't be found in masterdata.xlsx --> Employee
2025-05-21 08:15:58,272 - INFO - 💾 Generating 8232010-Kwak Fang Wei Employee Report...
2025-05-21 08:15:58,286 - INFO - 💾 Generating 8232010-Kwak Fang Wei Master Report...
2025-05-21 08:15:58,389 - INFO - 💾 Generating 8232011-Nurshuhaily Binti Zainisiam Employee Report...
2025-05-21 08:15:58,402 - INFO - 💾 Generating 8232011-Nurshuhaily Binti Zainisiam Master Report...
2025-05-21 08:15:58,497 - INFO - 💾 Generating 8232015-Nurul Iyiani binti Sazali Employee Report...
2025-05-21 08:15:58,510 - INFO - 💾 Generating 8232015-Nurul Iyiani binti Sazali Master Report...
2025-05-21 08:15:58,601 - INFO - 💾 Generating 8242001-Nurse Fatiha binti Hamzah Employee Report...
2025-05-21 08:15:58,614 - INFO - 💾 Generating 8242001-Nurse Fatiha binti Hamzah Master Report...
2025-05-21 08:15:58,704 - INFO - 💾 Generating 8242003-Muhammad Khirrudin bin Mohamad Lassim Employee Report...
2025-05-21 08:15:58,715 - INFO - 💾 Generating 8242003-Muhammad Khirrudin bin Mohamad Lassim Master Report...
2025-05-21 08:15:58,787 - INFO - 💾 Generating 8242005-Felicia Wong Employee Report...
2025-05-21 08:15:58,799 - INFO - 💾 Generating 8242005-Felicia Wong Master Report...
2025-05-21 08:15:58,891 - INFO - 💾 Generating 8242011-Siti Saleha Binti Alias Employee Report...
2025-05-21 08:15:58,904 - INFO - 💾 Generating 8242011-Siti Saleha Binti Alias Master Report...
2025-05-21 08:15:58,997 - INFO - 💾 Generating 8242012-Nur Najwa Atasha binti Muhamad Employee Report...
2025-05-21 08:15:59,006 - INFO - 💾 Generating 8242012-Nur Najwa Atasha binti Muhamad Master Report...
2025-05-21 08:15:59,089 - INFO - 💾 Generating 8242013-Illayarani AP Moohan Employee Report...
2025-05-21 08:15:59,099 - INFO - 💾 Generating 8242013-Illayarani AP Moohan Master Report...
2025-05-21 08:15:59,180 - INFO - 💾 Generating 8242015-Norsyakiela binti Sini Employee Report...
2025-05-21 08:15:59,190 - INFO - 💾 Generating 8242015-Norsyakiela binti Sini Master Report...
2025-05-21 08:15:59,279 - INFO - 💾 Generating 8242016-Nurul Ellya Izzati Employee Report...
2025-05-21 08:15:59,291 - INFO - 💾 Generating 8242016-Nurul Ellya Izzati Master Report...
2025-05-21 08:15:59,381 - INFO - 💾 Generating 8242019-Siti Jahinah Binti Asmaul Employee Report...
2025-05-21 08:15:59,393 - INFO - 💾 Generating 8242019-Siti Jahinah Binti Asmaul Master Report...
2025-05-21 08:15:59,491 - INFO - 💾 Generating 8242021-Nurul Syazwani Binti Haidi Employee Report...
2025-05-21 08:15:59,503 - INFO - 💾 Generating 8242021-Nurul Syazwani Binti Haidi Master Report...
2025-05-21 08:15:59,593 - INFO - 💾 Generating 8242022-Meena Sabaratnam Employee Report...
2025-05-21 08:15:59,605 - INFO - 💾 Generating 8242022-Meena Sabaratnam Master Report...
2025-05-21 08:15:59,694 - INFO - 💾 Generating 8242029-Suhaini Employee Report...
2025-05-21 08:15:59,708 - INFO - 💾 Generating 8242029-Suhaini Master Report...
2025-05-21 08:15:59,813 - INFO - 💾 Generating 8242031-Siti Nur Aisyah Employee Report...
2025-05-21 08:15:59,827 - INFO - 💾 Generating 8242031-Siti Nur Aisyah Master Report...
2025-05-21 08:15:59,934 - INFO - 💾 Generating 8242037-Siti Nurdiana Employee Report...
2025-05-21 08:15:59,948 - INFO - 💾 Generating 8242037-Siti Nurdiana Master Report...
2025-05-21 08:16:00,032 - INFO - 💾 Generating 8242040-Lia Natasha Employee Report...
2025-05-21 08:16:00,045 - INFO - 💾 Generating 8242040-Lia Natasha Master Report...
2025-05-21 08:16:00,070 - WARNING - ️⚠️ Cannot determine shift code for Employee ID: 8242041
2025-05-21 08:16:00,073 - INFO - 💾 Generating 8242041-Siow Kian Hwa Employee Report...
2025-05-21 08:16:00,084 - INFO - 💾 Generating 8242041-Siow Kian Hwa Master Report...
2025-05-21 08:16:00,085 - WARNING - ⚠️ Employee ID: 8242041 can't be found in masterdata.xlsx --> Employee
2025-05-21 08:16:00,175 - INFO - 💾 Generating 8242042-Mohd Imann Employee Report...
2025-05-21 08:16:00,189 - INFO - 💾 Generating 8242042-Mohd Imann Master Report...
2025-05-21 08:16:00,266 - INFO - 💾 Generating 8242044-Chong Jing Yi Employee Report...
2025-05-21 08:16:00,279 - INFO - 💾 Generating 8242044-Chong Jing Yi Master Report...
2025-05-21 08:16:00,376 - INFO - 💾 Generating 8242047-Nurul Haziqah Employee Report...
2025-05-21 08:16:00,386 - INFO - 💾 Generating 8242047-Nurul Haziqah Master Report...
2025-05-21 08:16:00,465 - INFO - 💾 Generating 8242048-Nur'ain binti Muhamad Syarif Employee Report...
2025-05-21 08:16:00,477 - INFO - 💾 Generating 8242048-Nur'ain binti Muhamad Syarif Master Report...
2025-05-21 08:16:00,569 - INFO - 💾 Generating 8242054-Siti Nur Syahirah Employee Report...
2025-05-21 08:16:00,580 - INFO - 💾 Generating 8242054-Siti Nur Syahirah Master Report...
2025-05-21 08:16:00,600 - WARNING - ️⚠️ Cannot determine shift code for Employee ID: 8242056
2025-05-21 08:16:00,602 - INFO - 💾 Generating 8242056-Nurul Shafira Employee Report...
2025-05-21 08:16:00,610 - INFO - 💾 Generating 8242056-Nurul Shafira Master Report...
2025-05-21 08:16:00,612 - WARNING - ⚠️ Employee ID: 8242056 can't be found in masterdata.xlsx --> Employee
2025-05-21 08:16:00,685 - INFO - 💾 Generating 8242063-Kamaliah Employee Report...
2025-05-21 08:16:00,730 - INFO - 💾 Generating 8242063-Kamaliah Master Report...
2025-05-21 08:16:00,800 - INFO - 💾 Generating 8242064-Jepren Employee Report...
2025-05-21 08:16:00,811 - INFO - 💾 Generating 8242064-Jepren Master Report...
2025-05-21 08:16:00,881 - INFO - 💾 Generating 8242067-Li Pei Chi Employee Report...
2025-05-21 08:16:00,896 - INFO - 💾 Generating 8242067-Li Pei Chi Master Report...
2025-05-21 08:16:00,983 - INFO - 💾 Generating 8242069-Lim Chu Yan Employee Report...
2025-05-21 08:16:00,996 - INFO - 💾 Generating 8242069-Lim Chu Yan Master Report...
2025-05-21 08:16:01,078 - INFO - 💾 Generating 8242073-Punitha Employee Report...
2025-05-21 08:16:01,088 - INFO - 💾 Generating 8242073-Punitha Master Report...
2025-05-21 08:16:01,170 - INFO - 💾 Generating 8242083-Azura Employee Report...
2025-05-21 08:16:01,180 - INFO - 💾 Generating 8242083-Azura Master Report...
2025-05-21 08:16:01,253 - INFO - 💾 Generating 8242085-Nur Aini Employee Report...
2025-05-21 08:16:01,264 - INFO - 💾 Generating 8242085-Nur Aini Master Report...
2025-05-21 08:16:01,335 - INFO - 💾 Generating 8242086-Nor Fazilah Employee Report...
2025-05-21 08:16:01,343 - INFO - 💾 Generating 8242086-Nor Fazilah Master Report...
2025-05-21 08:16:01,362 - WARNING - ️⚠️ Cannot determine shift code for Employee ID: 8242089
2025-05-21 08:16:01,364 - INFO - 💾 Generating 8242089-Ooi Chin Kent Employee Report...
2025-05-21 08:16:01,372 - INFO - 💾 Generating 8242089-Ooi Chin Kent Master Report...
2025-05-21 08:16:01,373 - WARNING - ⚠️ Employee ID: 8242089 can't be found in masterdata.xlsx --> Employee
2025-05-21 08:16:01,446 - INFO - 💾 Generating 8242100-Aziela Employee Report...
2025-05-21 08:16:01,455 - INFO - 💾 Generating 8242100-Aziela Master Report...
2025-05-21 08:16:01,512 - INFO - 💾 Generating 8242102-Nur atika Employee Report...
2025-05-21 08:16:01,521 - INFO - 💾 Generating 8242102-Nur atika Master Report...
2025-05-21 08:16:01,590 - INFO - 💾 Generating 8242104-Nur Syazana Employee Report...
2025-05-21 08:16:01,599 - INFO - 💾 Generating 8242104-Nur Syazana Master Report...
2025-05-21 08:16:01,622 - INFO - 💾 Generating 8242106-Lim Song Keong Employee Report...
2025-05-21 08:16:01,630 - INFO - 💾 Generating 8242106-Lim Song Keong Master Report...
2025-05-21 08:16:01,687 - INFO - 💾 Generating 8242107-Mohamad Shahzwan Employee Report...
2025-05-21 08:16:01,697 - INFO - 💾 Generating 8242107-Mohamad Shahzwan Master Report...
2025-05-21 08:16:01,772 - INFO - 💾 Generating 8242109-Nur Hafiza Employee Report...
2025-05-21 08:16:01,781 - INFO - 💾 Generating 8242109-Nur Hafiza Master Report...
2025-05-21 08:16:01,850 - INFO - 💾 Generating 8242111-Naim Muizzuddin bin Mohamad Sah Employee Report...
2025-05-21 08:16:01,862 - INFO - 💾 Generating 8242111-Naim Muizzuddin bin Mohamad Sah Master Report...
2025-05-21 08:16:01,935 - INFO - 💾 Generating 8242112-Yvonne Tan Employee Report...
2025-05-21 08:16:01,944 - INFO - 💾 Generating 8242112-Yvonne Tan Master Report...
2025-05-21 08:16:01,966 - INFO - 💾 Generating 8242113-Celine Woon Employee Report...
2025-05-21 08:16:01,973 - INFO - 💾 Generating 8242113-Celine Woon Master Report...
2025-05-21 08:16:01,992 - WARNING - ️⚠️ Cannot determine shift code for Employee ID: 8242114
2025-05-21 08:16:01,994 - INFO - 💾 Generating 8242114-Nur Filzaamirah Employee Report...
2025-05-21 08:16:02,002 - INFO - 💾 Generating 8242114-Nur Filzaamirah Master Report...
2025-05-21 08:16:02,003 - WARNING - ⚠️ Employee ID: 8242114 can't be found in masterdata.xlsx --> Employee
2025-05-21 08:16:02,076 - INFO - 💾 Generating 8242115-Nicholas Mark Netto Employee Report...
2025-05-21 08:16:02,086 - INFO - 💾 Generating 8242115-Nicholas Mark Netto Master Report...
2025-05-21 08:16:02,159 - INFO - 💾 Generating 8242116-Tan Teck Loon Employee Report...
2025-05-21 08:16:02,168 - INFO - 💾 Generating 8242116-Tan Teck Loon Master Report...
2025-05-21 08:16:02,238 - INFO - 💾 Generating 8242118-Siti Nur Natasyah Employee Report...
2025-05-21 08:16:02,248 - INFO - 💾 Generating 8242118-Siti Nur Natasyah Master Report...
2025-05-21 08:16:02,322 - INFO - 💾 Generating 8242119-Nurul Syazwani binti Azmi Employee Report...
2025-05-21 08:16:02,336 - INFO - 💾 Generating 8242119-Nurul Syazwani binti Azmi Master Report...
2025-05-21 08:16:02,421 - INFO - 💾 Generating 8242120-Noor Hakim bin Osman Employee Report...
2025-05-21 08:16:02,434 - INFO - 💾 Generating 8242120-Noor Hakim bin Osman Master Report...
2025-05-21 08:16:02,505 - INFO - 💾 Generating 8242121-M amirul Employee Report...
2025-05-21 08:16:02,515 - INFO - 💾 Generating 8242121-M amirul Master Report...
2025-05-21 08:16:02,558 - WARNING - ️⚠️ Cannot determine shift code for Employee ID: 8245007
2025-05-21 08:16:02,575 - INFO - 💾 Generating 8245007-Nora Employee Report...
2025-05-21 08:16:02,585 - INFO - 💾 Generating 8245007-Nora Master Report...
2025-05-21 08:16:02,586 - WARNING - ⚠️ Employee ID: 8245007 can't be found in masterdata.xlsx --> Employee
2025-05-21 08:16:02,605 - WARNING - ️⚠️ Cannot determine shift code for Employee ID: 8245010
2025-05-21 08:16:02,607 - INFO - 💾 Generating 8245010-Conelia Employee Report...
2025-05-21 08:16:02,616 - INFO - 💾 Generating 8245010-Conelia Master Report...
2025-05-21 08:16:02,617 - WARNING - ⚠️ Employee ID: 8245010 can't be found in masterdata.xlsx --> Employee
2025-05-21 08:16:02,673 - WARNING - ️⚠️ Cannot determine shift code for Employee ID: 8245030
2025-05-21 08:16:02,690 - INFO - 💾 Generating 8245030-Nik Norasyikin Employee Report...
2025-05-21 08:16:02,700 - INFO - 💾 Generating 8245030-Nik Norasyikin Master Report...
2025-05-21 08:16:02,701 - WARNING - ⚠️ Employee ID: 8245030 can't be found in masterdata.xlsx --> Employee
2025-05-21 08:16:02,723 - WARNING - ️⚠️ Cannot determine shift code for Employee ID: 8245045
2025-05-21 08:16:02,725 - INFO - 💾 Generating 8245045-Bhavani Employee Report...
2025-05-21 08:16:02,735 - INFO - 💾 Generating 8245045-Bhavani Master Report...
2025-05-21 08:16:02,735 - WARNING - ⚠️ Employee ID: 8245045 can't be found in masterdata.xlsx --> Employee
2025-05-21 08:16:02,785 - WARNING - ️⚠️ Cannot determine shift code for Employee ID: 8245048
2025-05-21 08:16:02,801 - INFO - 💾 Generating 8245048-Suriana Employee Report...
2025-05-21 08:16:02,815 - INFO - 💾 Generating 8245048-Suriana Master Report...
2025-05-21 08:16:02,816 - WARNING - ⚠️ Employee ID: 8245048 can't be found in masterdata.xlsx --> Employee
2025-05-21 08:16:02,865 - WARNING - ️⚠️ Cannot determine shift code for Employee ID: 8245049
2025-05-21 08:16:02,878 - INFO - 💾 Generating 8245049-Anu Soorya Employee Report...
2025-05-21 08:16:02,890 - INFO - 💾 Generating 8245049-Anu Soorya Master Report...
2025-05-21 08:16:02,891 - WARNING - ⚠️ Employee ID: 8245049 can't be found in masterdata.xlsx --> Employee
2025-05-21 08:16:02,914 - WARNING - ️⚠️ Cannot determine shift code for Employee ID: 8245053
2025-05-21 08:16:02,916 - INFO - 💾 Generating 8245053-Shafika Employee Report...
2025-05-21 08:16:02,925 - INFO - 💾 Generating 8245053-Shafika Master Report...
2025-05-21 08:16:02,926 - WARNING - ⚠️ Employee ID: 8245053 can't be found in masterdata.xlsx --> Employee
2025-05-21 08:16:02,948 - WARNING - ️⚠️ Cannot determine shift code for Employee ID: 8245058
2025-05-21 08:16:02,950 - INFO - 💾 Generating 8245058-Darshibi Employee Report...
2025-05-21 08:16:02,958 - INFO - 💾 Generating 8245058-Darshibi Master Report...
2025-05-21 08:16:02,958 - WARNING - ⚠️ Employee ID: 8245058 can't be found in masterdata.xlsx --> Employee
2025-05-21 08:16:03,005 - WARNING - ️⚠️ Cannot determine shift code for Employee ID: 8245059
2025-05-21 08:16:03,024 - INFO - 💾 Generating 8245059-Syarifah Employee Report...
2025-05-21 08:16:03,080 - INFO - 💾 Generating 8245059-Syarifah Master Report...
2025-05-21 08:16:03,082 - WARNING - ⚠️ Employee ID: 8245059 can't be found in masterdata.xlsx --> Employee
2025-05-21 08:16:03,104 - WARNING - ️⚠️ Cannot determine shift code for Employee ID: 8245063
2025-05-21 08:16:03,106 - INFO - 💾 Generating 8245063-Maizatul Employee Report...
2025-05-21 08:16:03,115 - INFO - 💾 Generating 8245063-Maizatul Master Report...
2025-05-21 08:16:03,115 - WARNING - ⚠️ Employee ID: 8245063 can't be found in masterdata.xlsx --> Employee
2025-05-21 08:16:03,164 - WARNING - ️⚠️ Cannot determine shift code for Employee ID: 8245066
2025-05-21 08:16:03,182 - INFO - 💾 Generating 8245066-Siti Asmah Employee Report...
2025-05-21 08:16:03,193 - INFO - 💾 Generating 8245066-Siti Asmah Master Report...
2025-05-21 08:16:03,194 - WARNING - ⚠️ Employee ID: 8245066 can't be found in masterdata.xlsx --> Employee
2025-05-21 08:16:03,217 - WARNING - ️⚠️ Cannot determine shift code for Employee ID: 8245068
2025-05-21 08:16:03,220 - INFO - 💾 Generating 8245068-Agrita Employee Report...
2025-05-21 08:16:03,230 - INFO - 💾 Generating 8245068-Agrita Master Report...
2025-05-21 08:16:03,230 - WARNING - ⚠️ Employee ID: 8245068 can't be found in masterdata.xlsx --> Employee
2025-05-21 08:16:03,285 - WARNING - ️⚠️ Cannot determine shift code for Employee ID: 8248001
2025-05-21 08:16:03,305 - INFO - 💾 Generating 8248001-Saw Aye Employee Report...
2025-05-21 08:16:03,317 - INFO - 💾 Generating 8248001-Saw Aye Master Report...
2025-05-21 08:16:03,318 - WARNING - ⚠️ Employee ID: 8248001 can't be found in masterdata.xlsx --> Employee
2025-05-21 08:16:03,369 - WARNING - ️⚠️ Cannot determine shift code for Employee ID: 8248002
2025-05-21 08:16:03,388 - INFO - 💾 Generating 8248002-Than Saw Employee Report...
2025-05-21 08:16:03,400 - INFO - 💾 Generating 8248002-Than Saw Master Report...
2025-05-21 08:16:03,401 - WARNING - ⚠️ Employee ID: 8248002 can't be found in masterdata.xlsx --> Employee
2025-05-21 08:16:03,447 - WARNING - ️⚠️ Cannot determine shift code for Employee ID: 8248006
2025-05-21 08:16:03,464 - INFO - 💾 Generating 8248006-Nan Win Thazin Yo Employee Report...
2025-05-21 08:16:03,473 - INFO - 💾 Generating 8248006-Nan Win Thazin Yo Master Report...
2025-05-21 08:16:03,474 - WARNING - ⚠️ Employee ID: 8248006 can't be found in masterdata.xlsx --> Employee
2025-05-21 08:16:03,522 - WARNING - ️⚠️ Cannot determine shift code for Employee ID: 8248007
2025-05-21 08:16:03,544 - INFO - 💾 Generating 8248007-Khin Mar Cho Employee Report...
2025-05-21 08:16:03,557 - INFO - 💾 Generating 8248007-Khin Mar Cho Master Report...
2025-05-21 08:16:03,558 - WARNING - ⚠️ Employee ID: 8248007 can't be found in masterdata.xlsx --> Employee
2025-05-21 08:16:03,611 - WARNING - ️⚠️ Cannot determine shift code for Employee ID: 8248013
2025-05-21 08:16:03,629 - INFO - 💾 Generating 8248013-Zin Mar Soe Employee Report...
2025-05-21 08:16:03,640 - INFO - 💾 Generating 8248013-Zin Mar Soe Master Report...
2025-05-21 08:16:03,642 - WARNING - ⚠️ Employee ID: 8248013 can't be found in masterdata.xlsx --> Employee
2025-05-21 08:16:03,689 - WARNING - ️⚠️ Cannot determine shift code for Employee ID: 8248014
2025-05-21 08:16:03,709 - INFO - 💾 Generating 8248014-Mie Thidar Employee Report...
2025-05-21 08:16:03,721 - INFO - 💾 Generating 8248014-Mie Thidar Master Report...
2025-05-21 08:16:03,722 - WARNING - ⚠️ Employee ID: 8248014 can't be found in masterdata.xlsx --> Employee
2025-05-21 08:16:03,778 - WARNING - ️⚠️ Cannot determine shift code for Employee ID: 8248015
2025-05-21 08:16:03,798 - INFO - 💾 Generating 8248015-Myint Kyi Employee Report...
2025-05-21 08:16:03,811 - INFO - 💾 Generating 8248015-Myint Kyi Master Report...
2025-05-21 08:16:03,812 - WARNING - ⚠️ Employee ID: 8248015 can't be found in masterdata.xlsx --> Employee
2025-05-21 08:16:03,859 - WARNING - ️⚠️ Cannot determine shift code for Employee ID: 8248016
2025-05-21 08:16:03,876 - INFO - 💾 Generating 8248016-Soe Soe Tun Employee Report...
2025-05-21 08:16:03,887 - INFO - 💾 Generating 8248016-Soe Soe Tun Master Report...
2025-05-21 08:16:03,888 - WARNING - ⚠️ Employee ID: 8248016 can't be found in masterdata.xlsx --> Employee
2025-05-21 08:16:03,934 - WARNING - ️⚠️ Cannot determine shift code for Employee ID: 8248017
2025-05-21 08:16:03,954 - INFO - 💾 Generating 8248017-Poe Poe Phyu Employee Report...
2025-05-21 08:16:03,968 - INFO - 💾 Generating 8248017-Poe Poe Phyu Master Report...
2025-05-21 08:16:03,969 - WARNING - ⚠️ Employee ID: 8248017 can't be found in masterdata.xlsx --> Employee
2025-05-21 08:16:04,025 - WARNING - ️⚠️ Cannot determine shift code for Employee ID: 8248019
2025-05-21 08:16:04,042 - INFO - 💾 Generating 8248019-Thandar Oo Employee Report...
2025-05-21 08:16:04,052 - INFO - 💾 Generating 8248019-Thandar Oo Master Report...
2025-05-21 08:16:04,053 - WARNING - ⚠️ Employee ID: 8248019 can't be found in masterdata.xlsx --> Employee
2025-05-21 08:16:04,107 - WARNING - ️⚠️ Cannot determine shift code for Employee ID: 8248020
2025-05-21 08:16:04,127 - INFO - 💾 Generating 8248020-Thandar Myo Win Employee Report...
2025-05-21 08:16:04,140 - INFO - 💾 Generating 8248020-Thandar Myo Win Master Report...
2025-05-21 08:16:04,141 - WARNING - ⚠️ Employee ID: 8248020 can't be found in masterdata.xlsx --> Employee
2025-05-21 08:16:04,161 - WARNING - ️⚠️ Cannot determine shift code for Employee ID: 8248021
2025-05-21 08:16:04,164 - INFO - 💾 Generating 8248021-Win Nandar Tun Employee Report...
2025-05-21 08:16:04,173 - INFO - 💾 Generating 8248021-Win Nandar Tun Master Report...
2025-05-21 08:16:04,173 - WARNING - ⚠️ Employee ID: 8248021 can't be found in masterdata.xlsx --> Employee
2025-05-21 08:16:04,196 - WARNING - ️⚠️ Cannot determine shift code for Employee ID: 8248023
2025-05-21 08:16:04,198 - INFO - 💾 Generating 8248023-Ma Khaing Employee Report...
2025-05-21 08:16:04,207 - INFO - 💾 Generating 8248023-Ma Khaing Master Report...
2025-05-21 08:16:04,208 - WARNING - ⚠️ Employee ID: 8248023 can't be found in masterdata.xlsx --> Employee
2025-05-21 08:16:04,263 - WARNING - ️⚠️ Cannot determine shift code for Employee ID: 8248024
2025-05-21 08:16:04,281 - INFO - 💾 Generating 8248024-Saw Eu Employee Report...
2025-05-21 08:16:04,292 - INFO - 💾 Generating 8248024-Saw Eu Master Report...
2025-05-21 08:16:04,293 - WARNING - ⚠️ Employee ID: 8248024 can't be found in masterdata.xlsx --> Employee
2025-05-21 08:16:04,333 - WARNING - ️⚠️ Cannot determine shift code for Employee ID: 8248025
2025-05-21 08:16:04,349 - INFO - 💾 Generating 8248025-Ei Mon Htwe Employee Report...
2025-05-21 08:16:04,359 - INFO - 💾 Generating 8248025-Ei Mon Htwe Master Report...
2025-05-21 08:16:04,360 - WARNING - ⚠️ Employee ID: 8248025 can't be found in masterdata.xlsx --> Employee
2025-05-21 08:16:04,377 - WARNING - ️⚠️ Cannot determine shift code for Employee ID: 8248026
2025-05-21 08:16:04,379 - INFO - 💾 Generating 8248026-Thu Zar Employee Report...
2025-05-21 08:16:04,389 - INFO - 💾 Generating 8248026-Thu Zar Master Report...
2025-05-21 08:16:04,390 - WARNING - ⚠️ Employee ID: 8248026 can't be found in masterdata.xlsx --> Employee
2025-05-21 08:16:04,448 - WARNING - ️⚠️ Cannot determine shift code for Employee ID: 8248027
2025-05-21 08:16:04,470 - INFO - 💾 Generating 8248027-Dar Li Tun Employee Report...
2025-05-21 08:16:04,490 - INFO - 💾 Generating 8248027-Dar Li Tun Master Report...
2025-05-21 08:16:04,490 - WARNING - ⚠️ Employee ID: 8248027 can't be found in masterdata.xlsx --> Employee
2025-05-21 08:16:04,539 - WARNING - ️⚠️ Cannot determine shift code for Employee ID: 8248028
2025-05-21 08:16:04,557 - INFO - 💾 Generating 8248028-Thae Nu Khaing Employee Report...
2025-05-21 08:16:04,568 - INFO - 💾 Generating 8248028-Thae Nu Khaing Master Report...
2025-05-21 08:16:04,569 - WARNING - ⚠️ Employee ID: 8248028 can't be found in masterdata.xlsx --> Employee
2025-05-21 08:16:04,617 - WARNING - ️⚠️ Cannot determine shift code for Employee ID: 8248029
2025-05-21 08:16:04,635 - INFO - 💾 Generating 8248029-Phyu Phyu Nyeinaye Employee Report...
2025-05-21 08:16:04,647 - INFO - 💾 Generating 8248029-Phyu Phyu Nyeinaye Master Report...
2025-05-21 08:16:04,648 - WARNING - ⚠️ Employee ID: 8248029 can't be found in masterdata.xlsx --> Employee
2025-05-21 08:16:04,694 - WARNING - ️⚠️ Cannot determine shift code for Employee ID: 8248030
2025-05-21 08:16:04,711 - INFO - 💾 Generating 8248030-Chaw Sein Employee Report...
2025-05-21 08:16:04,723 - INFO - 💾 Generating 8248030-Chaw Sein Master Report...
2025-05-21 08:16:04,723 - WARNING - ⚠️ Employee ID: 8248030 can't be found in masterdata.xlsx --> Employee
2025-05-21 08:16:04,746 - WARNING - ️⚠️ Cannot determine shift code for Employee ID: 8248031
2025-05-21 08:16:04,749 - INFO - 💾 Generating 8248031-May Thingyan Employee Report...
2025-05-21 08:16:04,759 - INFO - 💾 Generating 8248031-May Thingyan Master Report...
2025-05-21 08:16:04,760 - WARNING - ⚠️ Employee ID: 8248031 can't be found in masterdata.xlsx --> Employee
2025-05-21 08:16:04,810 - WARNING - ️⚠️ Cannot determine shift code for Employee ID: 8248032
2025-05-21 08:16:04,830 - INFO - 💾 Generating 8248032-Ei Ei Aung Employee Report...
2025-05-21 08:16:04,840 - INFO - 💾 Generating 8248032-Ei Ei Aung Master Report...
2025-05-21 08:16:04,841 - WARNING - ⚠️ Employee ID: 8248032 can't be found in masterdata.xlsx --> Employee
2025-05-21 08:16:04,899 - WARNING - ️⚠️ Cannot determine shift code for Employee ID: 8248033
2025-05-21 08:16:04,932 - INFO - 💾 Generating 8248033-Thin Thin Htay Employee Report...
2025-05-21 08:16:04,948 - INFO - 💾 Generating 8248033-Thin Thin Htay Master Report...
2025-05-21 08:16:04,950 - WARNING - ⚠️ Employee ID: 8248033 can't be found in masterdata.xlsx --> Employee
2025-05-21 08:16:05,014 - WARNING - ️⚠️ Cannot determine shift code for Employee ID: 8248034
2025-05-21 08:16:05,037 - INFO - 💾 Generating 8248034-Khin Khin Kyi Employee Report...
2025-05-21 08:16:05,055 - INFO - 💾 Generating 8248034-Khin Khin Kyi Master Report...
2025-05-21 08:16:05,056 - WARNING - ⚠️ Employee ID: 8248034 can't be found in masterdata.xlsx --> Employee
2025-05-21 08:16:05,159 - INFO - 💾 Generating 8252001-Muhammad Sahrilzani Employee Report...
2025-05-21 08:16:05,172 - INFO - 💾 Generating 8252001-Muhammad Sahrilzani Master Report...
2025-05-21 08:16:05,265 - INFO - 💾 Generating 8252002-Yogeswari Employee Report...
2025-05-21 08:16:05,279 - INFO - 💾 Generating 8252002-Yogeswari Master Report...
2025-05-21 08:16:05,359 - INFO - 💾 Generating 8252003-Nurul Izzah Employee Report...
2025-05-21 08:16:05,371 - INFO - 💾 Generating 8252003-Nurul Izzah Master Report...
2025-05-21 08:16:05,445 - INFO - 💾 Generating 8252004-Deniswari Employee Report...
2025-05-21 08:16:05,457 - INFO - 💾 Generating 8252004-Deniswari Master Report...
2025-05-21 08:16:05,539 - INFO - 💾 Generating 8252005-Nornabilah Employee Report...
2025-05-21 08:16:05,597 - INFO - 💾 Generating 8252005-Nornabilah Master Report...
2025-05-21 08:16:05,677 - INFO - 💾 Generating 8252009-Qurratul Aini Employee Report...
2025-05-21 08:16:05,689 - INFO - 💾 Generating 8252009-Qurratul Aini Master Report...
2025-05-21 08:16:05,779 - INFO - 💾 Generating 8252010-Nurul Fatihah Employee Report...
2025-05-21 08:16:05,792 - INFO - 💾 Generating 8252010-Nurul Fatihah Master Report...
2025-05-21 08:16:05,874 - INFO - 💾 Generating 8252011-Siti Nur Nabilah Binti Mohd Rais Employee Report...
2025-05-21 08:16:05,886 - INFO - 💾 Generating 8252011-Siti Nur Nabilah Binti Mohd Rais Master Report...
2025-05-21 08:16:05,917 - INFO - 💾 Generating 8252012-mohd rizal Employee Report...
2025-05-21 08:16:05,926 - INFO - 💾 Generating 8252012-mohd rizal Master Report...
2025-05-21 08:16:06,000 - INFO - 💾 Generating 8252013-Khidir Thong Employee Report...
2025-05-21 08:16:06,012 - INFO - 💾 Generating 8252013-Khidir Thong Master Report...
2025-05-21 08:16:06,085 - INFO - 💾 Generating 8252014-Mohd Aliffazwan Employee Report...
2025-05-21 08:16:06,095 - INFO - 💾 Generating 8252014-Mohd Aliffazwan Master Report...
2025-05-21 08:16:06,170 - INFO - 💾 Generating 8252015-Nur Farah Najihah Employee Report...
2025-05-21 08:16:06,182 - INFO - 💾 Generating 8252015-Nur Farah Najihah Master Report...
2025-05-21 08:16:06,260 - INFO - 💾 Generating 8252016-Yaseil Employee Report...
2025-05-21 08:16:06,272 - INFO - 💾 Generating 8252016-Yaseil Master Report...
2025-05-21 08:16:06,370 - INFO - 💾 Generating 8252017-Wong Si Huey Employee Report...
2025-05-21 08:16:06,384 - INFO - 💾 Generating 8252017-Wong Si Huey Master Report...
2025-05-21 08:16:06,428 - WARNING - ️⚠️ Cannot determine shift code for Employee ID: 8252019
2025-05-21 08:16:06,433 - INFO - 💾 Generating 8252019-Alia Employee Report...
2025-05-21 08:16:06,444 - INFO - 💾 Generating 8252019-Alia Master Report...
2025-05-21 08:16:06,445 - WARNING - ⚠️ Employee ID: 8252019 can't be found in masterdata.xlsx --> Employee
2025-05-21 08:16:06,467 - WARNING - ️⚠️ Cannot determine shift code for Employee ID: 8252020
2025-05-21 08:16:06,469 - INFO - 💾 Generating 8252020-Sarrohjini Ap Sathiamoorty Employee Report...
2025-05-21 08:16:06,479 - INFO - 💾 Generating 8252020-Sarrohjini Ap Sathiamoorty Master Report...
2025-05-21 08:16:06,480 - WARNING - ⚠️ Employee ID: 8252020 can't be found in masterdata.xlsx --> Employee
2025-05-21 08:16:06,566 - INFO - 💾 Generating 8252021-Hemalatha AP Shankar Employee Report...
2025-05-21 08:16:06,580 - INFO - 💾 Generating 8252021-Hemalatha AP Shankar Master Report...
2025-05-21 08:16:06,612 - INFO - 💾 Generating 8252022-Reethaa AP Prakashkumar Employee Report...
2025-05-21 08:16:06,623 - INFO - 💾 Generating 8252022-Reethaa AP Prakashkumar Master Report...
2025-05-21 08:16:06,694 - INFO - 💾 Generating 8252023-Nor Aslinda Employee Report...
2025-05-21 08:16:06,706 - INFO - 💾 Generating 8252023-Nor Aslinda Master Report...
2025-05-21 08:16:06,804 - INFO - 💾 Generating 8252024-Nurshahirah Binti Mohamed Salleh Employee Report...
2025-05-21 08:16:06,816 - INFO - 💾 Generating 8252024-Nurshahirah Binti Mohamed Salleh Master Report...
2025-05-21 08:16:06,849 - INFO - 💾 Generating 8252025-Nur Izni Najwa Employee Report...
2025-05-21 08:16:06,859 - INFO - 💾 Generating 8252025-Nur Izni Najwa Master Report...
2025-05-21 08:16:06,944 - INFO - 💾 Generating 8252026-Noor Lia Employee Report...
2025-05-21 08:16:06,958 - INFO - 💾 Generating 8252026-Noor Lia Master Report...
2025-05-21 08:16:06,990 - INFO - 💾 Generating 8252027-Umu Salamah Employee Report...
2025-05-21 08:16:06,999 - INFO - 💾 Generating 8252027-Umu Salamah Master Report...
2025-05-21 08:16:07,047 - WARNING - ️⚠️ Cannot determine shift code for Employee ID: 8252028
2025-05-21 08:16:07,060 - INFO - 💾 Generating 8252028-Zahidah Employee Report...
2025-05-21 08:16:07,072 - INFO - 💾 Generating 8252028-Zahidah Master Report...
2025-05-21 08:16:07,073 - WARNING - ⚠️ Employee ID: 8252028 can't be found in masterdata.xlsx --> Employee
2025-05-21 08:16:07,100 - WARNING - ️⚠️ Cannot determine shift code for Employee ID: 8252029
2025-05-21 08:16:07,111 - INFO - 💾 Generating 8252029-Jevan AL Ravi Chanderan Employee Report...
2025-05-21 08:16:07,119 - INFO - 💾 Generating 8252029-Jevan AL Ravi Chanderan Master Report...
2025-05-21 08:16:07,120 - WARNING - ⚠️ Employee ID: 8252029 can't be found in masterdata.xlsx --> Employee
2025-05-21 08:16:07,135 - WARNING - ️⚠️ Cannot determine shift code for Employee ID: 8252030
2025-05-21 08:16:07,140 - INFO - 💾 Generating 8252030-Nuurfarahin Binti Mohammed Dan Employee Report...
2025-05-21 08:16:07,148 - INFO - 💾 Generating 8252030-Nuurfarahin Binti Mohammed Dan Master Report...
2025-05-21 08:16:07,149 - WARNING - ⚠️ Employee ID: 8252030 can't be found in masterdata.xlsx --> Employee
2025-05-21 08:16:07,192 - WARNING - ️⚠️ Cannot determine shift code for Employee ID: 8255001
2025-05-21 08:16:07,209 - INFO - 💾 Generating 8255001-Hafizah Employee Report...
2025-05-21 08:16:07,218 - INFO - 💾 Generating 8255001-Hafizah Master Report...
2025-05-21 08:16:07,218 - WARNING - ⚠️ Employee ID: 8255001 can't be found in masterdata.xlsx --> Employee
2025-05-21 08:16:07,268 - WARNING - ️⚠️ Cannot determine shift code for Employee ID: 8255002
2025-05-21 08:16:07,291 - INFO - 💾 Generating 8255002-Fathiah Employee Report...
2025-05-21 08:16:07,304 - INFO - 💾 Generating 8255002-Fathiah Master Report...
2025-05-21 08:16:07,304 - WARNING - ⚠️ Employee ID: 8255002 can't be found in masterdata.xlsx --> Employee
2025-05-21 08:16:07,328 - WARNING - ️⚠️ Cannot determine shift code for Employee ID: 8255005
2025-05-21 08:16:07,331 - INFO - 💾 Generating 8255005-Hanis Nazira Employee Report...
2025-05-21 08:16:07,340 - INFO - 💾 Generating 8255005-Hanis Nazira Master Report...
2025-05-21 08:16:07,340 - WARNING - ⚠️ Employee ID: 8255005 can't be found in masterdata.xlsx --> Employee
2025-05-21 08:16:07,359 - WARNING - ️⚠️ Cannot determine shift code for Employee ID: 8255006
2025-05-21 08:16:07,362 - INFO - 💾 Generating 8255006-8255006 Employee Report...
2025-05-21 08:16:07,371 - INFO - 💾 Generating 8255006-8255006 Master Report...
2025-05-21 08:16:07,371 - WARNING - ⚠️ Employee ID: 8255006 can't be found in masterdata.xlsx --> Employee
2025-05-21 08:16:07,391 - WARNING - ️⚠️ Cannot determine shift code for Employee ID: 8255007
2025-05-21 08:16:07,393 - INFO - 💾 Generating 8255007-Siti Soleha Employee Report...
2025-05-21 08:16:07,402 - INFO - 💾 Generating 8255007-Siti Soleha Master Report...
2025-05-21 08:16:07,403 - WARNING - ⚠️ Employee ID: 8255007 can't be found in masterdata.xlsx --> Employee
2025-05-21 08:16:07,424 - WARNING - ️⚠️ Cannot determine shift code for Employee ID: 8255009
2025-05-21 08:16:07,426 - INFO - 💾 Generating 8255009-Rafeah Employee Report...
2025-05-21 08:16:07,436 - INFO - 💾 Generating 8255009-Rafeah Master Report...
2025-05-21 08:16:07,437 - WARNING - ⚠️ Employee ID: 8255009 can't be found in masterdata.xlsx --> Employee
2025-05-21 08:16:07,458 - WARNING - ️⚠️ Cannot determine shift code for Employee ID: 8255010
2025-05-21 08:16:07,462 - INFO - 💾 Generating 8255010-Siti Nur Farahim Employee Report...
2025-05-21 08:16:07,470 - INFO - 💾 Generating 8255010-Siti Nur Farahim Master Report...
2025-05-21 08:16:07,471 - WARNING - ⚠️ Employee ID: 8255010 can't be found in masterdata.xlsx --> Employee
2025-05-21 08:16:07,524 - WARNING - ️⚠️ Cannot determine shift code for Employee ID: 8255011
2025-05-21 08:16:07,541 - INFO - 💾 Generating 8255011-Agrieyelen Employee Report...
2025-05-21 08:16:07,552 - INFO - 💾 Generating 8255011-Agrieyelen Master Report...
2025-05-21 08:16:07,553 - WARNING - ⚠️ Employee ID: 8255011 can't be found in masterdata.xlsx --> Employee
2025-05-21 08:16:07,570 - WARNING - ️⚠️ Cannot determine shift code for Employee ID: 8255012
2025-05-21 08:16:07,573 - INFO - 💾 Generating 8255012-Norasikin Employee Report...
2025-05-21 08:16:07,582 - INFO - 💾 Generating 8255012-Norasikin Master Report...
2025-05-21 08:16:07,582 - WARNING - ⚠️ Employee ID: 8255012 can't be found in masterdata.xlsx --> Employee
2025-05-21 08:16:07,602 - WARNING - ️⚠️ Cannot determine shift code for Employee ID: 8255014
2025-05-21 08:16:07,604 - INFO - 💾 Generating 8255014-noor ain Employee Report...
2025-05-21 08:16:07,614 - INFO - 💾 Generating 8255014-noor ain Master Report...
2025-05-21 08:16:07,615 - WARNING - ⚠️ Employee ID: 8255014 can't be found in masterdata.xlsx --> Employee
2025-05-21 08:16:07,642 - WARNING - ️⚠️ Cannot determine shift code for Employee ID: 8255018
2025-05-21 08:16:07,645 - INFO - 💾 Generating 8255018-Putri Aisyah Employee Report...
2025-05-21 08:16:07,659 - INFO - 💾 Generating 8255018-Putri Aisyah Master Report...
2025-05-21 08:16:07,660 - WARNING - ⚠️ Employee ID: 8255018 can't be found in masterdata.xlsx --> Employee
2025-05-21 08:16:07,687 - WARNING - ️⚠️ Cannot determine shift code for Employee ID: 8255020
2025-05-21 08:16:07,690 - INFO - 💾 Generating 8255020-Nur Linda Binti Mohamad Kiraman Employee Report...
2025-05-21 08:16:07,757 - INFO - 💾 Generating 8255020-Nur Linda Binti Mohamad Kiraman Master Report...
2025-05-21 08:16:07,758 - WARNING - ⚠️ Employee ID: 8255020 can't be found in masterdata.xlsx --> Employee
2025-05-21 08:16:07,779 - WARNING - ️⚠️ Cannot determine shift code for Employee ID: 8255021
2025-05-21 08:16:07,781 - INFO - 💾 Generating 8255021-Eesvari Subramaniam Employee Report...
2025-05-21 08:16:07,790 - INFO - 💾 Generating 8255021-Eesvari Subramaniam Master Report...
2025-05-21 08:16:07,792 - WARNING - ⚠️ Employee ID: 8255021 can't be found in masterdata.xlsx --> Employee
2025-05-21 08:16:07,814 - WARNING - ️⚠️ Cannot determine shift code for Employee ID: 8255024
2025-05-21 08:16:07,817 - INFO - 💾 Generating 8255024-Hamidah Binti Sentol Employee Report...
2025-05-21 08:16:07,828 - INFO - 💾 Generating 8255024-Hamidah Binti Sentol Master Report...
2025-05-21 08:16:07,829 - WARNING - ⚠️ Employee ID: 8255024 can't be found in masterdata.xlsx --> Employee
2025-05-21 08:16:07,850 - WARNING - ️⚠️ Cannot determine shift code for Employee ID: 8255030
2025-05-21 08:16:07,852 - INFO - 💾 Generating 8255030-Alice Employee Report...
2025-05-21 08:16:07,862 - INFO - 💾 Generating 8255030-Alice Master Report...
2025-05-21 08:16:07,863 - WARNING - ⚠️ Employee ID: 8255030 can't be found in masterdata.xlsx --> Employee
2025-05-21 08:16:07,884 - WARNING - ️⚠️ Cannot determine shift code for Employee ID: 8255034
2025-05-21 08:16:07,887 - INFO - 💾 Generating 8255034-Nur Aliesya Employee Report...
2025-05-21 08:16:07,894 - INFO - 💾 Generating 8255034-Nur Aliesya Master Report...
2025-05-21 08:16:07,895 - WARNING - ⚠️ Employee ID: 8255034 can't be found in masterdata.xlsx --> Employee
2025-05-21 08:16:07,936 - WARNING - ️⚠️ Cannot determine shift code for Employee ID: 8255035
2025-05-21 08:16:07,951 - INFO - 💾 Generating 8255035-Siti Suhana Employee Report...
2025-05-21 08:16:07,961 - INFO - 💾 Generating 8255035-Siti Suhana Master Report...
2025-05-21 08:16:07,962 - WARNING - ⚠️ Employee ID: 8255035 can't be found in masterdata.xlsx --> Employee
2025-05-21 08:16:07,982 - WARNING - ️⚠️ Cannot determine shift code for Employee ID: 8255036
2025-05-21 08:16:07,985 - INFO - 💾 Generating 8255036-Nurul Syahira Ashiqin Employee Report...
2025-05-21 08:16:07,995 - INFO - 💾 Generating 8255036-Nurul Syahira Ashiqin Master Report...
2025-05-21 08:16:07,997 - WARNING - ⚠️ Employee ID: 8255036 can't be found in masterdata.xlsx --> Employee
2025-05-21 08:16:08,019 - WARNING - ️⚠️ Cannot determine shift code for Employee ID: 8255037
2025-05-21 08:16:08,025 - INFO - 💾 Generating 8255037-Devi AP Arasamani Employee Report...
2025-05-21 08:16:08,033 - INFO - 💾 Generating 8255037-Devi AP Arasamani Master Report...
2025-05-21 08:16:08,035 - WARNING - ⚠️ Employee ID: 8255037 can't be found in masterdata.xlsx --> Employee
2025-05-21 08:16:08,057 - WARNING - ️⚠️ Cannot determine shift code for Employee ID: 8255038
2025-05-21 08:16:08,059 - INFO - 💾 Generating 8255038-Nurain Nabilah Employee Report...
2025-05-21 08:16:08,069 - INFO - 💾 Generating 8255038-Nurain Nabilah Master Report...
2025-05-21 08:16:08,070 - WARNING - ⚠️ Employee ID: 8255038 can't be found in masterdata.xlsx --> Employee
2025-05-21 08:16:08,090 - WARNING - ️⚠️ Cannot determine shift code for Employee ID: 8255039
2025-05-21 08:16:08,093 - INFO - 💾 Generating 8255039-Nur Asyikin Binti Hamidon Employee Report...
2025-05-21 08:16:08,102 - INFO - 💾 Generating 8255039-Nur Asyikin Binti Hamidon Master Report...
2025-05-21 08:16:08,103 - WARNING - ⚠️ Employee ID: 8255039 can't be found in masterdata.xlsx --> Employee
2025-05-21 08:16:08,127 - WARNING - ️⚠️ Cannot determine shift code for Employee ID: 8255040
2025-05-21 08:16:08,133 - INFO - 💾 Generating 8255040-Kirthineswary Employee Report...
2025-05-21 08:16:08,143 - INFO - 💾 Generating 8255040-Kirthineswary Master Report...
2025-05-21 08:16:08,144 - WARNING - ⚠️ Employee ID: 8255040 can't be found in masterdata.xlsx --> Employee
2025-05-21 08:16:08,195 - WARNING - ️⚠️ Cannot determine shift code for Employee ID: 8255041
2025-05-21 08:16:08,214 - INFO - 💾 Generating 8255041-Agrissah Jalani Employee Report...
2025-05-21 08:16:08,226 - INFO - 💾 Generating 8255041-Agrissah Jalani Master Report...
2025-05-21 08:16:08,227 - WARNING - ⚠️ Employee ID: 8255041 can't be found in masterdata.xlsx --> Employee
2025-05-21 08:16:08,280 - WARNING - ️⚠️ Cannot determine shift code for Employee ID: 8255042
2025-05-21 08:16:08,297 - INFO - 💾 Generating 8255042-Ashvini AP Shanmugarajah Employee Report...
2025-05-21 08:16:08,309 - INFO - 💾 Generating 8255042-Ashvini AP Shanmugarajah Master Report...
2025-05-21 08:16:08,310 - WARNING - ⚠️ Employee ID: 8255042 can't be found in masterdata.xlsx --> Employee
2025-05-21 08:16:08,332 - WARNING - ️⚠️ Cannot determine shift code for Employee ID: 8255043
2025-05-21 08:16:08,334 - INFO - 💾 Generating 8255043-Sharmila AP Shanmugarajah Employee Report...
2025-05-21 08:16:08,344 - INFO - 💾 Generating 8255043-Sharmila AP Shanmugarajah Master Report...
2025-05-21 08:16:08,345 - WARNING - ⚠️ Employee ID: 8255043 can't be found in masterdata.xlsx --> Employee
2025-05-21 08:16:08,367 - WARNING - ️⚠️ Cannot determine shift code for Employee ID: 8255044
2025-05-21 08:16:08,370 - INFO - 💾 Generating 8255044-Kamini AP Chandraagaran Employee Report...
2025-05-21 08:16:08,380 - INFO - 💾 Generating 8255044-Kamini AP Chandraagaran Master Report...
2025-05-21 08:16:08,381 - WARNING - ⚠️ Employee ID: 8255044 can't be found in masterdata.xlsx --> Employee
2025-05-21 08:16:08,403 - WARNING - ️⚠️ Cannot determine shift code for Employee ID: 8255045
2025-05-21 08:16:08,406 - INFO - 💾 Generating 8255045-Nur Fazrienz Fasihin Employee Report...
2025-05-21 08:16:08,416 - INFO - 💾 Generating 8255045-Nur Fazrienz Fasihin Master Report...
2025-05-21 08:16:08,417 - WARNING - ⚠️ Employee ID: 8255045 can't be found in masterdata.xlsx --> Employee
2025-05-21 08:16:08,438 - WARNING - ️⚠️ Cannot determine shift code for Employee ID: 8255046
2025-05-21 08:16:08,440 - INFO - 💾 Generating 8255046-Sarah Najlaa Bt SH Razi Employee Report...
2025-05-21 08:16:08,450 - INFO - 💾 Generating 8255046-Sarah Najlaa Bt SH Razi Master Report...
2025-05-21 08:16:08,451 - WARNING - ⚠️ Employee ID: 8255046 can't be found in masterdata.xlsx --> Employee
2025-05-21 08:16:08,472 - WARNING - ️⚠️ Cannot determine shift code for Employee ID: 8255048
2025-05-21 08:16:08,475 - INFO - 💾 Generating 8255048-Megala AP Muruthi Employee Report...
2025-05-21 08:16:08,484 - INFO - 💾 Generating 8255048-Megala AP Muruthi Master Report...
2025-05-21 08:16:08,484 - WARNING - ⚠️ Employee ID: 8255048 can't be found in masterdata.xlsx --> Employee
2025-05-21 08:16:08,509 - WARNING - ️⚠️ Cannot determine shift code for Employee ID: 8255049
2025-05-21 08:16:08,511 - INFO - 💾 Generating 8255049-Hemalatha AP Velayuthan Employee Report...
2025-05-21 08:16:08,522 - INFO - 💾 Generating 8255049-Hemalatha AP Velayuthan Master Report...
2025-05-21 08:16:08,523 - WARNING - ⚠️ Employee ID: 8255049 can't be found in masterdata.xlsx --> Employee
2025-05-21 08:16:08,546 - WARNING - ️⚠️ Cannot determine shift code for Employee ID: 8255050
2025-05-21 08:16:08,549 - INFO - 💾 Generating 8255050-Mohana AP Velayuthan Employee Report...
2025-05-21 08:16:08,558 - INFO - 💾 Generating 8255050-Mohana AP Velayuthan Master Report...
2025-05-21 08:16:08,559 - WARNING - ⚠️ Employee ID: 8255050 can't be found in masterdata.xlsx --> Employee
2025-05-21 08:16:08,581 - WARNING - ️⚠️ Cannot determine shift code for Employee ID: 8255052
2025-05-21 08:16:08,583 - INFO - 💾 Generating 8255052-Nor Aqilah Uzma Binti Roslan Employee Report...
2025-05-21 08:16:08,593 - INFO - 💾 Generating 8255052-Nor Aqilah Uzma Binti Roslan Master Report...
2025-05-21 08:16:08,593 - WARNING - ⚠️ Employee ID: 8255052 can't be found in masterdata.xlsx --> Employee
2025-05-21 08:16:08,611 - WARNING - ️⚠️ Cannot determine shift code for Employee ID: 8255053
2025-05-21 08:16:08,614 - INFO - 💾 Generating 8255053-Masminah Binti Julganah Employee Report...
2025-05-21 08:16:08,623 - INFO - 💾 Generating 8255053-Masminah Binti Julganah Master Report...
2025-05-21 08:16:08,625 - WARNING - ⚠️ Employee ID: 8255053 can't be found in masterdata.xlsx --> Employee
2025-05-21 08:16:08,654 - WARNING - ️⚠️ Cannot determine shift code for Employee ID: 8255054
2025-05-21 08:16:08,658 - INFO - 💾 Generating 8255054-Nur Alia Binti Mohamad Amzah Employee Report...
2025-05-21 08:16:08,669 - INFO - 💾 Generating 8255054-Nur Alia Binti Mohamad Amzah Master Report...
2025-05-21 08:16:08,670 - WARNING - ⚠️ Employee ID: 8255054 can't be found in masterdata.xlsx --> Employee
2025-05-21 08:16:08,688 - WARNING - ️⚠️ Cannot determine shift code for Employee ID: 8255055
2025-05-21 08:16:08,695 - INFO - 💾 Generating 8255055-Paula Anak Menjang Employee Report...
2025-05-21 08:16:08,706 - INFO - 💾 Generating 8255055-Paula Anak Menjang Master Report...
2025-05-21 08:16:08,707 - WARNING - ⚠️ Employee ID: 8255055 can't be found in masterdata.xlsx --> Employee
2025-05-21 08:16:08,725 - WARNING - ️⚠️ Cannot determine shift code for Employee ID: 8255056
2025-05-21 08:16:08,732 - INFO - 💾 Generating 8255056-Aidrin Ding Employee Report...
2025-05-21 08:16:08,741 - INFO - 💾 Generating 8255056-Aidrin Ding Master Report...
2025-05-21 08:16:08,742 - WARNING - ⚠️ Employee ID: 8255056 can't be found in masterdata.xlsx --> Employee
2025-05-21 08:16:08,758 - WARNING - ️⚠️ Cannot determine shift code for Employee ID: 8255057
2025-05-21 08:16:08,762 - INFO - 💾 Generating 8255057-Nor Shaeera Binti Yahya Employee Report...
2025-05-21 08:16:08,770 - INFO - 💾 Generating 8255057-Nor Shaeera Binti Yahya Master Report...
2025-05-21 08:16:08,773 - WARNING - ⚠️ Employee ID: 8255057 can't be found in masterdata.xlsx --> Employee
2025-05-21 08:16:08,823 - WARNING - ️⚠️ Cannot determine shift code for Employee ID: 8258001
2025-05-21 08:16:08,842 - INFO - 💾 Generating 8258001-Aye Mya Mon Employee Report...
2025-05-21 08:16:08,855 - INFO - 💾 Generating 8258001-Aye Mya Mon Master Report...
2025-05-21 08:16:08,856 - WARNING - ⚠️ Employee ID: 8258001 can't be found in masterdata.xlsx --> Employee
2025-05-21 08:16:08,912 - WARNING - ️⚠️ Cannot determine shift code for Employee ID: 8258002
2025-05-21 08:16:08,929 - INFO - 💾 Generating 8258002-Thwe Thwe Phyo Employee Report...
2025-05-21 08:16:08,940 - INFO - 💾 Generating 8258002-Thwe Thwe Phyo Master Report...
2025-05-21 08:16:08,941 - WARNING - ⚠️ Employee ID: 8258002 can't be found in masterdata.xlsx --> Employee
2025-05-21 08:16:08,983 - WARNING - ️⚠️ Cannot determine shift code for Employee ID: 8258003
2025-05-21 08:16:08,996 - INFO - 💾 Generating 8258003-Soe Hnin Nwe Employee Report...
2025-05-21 08:16:09,006 - INFO - 💾 Generating 8258003-Soe Hnin Nwe Master Report...
2025-05-21 08:16:09,007 - WARNING - ⚠️ Employee ID: 8258003 can't be found in masterdata.xlsx --> Employee
2025-05-21 08:16:09,046 - WARNING - ️⚠️ Cannot determine shift code for Employee ID: 8258004
2025-05-21 08:16:09,052 - INFO - 💾 Generating 8258004-Myat Wint Yee Employee Report...
2025-05-21 08:16:09,067 - INFO - 💾 Generating 8258004-Myat Wint Yee Master Report...
2025-05-21 08:16:09,068 - WARNING - ⚠️ Employee ID: 8258004 can't be found in masterdata.xlsx --> Employee
2025-05-21 08:16:09,129 - WARNING - ️⚠️ Cannot determine shift code for Employee ID: 8258005
2025-05-21 08:16:09,149 - INFO - 💾 Generating 8258005-Kyal Zin Oo Employee Report...
2025-05-21 08:16:09,161 - INFO - 💾 Generating 8258005-Kyal Zin Oo Master Report...
2025-05-21 08:16:09,163 - WARNING - ⚠️ Employee ID: 8258005 can't be found in masterdata.xlsx --> Employee
2025-05-21 08:16:09,216 - WARNING - ️⚠️ Cannot determine shift code for Employee ID: 8258006
2025-05-21 08:16:09,235 - INFO - 💾 Generating 8258006-Zin Mar Soe Employee Report...
2025-05-21 08:16:09,248 - INFO - 💾 Generating 8258006-Zin Mar Soe Master Report...
2025-05-21 08:16:09,249 - WARNING - ⚠️ Employee ID: 8258006 can't be found in masterdata.xlsx --> Employee
2025-05-21 08:16:09,308 - WARNING - ️⚠️ Cannot determine shift code for Employee ID: 8258007
2025-05-21 08:16:09,326 - INFO - 💾 Generating 8258007-Thu Zar Win Employee Report...
2025-05-21 08:16:09,338 - INFO - 💾 Generating 8258007-Thu Zar Win Master Report...
2025-05-21 08:16:09,339 - WARNING - ⚠️ Employee ID: 8258007 can't be found in masterdata.xlsx --> Employee
2025-05-21 08:16:09,382 - WARNING - ️⚠️ Cannot determine shift code for Employee ID: 8258008
2025-05-21 08:16:09,398 - INFO - 💾 Generating 8258008-Than Than Khaing Employee Report...
2025-05-21 08:16:09,409 - INFO - 💾 Generating 8258008-Than Than Khaing Master Report...
2025-05-21 08:16:09,410 - WARNING - ⚠️ Employee ID: 8258008 can't be found in masterdata.xlsx --> Employee
2025-05-21 08:16:09,452 - WARNING - ️⚠️ Cannot determine shift code for Employee ID: 8258009
2025-05-21 08:16:09,467 - INFO - 💾 Generating 8258009-Thin Thin Ngwe Employee Report...
2025-05-21 08:16:09,478 - INFO - 💾 Generating 8258009-Thin Thin Ngwe Master Report...
2025-05-21 08:16:09,479 - WARNING - ⚠️ Employee ID: 8258009 can't be found in masterdata.xlsx --> Employee
2025-05-21 08:16:09,498 - WARNING - ️⚠️ Cannot determine shift code for Employee ID: 8258010
2025-05-21 08:16:09,500 - INFO - 💾 Generating 8258010-Zue Zue Kyaw Employee Report...
2025-05-21 08:16:09,509 - INFO - 💾 Generating 8258010-Zue Zue Kyaw Master Report...
2025-05-21 08:16:09,510 - WARNING - ⚠️ Employee ID: 8258010 can't be found in masterdata.xlsx --> Employee
2025-05-21 08:16:09,533 - WARNING - ️⚠️ Cannot determine shift code for Employee ID: 8258011
2025-05-21 08:16:09,537 - INFO - 💾 Generating 8258011-Tin Mar Aye Employee Report...
2025-05-21 08:16:09,549 - INFO - 💾 Generating 8258011-Tin Mar Aye Master Report...
2025-05-21 08:16:09,550 - WARNING - ⚠️ Employee ID: 8258011 can't be found in masterdata.xlsx --> Employee
2025-05-21 08:16:09,576 - WARNING - ️⚠️ Cannot determine shift code for Employee ID: 8258012
2025-05-21 08:16:09,578 - INFO - 💾 Generating 8258012-Wathan Nay Lin Employee Report...
2025-05-21 08:16:09,587 - INFO - 💾 Generating 8258012-Wathan Nay Lin Master Report...
2025-05-21 08:16:09,588 - WARNING - ⚠️ Employee ID: 8258012 can't be found in masterdata.xlsx --> Employee
2025-05-21 08:16:09,642 - WARNING - ️⚠️ Cannot determine shift code for Employee ID: 8258013
2025-05-21 08:16:09,660 - INFO - 💾 Generating 8258013-Moe Thuzar Employee Report...
2025-05-21 08:16:09,672 - INFO - 💾 Generating 8258013-Moe Thuzar Master Report...
2025-05-21 08:16:09,673 - WARNING - ⚠️ Employee ID: 8258013 can't be found in masterdata.xlsx --> Employee
2025-05-21 08:16:09,694 - WARNING - ️⚠️ Cannot determine shift code for Employee ID: 8258014
2025-05-21 08:16:09,697 - INFO - 💾 Generating 8258014-Khaing Zar Aung Employee Report...
2025-05-21 08:16:09,705 - INFO - 💾 Generating 8258014-Khaing Zar Aung Master Report...
2025-05-21 08:16:09,706 - WARNING - ⚠️ Employee ID: 8258014 can't be found in masterdata.xlsx --> Employee
2025-05-21 08:16:09,726 - WARNING - ️⚠️ Cannot determine shift code for Employee ID: 8258015
2025-05-21 08:16:09,727 - INFO - 💾 Generating 8258015-Zar Zar OO Employee Report...
2025-05-21 08:16:09,736 - INFO - 💾 Generating 8258015-Zar Zar OO Master Report...
2025-05-21 08:16:09,737 - WARNING - ⚠️ Employee ID: 8258015 can't be found in masterdata.xlsx --> Employee
2025-05-21 08:16:09,780 - WARNING - ️⚠️ Cannot determine shift code for Employee ID: 8258016
2025-05-21 08:16:09,795 - INFO - 💾 Generating 8258016-Yin May Win Employee Report...
2025-05-21 08:16:09,875 - INFO - 💾 Generating 8258016-Yin May Win Master Report...
2025-05-21 08:16:09,877 - WARNING - ⚠️ Employee ID: 8258016 can't be found in masterdata.xlsx --> Employee
2025-05-21 08:16:09,905 - WARNING - ️⚠️ Cannot determine shift code for Employee ID: 8258017
2025-05-21 08:16:09,908 - INFO - 💾 Generating 8258017-Zin Mar Khaing Employee Report...
2025-05-21 08:16:09,922 - INFO - 💾 Generating 8258017-Zin Mar Khaing Master Report...
2025-05-21 08:16:09,923 - WARNING - ⚠️ Employee ID: 8258017 can't be found in masterdata.xlsx --> Employee
2025-05-21 08:16:09,950 - WARNING - ️⚠️ Cannot determine shift code for Employee ID: 8258018
2025-05-21 08:16:09,953 - INFO - 💾 Generating 8258018-Nyein Nyein Khaing Employee Report...
2025-05-21 08:16:09,965 - INFO - 💾 Generating 8258018-Nyein Nyein Khaing Master Report...
2025-05-21 08:16:09,967 - WARNING - ⚠️ Employee ID: 8258018 can't be found in masterdata.xlsx --> Employee
2025-05-21 08:16:09,992 - WARNING - ️⚠️ Cannot determine shift code for Employee ID: 8258019
2025-05-21 08:16:09,995 - INFO - 💾 Generating 8258019-Myint Myint Than Employee Report...
2025-05-21 08:16:10,005 - INFO - 💾 Generating 8258019-Myint Myint Than Master Report...
2025-05-21 08:16:10,006 - WARNING - ⚠️ Employee ID: 8258019 can't be found in masterdata.xlsx --> Employee
2025-05-21 08:16:10,059 - WARNING - ️⚠️ Cannot determine shift code for Employee ID: 8258020
2025-05-21 08:16:10,078 - INFO - 💾 Generating 8258020-Than Than Soe Employee Report...
2025-05-21 08:16:10,092 - INFO - 💾 Generating 8258020-Than Than Soe Master Report...
2025-05-21 08:16:10,093 - WARNING - ⚠️ Employee ID: 8258020 can't be found in masterdata.xlsx --> Employee
2025-05-21 08:16:10,147 - WARNING - ️⚠️ Cannot determine shift code for Employee ID: 8258021
2025-05-21 08:16:10,167 - INFO - 💾 Generating 8258021-Pyae Pyae Soe Employee Report...
2025-05-21 08:16:10,180 - INFO - 💾 Generating 8258021-Pyae Pyae Soe Master Report...
2025-05-21 08:16:10,181 - WARNING - ⚠️ Employee ID: 8258021 can't be found in masterdata.xlsx --> Employee
2025-05-21 08:16:10,233 - WARNING - ️⚠️ Cannot determine shift code for Employee ID: 8258022
2025-05-21 08:16:10,252 - INFO - 💾 Generating 8258022-Lae Lae Aung Employee Report...
2025-05-21 08:16:10,263 - INFO - 💾 Generating 8258022-Lae Lae Aung Master Report...
2025-05-21 08:16:10,264 - WARNING - ⚠️ Employee ID: 8258022 can't be found in masterdata.xlsx --> Employee
2025-05-21 08:16:10,314 - WARNING - ️⚠️ Cannot determine shift code for Employee ID: 8258023
2025-05-21 08:16:10,337 - INFO - 💾 Generating 8258023-Shwe Mi Employee Report...
2025-05-21 08:16:10,348 - INFO - 💾 Generating 8258023-Shwe Mi Master Report...
2025-05-21 08:16:10,349 - WARNING - ⚠️ Employee ID: 8258023 can't be found in masterdata.xlsx --> Employee
2025-05-21 08:16:10,403 - WARNING - ️⚠️ Cannot determine shift code for Employee ID: 8258024
2025-05-21 08:16:10,424 - INFO - 💾 Generating 8258024-Zin Mar Wai Employee Report...
2025-05-21 08:16:10,436 - INFO - 💾 Generating 8258024-Zin Mar Wai Master Report...
2025-05-21 08:16:10,436 - WARNING - ⚠️ Employee ID: 8258024 can't be found in masterdata.xlsx --> Employee
2025-05-21 08:16:10,490 - WARNING - ️⚠️ Cannot determine shift code for Employee ID: 8258025
2025-05-21 08:16:10,510 - INFO - 💾 Generating 8258025-Hnin Wutt Yi Employee Report...
2025-05-21 08:16:10,524 - INFO - 💾 Generating 8258025-Hnin Wutt Yi Master Report...
2025-05-21 08:16:10,525 - WARNING - ⚠️ Employee ID: 8258025 can't be found in masterdata.xlsx --> Employee
2025-05-21 08:16:10,575 - WARNING - ️⚠️ Cannot determine shift code for Employee ID: 8258026
2025-05-21 08:16:10,593 - INFO - 💾 Generating 8258026-Than Win Khaing Employee Report...
2025-05-21 08:16:10,605 - INFO - 💾 Generating 8258026-Than Win Khaing Master Report...
2025-05-21 08:16:10,607 - WARNING - ⚠️ Employee ID: 8258026 can't be found in masterdata.xlsx --> Employee
2025-05-21 08:16:10,652 - WARNING - ️⚠️ Cannot determine shift code for Employee ID: 8258027
2025-05-21 08:16:10,667 - INFO - 💾 Generating 8258027-Chaw Yadanr Khaing Employee Report...
2025-05-21 08:16:10,680 - INFO - 💾 Generating 8258027-Chaw Yadanr Khaing Master Report...
2025-05-21 08:16:10,681 - WARNING - ⚠️ Employee ID: 8258027 can't be found in masterdata.xlsx --> Employee
2025-05-21 08:16:10,733 - WARNING - ️⚠️ Cannot determine shift code for Employee ID: 8258028
2025-05-21 08:16:10,752 - INFO - 💾 Generating 8258028-Nu Nu Wai Employee Report...
2025-05-21 08:16:10,765 - INFO - 💾 Generating 8258028-Nu Nu Wai Master Report...
2025-05-21 08:16:10,766 - WARNING - ⚠️ Employee ID: 8258028 can't be found in masterdata.xlsx --> Employee
2025-05-21 08:16:10,797 - WARNING - ️⚠️ Cannot determine shift code for Employee ID: 8258029
2025-05-21 08:16:10,808 - INFO - 💾 Generating 8258029-Chamar Diwakar Employee Report...
2025-05-21 08:16:10,817 - INFO - 💾 Generating 8258029-Chamar Diwakar Master Report...
2025-05-21 08:16:10,818 - WARNING - ⚠️ Employee ID: 8258029 can't be found in masterdata.xlsx --> Employee
2025-05-21 08:16:10,845 - WARNING - ️⚠️ Cannot determine shift code for Employee ID: 8258030
2025-05-21 08:16:10,854 - INFO - 💾 Generating 8258030-Bhim Bahadur Thapa Employee Report...
2025-05-21 08:16:10,863 - INFO - 💾 Generating 8258030-Bhim Bahadur Thapa Master Report...
2025-05-21 08:16:10,863 - WARNING - ⚠️ Employee ID: 8258030 can't be found in masterdata.xlsx --> Employee
2025-05-21 08:16:10,913 - WARNING - ️⚠️ Cannot determine shift code for Employee ID: 8275065
2025-05-21 08:16:10,936 - INFO - 💾 Generating 8275065-Siti Nor Aisyah Employee Report...
2025-05-21 08:16:10,951 - INFO - 💾 Generating 8275065-Siti Nor Aisyah Master Report...
2025-05-21 08:16:10,952 - WARNING - ⚠️ Employee ID: 8275065 can't be found in masterdata.xlsx --> Employee
2025-05-21 08:16:10,952 - INFO - 💾 Saving in progress...Please be patient
