2025-05-21 08:10:14,944 - INFO - 📁 Reading masterdata.xlsx...
2025-05-21 08:10:15,266 - INFO - 📊️ Data Processing...
2025-05-21 08:10:15,448 - INFO - 💾 Generating 8232001-Hsieh Yu Ting Employee Report...
2025-05-21 08:10:15,460 - INFO - 💾 Generating 8232001-Hsieh Yu Ting Master Report...
2025-05-21 08:10:15,540 - INFO - 💾 Generating 8232003-Muhammad Irfan bin Mohamad Employee Report...
2025-05-21 08:10:15,550 - INFO - 💾 Generating 8232003-Muhammad Irfan bin Mohamad Master Report...
2025-05-21 08:10:15,629 - INFO - 💾 Generating 8232005-Siti Norhafiza binti Idris Employee Report...
2025-05-21 08:10:15,642 - INFO - 💾 Generating 8232005-Siti Norhafiza binti Idris Master Report...
2025-05-21 08:10:15,664 - WARNING - ️⚠️ Cannot determine shift code for Employee ID: 8232006
2025-05-21 08:10:15,666 - INFO - 💾 Generating 8232006-Zoey Pok Employee Report...
2025-05-21 08:10:15,675 - INFO - 💾 Generating 8232006-Zoey Pok Master Report...
2025-05-21 08:10:15,676 - WARNING - ⚠️ Employee ID: 8232006 can't be found in masterdata.xlsx --> Employee
2025-05-21 08:10:15,757 - INFO - 💾 Generating 8232010-Kwak Fang Wei Employee Report...
2025-05-21 08:10:15,770 - INFO - 💾 Generating 8232010-Kwak Fang Wei Master Report...
2025-05-21 08:10:15,871 - INFO - 💾 Generating 8232011-Nurshuhaily Binti Zainisiam Employee Report...
2025-05-21 08:10:15,884 - INFO - 💾 Generating 8232011-Nurshuhaily Binti Zainisiam Master Report...
2025-05-21 08:10:15,976 - INFO - 💾 Generating 8232015-Nurul Iyiani binti Sazali Employee Report...
2025-05-21 08:10:15,988 - INFO - 💾 Generating 8232015-Nurul Iyiani binti Sazali Master Report...
2025-05-21 08:10:16,081 - INFO - 💾 Generating 8242001-Nurse Fatiha binti Hamzah Employee Report...
2025-05-21 08:10:16,093 - INFO - 💾 Generating 8242001-Nurse Fatiha binti Hamzah Master Report...
2025-05-21 08:10:16,191 - INFO - 💾 Generating 8242003-Muhammad Khirrudin bin Mohamad Lassim Employee Report...
2025-05-21 08:10:16,203 - INFO - 💾 Generating 8242003-Muhammad Khirrudin bin Mohamad Lassim Master Report...
2025-05-21 08:10:16,294 - INFO - 💾 Generating 8242005-Felicia Wong Employee Report...
2025-05-21 08:10:16,305 - INFO - 💾 Generating 8242005-Felicia Wong Master Report...
2025-05-21 08:10:16,388 - INFO - 💾 Generating 8242011-Siti Saleha Binti Alias Employee Report...
2025-05-21 08:10:16,400 - INFO - 💾 Generating 8242011-Siti Saleha Binti Alias Master Report...
2025-05-21 08:10:16,486 - INFO - 💾 Generating 8242012-Nur Najwa Atasha binti Muhamad Employee Report...
2025-05-21 08:10:16,498 - INFO - 💾 Generating 8242012-Nur Najwa Atasha binti Muhamad Master Report...
2025-05-21 08:10:16,580 - INFO - 💾 Generating 8242013-Illayarani AP Moohan Employee Report...
2025-05-21 08:10:16,591 - INFO - 💾 Generating 8242013-Illayarani AP Moohan Master Report...
2025-05-21 08:10:16,673 - INFO - 💾 Generating 8242015-Norsyakiela binti Sini Employee Report...
2025-05-21 08:10:16,685 - INFO - 💾 Generating 8242015-Norsyakiela binti Sini Master Report...
2025-05-21 08:10:16,779 - INFO - 💾 Generating 8242016-Nurul Ellya Izzati Employee Report...
2025-05-21 08:10:16,790 - INFO - 💾 Generating 8242016-Nurul Ellya Izzati Master Report...
2025-05-21 08:10:16,870 - INFO - 💾 Generating 8242019-Siti Jahinah Binti Asmaul Employee Report...
2025-05-21 08:10:16,883 - INFO - 💾 Generating 8242019-Siti Jahinah Binti Asmaul Master Report...
2025-05-21 08:10:16,979 - INFO - 💾 Generating 8242021-Nurul Syazwani Binti Haidi Employee Report...
2025-05-21 08:10:16,991 - INFO - 💾 Generating 8242021-Nurul Syazwani Binti Haidi Master Report...
2025-05-21 08:10:17,076 - INFO - 💾 Generating 8242022-Meena Sabaratnam Employee Report...
2025-05-21 08:10:17,089 - INFO - 💾 Generating 8242022-Meena Sabaratnam Master Report...
2025-05-21 08:10:17,194 - INFO - 💾 Generating 8242029-Suhaini Employee Report...
2025-05-21 08:10:17,208 - INFO - 💾 Generating 8242029-Suhaini Master Report...
2025-05-21 08:10:17,291 - INFO - 💾 Generating 8242031-Siti Nur Aisyah Employee Report...
2025-05-21 08:10:17,304 - INFO - 💾 Generating 8242031-Siti Nur Aisyah Master Report...
2025-05-21 08:10:17,401 - INFO - 💾 Generating 8242037-Siti Nurdiana Employee Report...
2025-05-21 08:10:17,413 - INFO - 💾 Generating 8242037-Siti Nurdiana Master Report...
2025-05-21 08:10:17,499 - INFO - 💾 Generating 8242040-Lia Natasha Employee Report...
2025-05-21 08:10:17,512 - INFO - 💾 Generating 8242040-Lia Natasha Master Report...
2025-05-21 08:10:17,539 - WARNING - ️⚠️ Cannot determine shift code for Employee ID: 8242041
2025-05-21 08:10:17,542 - INFO - 💾 Generating 8242041-Siow Kian Hwa Employee Report...
2025-05-21 08:10:17,551 - INFO - 💾 Generating 8242041-Siow Kian Hwa Master Report...
2025-05-21 08:10:17,551 - WARNING - ⚠️ Employee ID: 8242041 can't be found in masterdata.xlsx --> Employee
2025-05-21 08:10:17,648 - INFO - 💾 Generating 8242042-Mohd Imann Employee Report...
2025-05-21 08:10:17,661 - INFO - 💾 Generating 8242042-Mohd Imann Master Report...
2025-05-21 08:10:17,751 - INFO - 💾 Generating 8242044-Chong Jing Yi Employee Report...
2025-05-21 08:10:17,765 - INFO - 💾 Generating 8242044-Chong Jing Yi Master Report...
2025-05-21 08:10:17,877 - INFO - 💾 Generating 8242047-Nurul Haziqah Employee Report...
2025-05-21 08:10:17,891 - INFO - 💾 Generating 8242047-Nurul Haziqah Master Report...
2025-05-21 08:10:17,980 - INFO - 💾 Generating 8242048-Nur'ain binti Muhamad Syarif Employee Report...
2025-05-21 08:10:17,992 - INFO - 💾 Generating 8242048-Nur'ain binti Muhamad Syarif Master Report...
2025-05-21 08:10:18,084 - INFO - 💾 Generating 8242054-Siti Nur Syahirah Employee Report...
2025-05-21 08:10:18,096 - INFO - 💾 Generating 8242054-Siti Nur Syahirah Master Report...
2025-05-21 08:10:18,120 - WARNING - ️⚠️ Cannot determine shift code for Employee ID: 8242056
2025-05-21 08:10:18,124 - INFO - 💾 Generating 8242056-Nurul Shafira Employee Report...
2025-05-21 08:10:18,137 - INFO - 💾 Generating 8242056-Nurul Shafira Master Report...
2025-05-21 08:10:18,138 - WARNING - ⚠️ Employee ID: 8242056 can't be found in masterdata.xlsx --> Employee
2025-05-21 08:10:18,236 - INFO - 💾 Generating 8242063-Kamaliah Employee Report...
2025-05-21 08:10:18,291 - INFO - 💾 Generating 8242063-Kamaliah Master Report...
2025-05-21 08:10:18,395 - INFO - 💾 Generating 8242064-Jepren Employee Report...
2025-05-21 08:10:18,407 - INFO - 💾 Generating 8242064-Jepren Master Report...
2025-05-21 08:10:18,490 - INFO - 💾 Generating 8242067-Li Pei Chi Employee Report...
2025-05-21 08:10:18,503 - INFO - 💾 Generating 8242067-Li Pei Chi Master Report...
2025-05-21 08:10:18,589 - INFO - 💾 Generating 8242069-Lim Chu Yan Employee Report...
2025-05-21 08:10:18,601 - INFO - 💾 Generating 8242069-Lim Chu Yan Master Report...
2025-05-21 08:10:18,686 - INFO - 💾 Generating 8242073-Punitha Employee Report...
2025-05-21 08:10:18,697 - INFO - 💾 Generating 8242073-Punitha Master Report...
2025-05-21 08:10:18,793 - INFO - 💾 Generating 8242083-Azura Employee Report...
2025-05-21 08:10:18,806 - INFO - 💾 Generating 8242083-Azura Master Report...
2025-05-21 08:10:18,888 - INFO - 💾 Generating 8242085-Nur Aini Employee Report...
2025-05-21 08:10:18,898 - INFO - 💾 Generating 8242085-Nur Aini Master Report...
2025-05-21 08:10:18,985 - INFO - 💾 Generating 8242086-Nor Fazilah Employee Report...
2025-05-21 08:10:18,996 - INFO - 💾 Generating 8242086-Nor Fazilah Master Report...
2025-05-21 08:10:19,018 - WARNING - ️⚠️ Cannot determine shift code for Employee ID: 8242089
2025-05-21 08:10:19,021 - INFO - 💾 Generating 8242089-Ooi Chin Kent Employee Report...
2025-05-21 08:10:19,030 - INFO - 💾 Generating 8242089-Ooi Chin Kent Master Report...
2025-05-21 08:10:19,031 - WARNING - ⚠️ Employee ID: 8242089 can't be found in masterdata.xlsx --> Employee
2025-05-21 08:10:19,119 - INFO - 💾 Generating 8242100-Aziela Employee Report...
2025-05-21 08:10:19,131 - INFO - 💾 Generating 8242100-Aziela Master Report...
2025-05-21 08:10:19,217 - INFO - 💾 Generating 8242102-Nur atika Employee Report...
2025-05-21 08:10:19,229 - INFO - 💾 Generating 8242102-Nur atika Master Report...
2025-05-21 08:10:19,321 - INFO - 💾 Generating 8242104-Nur Syazana Employee Report...
2025-05-21 08:10:19,339 - INFO - 💾 Generating 8242104-Nur Syazana Master Report...
2025-05-21 08:10:19,369 - INFO - 💾 Generating 8242106-Lim Song Keong Employee Report...
2025-05-21 08:10:19,380 - INFO - 💾 Generating 8242106-Lim Song Keong Master Report...
2025-05-21 08:10:19,445 - INFO - 💾 Generating 8242107-Mohamad Shahzwan Employee Report...
2025-05-21 08:10:19,457 - INFO - 💾 Generating 8242107-Mohamad Shahzwan Master Report...
2025-05-21 08:10:19,545 - INFO - 💾 Generating 8242109-Nur Hafiza Employee Report...
2025-05-21 08:10:19,556 - INFO - 💾 Generating 8242109-Nur Hafiza Master Report...
2025-05-21 08:10:19,639 - INFO - 💾 Generating 8242111-Naim Muizzuddin bin Mohamad Sah Employee Report...
2025-05-21 08:10:19,651 - INFO - 💾 Generating 8242111-Naim Muizzuddin bin Mohamad Sah Master Report...
2025-05-21 08:10:19,732 - INFO - 💾 Generating 8242112-Yvonne Tan Employee Report...
2025-05-21 08:10:19,743 - INFO - 💾 Generating 8242112-Yvonne Tan Master Report...
2025-05-21 08:10:19,778 - INFO - 💾 Generating 8242113-Celine Woon Employee Report...
2025-05-21 08:10:19,791 - INFO - 💾 Generating 8242113-Celine Woon Master Report...
2025-05-21 08:10:19,815 - WARNING - ️⚠️ Cannot determine shift code for Employee ID: 8242114
2025-05-21 08:10:19,818 - INFO - 💾 Generating 8242114-Nur Filzaamirah Employee Report...
2025-05-21 08:10:19,829 - INFO - 💾 Generating 8242114-Nur Filzaamirah Master Report...
2025-05-21 08:10:19,830 - WARNING - ⚠️ Employee ID: 8242114 can't be found in masterdata.xlsx --> Employee
2025-05-21 08:10:19,924 - INFO - 💾 Generating 8242115-Nicholas Mark Netto Employee Report...
2025-05-21 08:10:19,936 - INFO - 💾 Generating 8242115-Nicholas Mark Netto Master Report...
2025-05-21 08:10:20,021 - INFO - 💾 Generating 8242116-Tan Teck Loon Employee Report...
2025-05-21 08:10:20,035 - INFO - 💾 Generating 8242116-Tan Teck Loon Master Report...
2025-05-21 08:10:20,129 - INFO - 💾 Generating 8242118-Siti Nur Natasyah Employee Report...
2025-05-21 08:10:20,142 - INFO - 💾 Generating 8242118-Siti Nur Natasyah Master Report...
2025-05-21 08:10:20,236 - INFO - 💾 Generating 8242119-Nurul Syazwani binti Azmi Employee Report...
2025-05-21 08:10:20,250 - INFO - 💾 Generating 8242119-Nurul Syazwani binti Azmi Master Report...
2025-05-21 08:10:20,344 - INFO - 💾 Generating 8242120-Noor Hakim bin Osman Employee Report...
2025-05-21 08:10:20,357 - INFO - 💾 Generating 8242120-Noor Hakim bin Osman Master Report...
2025-05-21 08:10:20,455 - INFO - 💾 Generating 8242121-M amirul Employee Report...
2025-05-21 08:10:20,470 - INFO - 💾 Generating 8242121-M amirul Master Report...
2025-05-21 08:10:20,538 - WARNING - ️⚠️ Cannot determine shift code for Employee ID: 8245007
2025-05-21 08:10:20,558 - INFO - 💾 Generating 8245007-Nora Employee Report...
2025-05-21 08:10:20,571 - INFO - 💾 Generating 8245007-Nora Master Report...
2025-05-21 08:10:20,571 - WARNING - ⚠️ Employee ID: 8245007 can't be found in masterdata.xlsx --> Employee
2025-05-21 08:10:20,593 - WARNING - ️⚠️ Cannot determine shift code for Employee ID: 8245010
2025-05-21 08:10:20,596 - INFO - 💾 Generating 8245010-Conelia Employee Report...
2025-05-21 08:10:20,606 - INFO - 💾 Generating 8245010-Conelia Master Report...
2025-05-21 08:10:20,607 - WARNING - ⚠️ Employee ID: 8245010 can't be found in masterdata.xlsx --> Employee
2025-05-21 08:10:20,666 - WARNING - ️⚠️ Cannot determine shift code for Employee ID: 8245030
2025-05-21 08:10:20,686 - INFO - 💾 Generating 8245030-Nik Norasyikin Employee Report...
2025-05-21 08:10:20,699 - INFO - 💾 Generating 8245030-Nik Norasyikin Master Report...
2025-05-21 08:10:20,700 - WARNING - ⚠️ Employee ID: 8245030 can't be found in masterdata.xlsx --> Employee
2025-05-21 08:10:20,729 - WARNING - ️⚠️ Cannot determine shift code for Employee ID: 8245045
2025-05-21 08:10:20,731 - INFO - 💾 Generating 8245045-Bhavani Employee Report...
2025-05-21 08:10:20,743 - INFO - 💾 Generating 8245045-Bhavani Master Report...
2025-05-21 08:10:20,744 - WARNING - ⚠️ Employee ID: 8245045 can't be found in masterdata.xlsx --> Employee
2025-05-21 08:10:20,803 - WARNING - ️⚠️ Cannot determine shift code for Employee ID: 8245048
2025-05-21 08:10:20,828 - INFO - 💾 Generating 8245048-Suriana Employee Report...
2025-05-21 08:10:20,844 - INFO - 💾 Generating 8245048-Suriana Master Report...
2025-05-21 08:10:20,846 - WARNING - ⚠️ Employee ID: 8245048 can't be found in masterdata.xlsx --> Employee
2025-05-21 08:10:20,917 - WARNING - ️⚠️ Cannot determine shift code for Employee ID: 8245049
2025-05-21 08:10:20,935 - INFO - 💾 Generating 8245049-Anu Soorya Employee Report...
2025-05-21 08:10:20,948 - INFO - 💾 Generating 8245049-Anu Soorya Master Report...
2025-05-21 08:10:20,949 - WARNING - ⚠️ Employee ID: 8245049 can't be found in masterdata.xlsx --> Employee
2025-05-21 08:10:20,973 - WARNING - ️⚠️ Cannot determine shift code for Employee ID: 8245053
2025-05-21 08:10:20,975 - INFO - 💾 Generating 8245053-Shafika Employee Report...
2025-05-21 08:10:20,985 - INFO - 💾 Generating 8245053-Shafika Master Report...
2025-05-21 08:10:20,986 - WARNING - ⚠️ Employee ID: 8245053 can't be found in masterdata.xlsx --> Employee
2025-05-21 08:10:21,005 - WARNING - ️⚠️ Cannot determine shift code for Employee ID: 8245058
2025-05-21 08:10:21,007 - INFO - 💾 Generating 8245058-Darshibi Employee Report...
2025-05-21 08:10:21,017 - INFO - 💾 Generating 8245058-Darshibi Master Report...
2025-05-21 08:10:21,017 - WARNING - ⚠️ Employee ID: 8245058 can't be found in masterdata.xlsx --> Employee
2025-05-21 08:10:21,065 - WARNING - ️⚠️ Cannot determine shift code for Employee ID: 8245059
2025-05-21 08:10:21,083 - INFO - 💾 Generating 8245059-Syarifah Employee Report...
2025-05-21 08:10:21,136 - INFO - 💾 Generating 8245059-Syarifah Master Report...
2025-05-21 08:10:21,137 - WARNING - ⚠️ Employee ID: 8245059 can't be found in masterdata.xlsx --> Employee
2025-05-21 08:10:21,168 - WARNING - ️⚠️ Cannot determine shift code for Employee ID: 8245063
2025-05-21 08:10:21,172 - INFO - 💾 Generating 8245063-Maizatul Employee Report...
2025-05-21 08:10:21,183 - INFO - 💾 Generating 8245063-Maizatul Master Report...
2025-05-21 08:10:21,184 - WARNING - ⚠️ Employee ID: 8245063 can't be found in masterdata.xlsx --> Employee
2025-05-21 08:10:21,259 - WARNING - ️⚠️ Cannot determine shift code for Employee ID: 8245066
2025-05-21 08:10:21,279 - INFO - 💾 Generating 8245066-Siti Asmah Employee Report...
2025-05-21 08:10:21,292 - INFO - 💾 Generating 8245066-Siti Asmah Master Report...
2025-05-21 08:10:21,293 - WARNING - ⚠️ Employee ID: 8245066 can't be found in masterdata.xlsx --> Employee
2025-05-21 08:10:21,316 - WARNING - ️⚠️ Cannot determine shift code for Employee ID: 8245068
2025-05-21 08:10:21,318 - INFO - 💾 Generating 8245068-Agrita Employee Report...
2025-05-21 08:10:21,330 - INFO - 💾 Generating 8245068-Agrita Master Report...
2025-05-21 08:10:21,331 - WARNING - ⚠️ Employee ID: 8245068 can't be found in masterdata.xlsx --> Employee
2025-05-21 08:10:21,383 - WARNING - ️⚠️ Cannot determine shift code for Employee ID: 8248001
2025-05-21 08:10:21,404 - INFO - 💾 Generating 8248001-Saw Aye Employee Report...
2025-05-21 08:10:21,418 - INFO - 💾 Generating 8248001-Saw Aye Master Report...
2025-05-21 08:10:21,420 - WARNING - ⚠️ Employee ID: 8248001 can't be found in masterdata.xlsx --> Employee
2025-05-21 08:10:21,478 - WARNING - ️⚠️ Cannot determine shift code for Employee ID: 8248002
2025-05-21 08:10:21,498 - INFO - 💾 Generating 8248002-Than Saw Employee Report...
2025-05-21 08:10:21,511 - INFO - 💾 Generating 8248002-Than Saw Master Report...
2025-05-21 08:10:21,513 - WARNING - ⚠️ Employee ID: 8248002 can't be found in masterdata.xlsx --> Employee
2025-05-21 08:10:21,567 - WARNING - ️⚠️ Cannot determine shift code for Employee ID: 8248006
2025-05-21 08:10:21,587 - INFO - 💾 Generating 8248006-Nan Win Thazin Yo Employee Report...
2025-05-21 08:10:21,600 - INFO - 💾 Generating 8248006-Nan Win Thazin Yo Master Report...
2025-05-21 08:10:21,601 - WARNING - ⚠️ Employee ID: 8248006 can't be found in masterdata.xlsx --> Employee
2025-05-21 08:10:21,659 - WARNING - ️⚠️ Cannot determine shift code for Employee ID: 8248007
2025-05-21 08:10:21,678 - INFO - 💾 Generating 8248007-Khin Mar Cho Employee Report...
2025-05-21 08:10:21,688 - INFO - 💾 Generating 8248007-Khin Mar Cho Master Report...
2025-05-21 08:10:21,689 - WARNING - ⚠️ Employee ID: 8248007 can't be found in masterdata.xlsx --> Employee
2025-05-21 08:10:21,731 - WARNING - ️⚠️ Cannot determine shift code for Employee ID: 8248013
2025-05-21 08:10:21,750 - INFO - 💾 Generating 8248013-Zin Mar Soe Employee Report...
2025-05-21 08:10:21,761 - INFO - 💾 Generating 8248013-Zin Mar Soe Master Report...
2025-05-21 08:10:21,762 - WARNING - ⚠️ Employee ID: 8248013 can't be found in masterdata.xlsx --> Employee
2025-05-21 08:10:21,811 - WARNING - ️⚠️ Cannot determine shift code for Employee ID: 8248014
2025-05-21 08:10:21,834 - INFO - 💾 Generating 8248014-Mie Thidar Employee Report...
2025-05-21 08:10:21,848 - INFO - 💾 Generating 8248014-Mie Thidar Master Report...
2025-05-21 08:10:21,850 - WARNING - ⚠️ Employee ID: 8248014 can't be found in masterdata.xlsx --> Employee
2025-05-21 08:10:21,916 - WARNING - ️⚠️ Cannot determine shift code for Employee ID: 8248015
2025-05-21 08:10:21,935 - INFO - 💾 Generating 8248015-Myint Kyi Employee Report...
2025-05-21 08:10:21,946 - INFO - 💾 Generating 8248015-Myint Kyi Master Report...
2025-05-21 08:10:21,948 - WARNING - ⚠️ Employee ID: 8248015 can't be found in masterdata.xlsx --> Employee
2025-05-21 08:10:21,994 - WARNING - ️⚠️ Cannot determine shift code for Employee ID: 8248016
2025-05-21 08:10:22,012 - INFO - 💾 Generating 8248016-Soe Soe Tun Employee Report...
2025-05-21 08:10:22,023 - INFO - 💾 Generating 8248016-Soe Soe Tun Master Report...
2025-05-21 08:10:22,023 - WARNING - ⚠️ Employee ID: 8248016 can't be found in masterdata.xlsx --> Employee
2025-05-21 08:10:22,074 - WARNING - ️⚠️ Cannot determine shift code for Employee ID: 8248017
2025-05-21 08:10:22,095 - INFO - 💾 Generating 8248017-Poe Poe Phyu Employee Report...
2025-05-21 08:10:22,107 - INFO - 💾 Generating 8248017-Poe Poe Phyu Master Report...
2025-05-21 08:10:22,108 - WARNING - ⚠️ Employee ID: 8248017 can't be found in masterdata.xlsx --> Employee
2025-05-21 08:10:22,169 - WARNING - ️⚠️ Cannot determine shift code for Employee ID: 8248019
2025-05-21 08:10:22,191 - INFO - 💾 Generating 8248019-Thandar Oo Employee Report...
2025-05-21 08:10:22,203 - INFO - 💾 Generating 8248019-Thandar Oo Master Report...
2025-05-21 08:10:22,204 - WARNING - ⚠️ Employee ID: 8248019 can't be found in masterdata.xlsx --> Employee
2025-05-21 08:10:22,257 - WARNING - ️⚠️ Cannot determine shift code for Employee ID: 8248020
2025-05-21 08:10:22,276 - INFO - 💾 Generating 8248020-Thandar Myo Win Employee Report...
2025-05-21 08:10:22,288 - INFO - 💾 Generating 8248020-Thandar Myo Win Master Report...
2025-05-21 08:10:22,289 - WARNING - ⚠️ Employee ID: 8248020 can't be found in masterdata.xlsx --> Employee
2025-05-21 08:10:22,314 - WARNING - ️⚠️ Cannot determine shift code for Employee ID: 8248021
2025-05-21 08:10:22,317 - INFO - 💾 Generating 8248021-Win Nandar Tun Employee Report...
2025-05-21 08:10:22,326 - INFO - 💾 Generating 8248021-Win Nandar Tun Master Report...
2025-05-21 08:10:22,327 - WARNING - ⚠️ Employee ID: 8248021 can't be found in masterdata.xlsx --> Employee
2025-05-21 08:10:22,350 - WARNING - ️⚠️ Cannot determine shift code for Employee ID: 8248023
2025-05-21 08:10:22,353 - INFO - 💾 Generating 8248023-Ma Khaing Employee Report...
2025-05-21 08:10:22,363 - INFO - 💾 Generating 8248023-Ma Khaing Master Report...
2025-05-21 08:10:22,364 - WARNING - ⚠️ Employee ID: 8248023 can't be found in masterdata.xlsx --> Employee
2025-05-21 08:10:22,416 - WARNING - ️⚠️ Cannot determine shift code for Employee ID: 8248024
2025-05-21 08:10:22,436 - INFO - 💾 Generating 8248024-Saw Eu Employee Report...
2025-05-21 08:10:22,448 - INFO - 💾 Generating 8248024-Saw Eu Master Report...
2025-05-21 08:10:22,449 - WARNING - ⚠️ Employee ID: 8248024 can't be found in masterdata.xlsx --> Employee
2025-05-21 08:10:22,506 - WARNING - ️⚠️ Cannot determine shift code for Employee ID: 8248025
2025-05-21 08:10:22,530 - INFO - 💾 Generating 8248025-Ei Mon Htwe Employee Report...
2025-05-21 08:10:22,545 - INFO - 💾 Generating 8248025-Ei Mon Htwe Master Report...
2025-05-21 08:10:22,547 - WARNING - ⚠️ Employee ID: 8248025 can't be found in masterdata.xlsx --> Employee
2025-05-21 08:10:22,575 - WARNING - ️⚠️ Cannot determine shift code for Employee ID: 8248026
2025-05-21 08:10:22,578 - INFO - 💾 Generating 8248026-Thu Zar Employee Report...
2025-05-21 08:10:22,589 - INFO - 💾 Generating 8248026-Thu Zar Master Report...
2025-05-21 08:10:22,590 - WARNING - ⚠️ Employee ID: 8248026 can't be found in masterdata.xlsx --> Employee
2025-05-21 08:10:22,636 - WARNING - ️⚠️ Cannot determine shift code for Employee ID: 8248027
2025-05-21 08:10:22,653 - INFO - 💾 Generating 8248027-Dar Li Tun Employee Report...
2025-05-21 08:10:22,666 - INFO - 💾 Generating 8248027-Dar Li Tun Master Report...
2025-05-21 08:10:22,667 - WARNING - ⚠️ Employee ID: 8248027 can't be found in masterdata.xlsx --> Employee
2025-05-21 08:10:22,722 - WARNING - ️⚠️ Cannot determine shift code for Employee ID: 8248028
2025-05-21 08:10:22,742 - INFO - 💾 Generating 8248028-Thae Nu Khaing Employee Report...
2025-05-21 08:10:22,755 - INFO - 💾 Generating 8248028-Thae Nu Khaing Master Report...
2025-05-21 08:10:22,756 - WARNING - ⚠️ Employee ID: 8248028 can't be found in masterdata.xlsx --> Employee
2025-05-21 08:10:22,813 - WARNING - ️⚠️ Cannot determine shift code for Employee ID: 8248029
2025-05-21 08:10:22,829 - INFO - 💾 Generating 8248029-Phyu Phyu Nyeinaye Employee Report...
2025-05-21 08:10:22,840 - INFO - 💾 Generating 8248029-Phyu Phyu Nyeinaye Master Report...
2025-05-21 08:10:22,841 - WARNING - ⚠️ Employee ID: 8248029 can't be found in masterdata.xlsx --> Employee
2025-05-21 08:10:22,885 - WARNING - ️⚠️ Cannot determine shift code for Employee ID: 8248030
2025-05-21 08:10:22,898 - INFO - 💾 Generating 8248030-Chaw Sein Employee Report...
2025-05-21 08:10:22,909 - INFO - 💾 Generating 8248030-Chaw Sein Master Report...
2025-05-21 08:10:22,910 - WARNING - ⚠️ Employee ID: 8248030 can't be found in masterdata.xlsx --> Employee
2025-05-21 08:10:22,929 - WARNING - ️⚠️ Cannot determine shift code for Employee ID: 8248031
2025-05-21 08:10:22,931 - INFO - 💾 Generating 8248031-May Thingyan Employee Report...
2025-05-21 08:10:22,941 - INFO - 💾 Generating 8248031-May Thingyan Master Report...
2025-05-21 08:10:22,943 - WARNING - ⚠️ Employee ID: 8248031 can't be found in masterdata.xlsx --> Employee
2025-05-21 08:10:22,995 - WARNING - ️⚠️ Cannot determine shift code for Employee ID: 8248032
2025-05-21 08:10:23,015 - INFO - 💾 Generating 8248032-Ei Ei Aung Employee Report...
2025-05-21 08:10:23,025 - INFO - 💾 Generating 8248032-Ei Ei Aung Master Report...
2025-05-21 08:10:23,026 - WARNING - ⚠️ Employee ID: 8248032 can't be found in masterdata.xlsx --> Employee
2025-05-21 08:10:23,074 - WARNING - ️⚠️ Cannot determine shift code for Employee ID: 8248033
2025-05-21 08:10:23,093 - INFO - 💾 Generating 8248033-Thin Thin Htay Employee Report...
2025-05-21 08:10:23,105 - INFO - 💾 Generating 8248033-Thin Thin Htay Master Report...
2025-05-21 08:10:23,106 - WARNING - ⚠️ Employee ID: 8248033 can't be found in masterdata.xlsx --> Employee
2025-05-21 08:10:23,151 - WARNING - ️⚠️ Cannot determine shift code for Employee ID: 8248034
2025-05-21 08:10:23,176 - INFO - 💾 Generating 8248034-Khin Khin Kyi Employee Report...
2025-05-21 08:10:23,187 - INFO - 💾 Generating 8248034-Khin Khin Kyi Master Report...
2025-05-21 08:10:23,188 - WARNING - ⚠️ Employee ID: 8248034 can't be found in masterdata.xlsx --> Employee
2025-05-21 08:10:23,288 - INFO - 💾 Generating 8252001-Muhammad Sahrilzani Employee Report...
2025-05-21 08:10:23,300 - INFO - 💾 Generating 8252001-Muhammad Sahrilzani Master Report...
2025-05-21 08:10:23,391 - INFO - 💾 Generating 8252002-Yogeswari Employee Report...
2025-05-21 08:10:23,402 - INFO - 💾 Generating 8252002-Yogeswari Master Report...
2025-05-21 08:10:23,491 - INFO - 💾 Generating 8252003-Nurul Izzah Employee Report...
2025-05-21 08:10:23,507 - INFO - 💾 Generating 8252003-Nurul Izzah Master Report...
2025-05-21 08:10:23,588 - INFO - 💾 Generating 8252004-Deniswari Employee Report...
2025-05-21 08:10:23,599 - INFO - 💾 Generating 8252004-Deniswari Master Report...
2025-05-21 08:10:23,686 - INFO - 💾 Generating 8252005-Nornabilah Employee Report...
2025-05-21 08:10:23,745 - INFO - 💾 Generating 8252005-Nornabilah Master Report...
2025-05-21 08:10:23,827 - INFO - 💾 Generating 8252009-Qurratul Aini Employee Report...
2025-05-21 08:10:23,838 - INFO - 💾 Generating 8252009-Qurratul Aini Master Report...
2025-05-21 08:10:23,919 - INFO - 💾 Generating 8252010-Nurul Fatihah Employee Report...
2025-05-21 08:10:23,932 - INFO - 💾 Generating 8252010-Nurul Fatihah Master Report...
2025-05-21 08:10:24,022 - INFO - 💾 Generating 8252011-Siti Nur Nabilah Binti Mohd Rais Employee Report...
2025-05-21 08:10:24,033 - INFO - 💾 Generating 8252011-Siti Nur Nabilah Binti Mohd Rais Master Report...
2025-05-21 08:10:24,060 - INFO - 💾 Generating 8252012-mohd rizal Employee Report...
2025-05-21 08:10:24,069 - INFO - 💾 Generating 8252012-mohd rizal Master Report...
2025-05-21 08:10:24,156 - INFO - 💾 Generating 8252013-Khidir Thong Employee Report...
2025-05-21 08:10:24,169 - INFO - 💾 Generating 8252013-Khidir Thong Master Report...
2025-05-21 08:10:24,247 - INFO - 💾 Generating 8252014-Mohd Aliffazwan Employee Report...
2025-05-21 08:10:24,260 - INFO - 💾 Generating 8252014-Mohd Aliffazwan Master Report...
2025-05-21 08:10:24,353 - INFO - 💾 Generating 8252015-Nur Farah Najihah Employee Report...
2025-05-21 08:10:24,364 - INFO - 💾 Generating 8252015-Nur Farah Najihah Master Report...
2025-05-21 08:10:24,451 - INFO - 💾 Generating 8252016-Yaseil Employee Report...
2025-05-21 08:10:24,463 - INFO - 💾 Generating 8252016-Yaseil Master Report...
2025-05-21 08:10:24,544 - INFO - 💾 Generating 8252017-Wong Si Huey Employee Report...
2025-05-21 08:10:24,556 - INFO - 💾 Generating 8252017-Wong Si Huey Master Report...
2025-05-21 08:10:24,602 - WARNING - ️⚠️ Cannot determine shift code for Employee ID: 8252019
2025-05-21 08:10:24,606 - INFO - 💾 Generating 8252019-Alia Employee Report...
2025-05-21 08:10:24,618 - INFO - 💾 Generating 8252019-Alia Master Report...
2025-05-21 08:10:24,618 - WARNING - ⚠️ Employee ID: 8252019 can't be found in masterdata.xlsx --> Employee
2025-05-21 08:10:24,639 - WARNING - ️⚠️ Cannot determine shift code for Employee ID: 8252020
2025-05-21 08:10:24,644 - INFO - 💾 Generating 8252020-Sarrohjini Ap Sathiamoorty Employee Report...
2025-05-21 08:10:24,653 - INFO - 💾 Generating 8252020-Sarrohjini Ap Sathiamoorty Master Report...
2025-05-21 08:10:24,653 - WARNING - ⚠️ Employee ID: 8252020 can't be found in masterdata.xlsx --> Employee
2025-05-21 08:10:24,731 - INFO - 💾 Generating 8252021-Hemalatha AP Shankar Employee Report...
2025-05-21 08:10:24,744 - INFO - 💾 Generating 8252021-Hemalatha AP Shankar Master Report...
2025-05-21 08:10:24,775 - INFO - 💾 Generating 8252022-Reethaa AP Prakashkumar Employee Report...
2025-05-21 08:10:24,784 - INFO - 💾 Generating 8252022-Reethaa AP Prakashkumar Master Report...
2025-05-21 08:10:24,859 - INFO - 💾 Generating 8252023-Nor Aslinda Employee Report...
2025-05-21 08:10:24,870 - INFO - 💾 Generating 8252023-Nor Aslinda Master Report...
2025-05-21 08:10:24,958 - INFO - 💾 Generating 8252024-Nurshahirah Binti Mohamed Salleh Employee Report...
2025-05-21 08:10:24,971 - INFO - 💾 Generating 8252024-Nurshahirah Binti Mohamed Salleh Master Report...
2025-05-21 08:10:25,003 - INFO - 💾 Generating 8252025-Nur Izni Najwa Employee Report...
2025-05-21 08:10:25,011 - INFO - 💾 Generating 8252025-Nur Izni Najwa Master Report...
2025-05-21 08:10:25,091 - INFO - 💾 Generating 8252026-Noor Lia Employee Report...
2025-05-21 08:10:25,103 - INFO - 💾 Generating 8252026-Noor Lia Master Report...
2025-05-21 08:10:25,135 - INFO - 💾 Generating 8252027-Umu Salamah Employee Report...
2025-05-21 08:10:25,145 - INFO - 💾 Generating 8252027-Umu Salamah Master Report...
2025-05-21 08:10:25,189 - WARNING - ️⚠️ Cannot determine shift code for Employee ID: 8252028
2025-05-21 08:10:25,202 - INFO - 💾 Generating 8252028-Zahidah Employee Report...
2025-05-21 08:10:25,213 - INFO - 💾 Generating 8252028-Zahidah Master Report...
2025-05-21 08:10:25,214 - WARNING - ⚠️ Employee ID: 8252028 can't be found in masterdata.xlsx --> Employee
2025-05-21 08:10:25,249 - WARNING - ️⚠️ Cannot determine shift code for Employee ID: 8252029
2025-05-21 08:10:25,263 - INFO - 💾 Generating 8252029-Jevan AL Ravi Chanderan Employee Report...
2025-05-21 08:10:25,276 - INFO - 💾 Generating 8252029-Jevan AL Ravi Chanderan Master Report...
2025-05-21 08:10:25,277 - WARNING - ⚠️ Employee ID: 8252029 can't be found in masterdata.xlsx --> Employee
2025-05-21 08:10:25,299 - WARNING - ️⚠️ Cannot determine shift code for Employee ID: 8252030
2025-05-21 08:10:25,304 - INFO - 💾 Generating 8252030-Nuurfarahin Binti Mohammed Dan Employee Report...
2025-05-21 08:10:25,315 - INFO - 💾 Generating 8252030-Nuurfarahin Binti Mohammed Dan Master Report...
2025-05-21 08:10:25,316 - WARNING - ⚠️ Employee ID: 8252030 can't be found in masterdata.xlsx --> Employee
2025-05-21 08:10:25,371 - WARNING - ️⚠️ Cannot determine shift code for Employee ID: 8255001
2025-05-21 08:10:25,394 - INFO - 💾 Generating 8255001-Hafizah Employee Report...
2025-05-21 08:10:25,407 - INFO - 💾 Generating 8255001-Hafizah Master Report...
2025-05-21 08:10:25,408 - WARNING - ⚠️ Employee ID: 8255001 can't be found in masterdata.xlsx --> Employee
2025-05-21 08:10:25,463 - WARNING - ️⚠️ Cannot determine shift code for Employee ID: 8255002
2025-05-21 08:10:25,487 - INFO - 💾 Generating 8255002-Fathiah Employee Report...
2025-05-21 08:10:25,506 - INFO - 💾 Generating 8255002-Fathiah Master Report...
2025-05-21 08:10:25,507 - WARNING - ⚠️ Employee ID: 8255002 can't be found in masterdata.xlsx --> Employee
2025-05-21 08:10:25,531 - WARNING - ️⚠️ Cannot determine shift code for Employee ID: 8255005
2025-05-21 08:10:25,535 - INFO - 💾 Generating 8255005-Hanis Nazira Employee Report...
2025-05-21 08:10:25,545 - INFO - 💾 Generating 8255005-Hanis Nazira Master Report...
2025-05-21 08:10:25,546 - WARNING - ⚠️ Employee ID: 8255005 can't be found in masterdata.xlsx --> Employee
2025-05-21 08:10:25,568 - WARNING - ️⚠️ Cannot determine shift code for Employee ID: 8255006
2025-05-21 08:10:25,571 - INFO - 💾 Generating 8255006-8255006 Employee Report...
2025-05-21 08:10:25,584 - INFO - 💾 Generating 8255006-8255006 Master Report...
2025-05-21 08:10:25,585 - WARNING - ⚠️ Employee ID: 8255006 can't be found in masterdata.xlsx --> Employee
2025-05-21 08:10:25,610 - WARNING - ️⚠️ Cannot determine shift code for Employee ID: 8255007
2025-05-21 08:10:25,614 - INFO - 💾 Generating 8255007-Siti Soleha Employee Report...
2025-05-21 08:10:25,624 - INFO - 💾 Generating 8255007-Siti Soleha Master Report...
2025-05-21 08:10:25,626 - WARNING - ⚠️ Employee ID: 8255007 can't be found in masterdata.xlsx --> Employee
2025-05-21 08:10:25,648 - WARNING - ️⚠️ Cannot determine shift code for Employee ID: 8255009
2025-05-21 08:10:25,651 - INFO - 💾 Generating 8255009-Rafeah Employee Report...
2025-05-21 08:10:25,662 - INFO - 💾 Generating 8255009-Rafeah Master Report...
2025-05-21 08:10:25,663 - WARNING - ⚠️ Employee ID: 8255009 can't be found in masterdata.xlsx --> Employee
2025-05-21 08:10:25,686 - WARNING - ️⚠️ Cannot determine shift code for Employee ID: 8255010
2025-05-21 08:10:25,689 - INFO - 💾 Generating 8255010-Siti Nur Farahim Employee Report...
2025-05-21 08:10:25,698 - INFO - 💾 Generating 8255010-Siti Nur Farahim Master Report...
2025-05-21 08:10:25,699 - WARNING - ⚠️ Employee ID: 8255010 can't be found in masterdata.xlsx --> Employee
2025-05-21 08:10:25,747 - WARNING - ️⚠️ Cannot determine shift code for Employee ID: 8255011
2025-05-21 08:10:25,763 - INFO - 💾 Generating 8255011-Agrieyelen Employee Report...
2025-05-21 08:10:25,775 - INFO - 💾 Generating 8255011-Agrieyelen Master Report...
2025-05-21 08:10:25,776 - WARNING - ⚠️ Employee ID: 8255011 can't be found in masterdata.xlsx --> Employee
2025-05-21 08:10:25,795 - WARNING - ️⚠️ Cannot determine shift code for Employee ID: 8255012
2025-05-21 08:10:25,797 - INFO - 💾 Generating 8255012-Norasikin Employee Report...
2025-05-21 08:10:25,806 - INFO - 💾 Generating 8255012-Norasikin Master Report...
2025-05-21 08:10:25,807 - WARNING - ⚠️ Employee ID: 8255012 can't be found in masterdata.xlsx --> Employee
2025-05-21 08:10:25,824 - WARNING - ️⚠️ Cannot determine shift code for Employee ID: 8255014
2025-05-21 08:10:25,826 - INFO - 💾 Generating 8255014-noor ain Employee Report...
2025-05-21 08:10:25,835 - INFO - 💾 Generating 8255014-noor ain Master Report...
2025-05-21 08:10:25,836 - WARNING - ⚠️ Employee ID: 8255014 can't be found in masterdata.xlsx --> Employee
2025-05-21 08:10:25,856 - WARNING - ️⚠️ Cannot determine shift code for Employee ID: 8255018
2025-05-21 08:10:25,858 - INFO - 💾 Generating 8255018-Putri Aisyah Employee Report...
2025-05-21 08:10:25,867 - INFO - 💾 Generating 8255018-Putri Aisyah Master Report...
2025-05-21 08:10:25,868 - WARNING - ⚠️ Employee ID: 8255018 can't be found in masterdata.xlsx --> Employee
2025-05-21 08:10:25,896 - WARNING - ️⚠️ Cannot determine shift code for Employee ID: 8255020
2025-05-21 08:10:25,900 - INFO - 💾 Generating 8255020-Nur Linda Binti Mohamad Kiraman Employee Report...
2025-05-21 08:10:25,977 - INFO - 💾 Generating 8255020-Nur Linda Binti Mohamad Kiraman Master Report...
2025-05-21 08:10:25,978 - WARNING - ⚠️ Employee ID: 8255020 can't be found in masterdata.xlsx --> Employee
2025-05-21 08:10:25,999 - WARNING - ️⚠️ Cannot determine shift code for Employee ID: 8255021
2025-05-21 08:10:26,002 - INFO - 💾 Generating 8255021-Eesvari Subramaniam Employee Report...
2025-05-21 08:10:26,011 - INFO - 💾 Generating 8255021-Eesvari Subramaniam Master Report...
2025-05-21 08:10:26,011 - WARNING - ⚠️ Employee ID: 8255021 can't be found in masterdata.xlsx --> Employee
2025-05-21 08:10:26,036 - WARNING - ️⚠️ Cannot determine shift code for Employee ID: 8255024
2025-05-21 08:10:26,039 - INFO - 💾 Generating 8255024-Hamidah Binti Sentol Employee Report...
2025-05-21 08:10:26,053 - INFO - 💾 Generating 8255024-Hamidah Binti Sentol Master Report...
2025-05-21 08:10:26,054 - WARNING - ⚠️ Employee ID: 8255024 can't be found in masterdata.xlsx --> Employee
2025-05-21 08:10:26,083 - WARNING - ️⚠️ Cannot determine shift code for Employee ID: 8255030
2025-05-21 08:10:26,085 - INFO - 💾 Generating 8255030-Alice Employee Report...
2025-05-21 08:10:26,095 - INFO - 💾 Generating 8255030-Alice Master Report...
2025-05-21 08:10:26,096 - WARNING - ⚠️ Employee ID: 8255030 can't be found in masterdata.xlsx --> Employee
2025-05-21 08:10:26,121 - WARNING - ️⚠️ Cannot determine shift code for Employee ID: 8255034
2025-05-21 08:10:26,124 - INFO - 💾 Generating 8255034-Nur Aliesya Employee Report...
2025-05-21 08:10:26,135 - INFO - 💾 Generating 8255034-Nur Aliesya Master Report...
2025-05-21 08:10:26,136 - WARNING - ⚠️ Employee ID: 8255034 can't be found in masterdata.xlsx --> Employee
2025-05-21 08:10:26,182 - WARNING - ️⚠️ Cannot determine shift code for Employee ID: 8255035
2025-05-21 08:10:26,199 - INFO - 💾 Generating 8255035-Siti Suhana Employee Report...
2025-05-21 08:10:26,210 - INFO - 💾 Generating 8255035-Siti Suhana Master Report...
2025-05-21 08:10:26,211 - WARNING - ⚠️ Employee ID: 8255035 can't be found in masterdata.xlsx --> Employee
2025-05-21 08:10:26,232 - WARNING - ️⚠️ Cannot determine shift code for Employee ID: 8255036
2025-05-21 08:10:26,234 - INFO - 💾 Generating 8255036-Nurul Syahira Ashiqin Employee Report...
2025-05-21 08:10:26,241 - INFO - 💾 Generating 8255036-Nurul Syahira Ashiqin Master Report...
2025-05-21 08:10:26,243 - WARNING - ⚠️ Employee ID: 8255036 can't be found in masterdata.xlsx --> Employee
2025-05-21 08:10:26,261 - WARNING - ️⚠️ Cannot determine shift code for Employee ID: 8255037
2025-05-21 08:10:26,267 - INFO - 💾 Generating 8255037-Devi AP Arasamani Employee Report...
2025-05-21 08:10:26,275 - INFO - 💾 Generating 8255037-Devi AP Arasamani Master Report...
2025-05-21 08:10:26,276 - WARNING - ⚠️ Employee ID: 8255037 can't be found in masterdata.xlsx --> Employee
2025-05-21 08:10:26,297 - WARNING - ️⚠️ Cannot determine shift code for Employee ID: 8255038
2025-05-21 08:10:26,300 - INFO - 💾 Generating 8255038-Nurain Nabilah Employee Report...
2025-05-21 08:10:26,310 - INFO - 💾 Generating 8255038-Nurain Nabilah Master Report...
2025-05-21 08:10:26,311 - WARNING - ⚠️ Employee ID: 8255038 can't be found in masterdata.xlsx --> Employee
2025-05-21 08:10:26,340 - WARNING - ️⚠️ Cannot determine shift code for Employee ID: 8255039
2025-05-21 08:10:26,345 - INFO - 💾 Generating 8255039-Nur Asyikin Binti Hamidon Employee Report...
2025-05-21 08:10:26,354 - INFO - 💾 Generating 8255039-Nur Asyikin Binti Hamidon Master Report...
2025-05-21 08:10:26,355 - WARNING - ⚠️ Employee ID: 8255039 can't be found in masterdata.xlsx --> Employee
2025-05-21 08:10:26,378 - WARNING - ️⚠️ Cannot determine shift code for Employee ID: 8255040
2025-05-21 08:10:26,383 - INFO - 💾 Generating 8255040-Kirthineswary Employee Report...
2025-05-21 08:10:26,396 - INFO - 💾 Generating 8255040-Kirthineswary Master Report...
2025-05-21 08:10:26,397 - WARNING - ⚠️ Employee ID: 8255040 can't be found in masterdata.xlsx --> Employee
2025-05-21 08:10:26,444 - WARNING - ️⚠️ Cannot determine shift code for Employee ID: 8255041
2025-05-21 08:10:26,461 - INFO - 💾 Generating 8255041-Agrissah Jalani Employee Report...
2025-05-21 08:10:26,473 - INFO - 💾 Generating 8255041-Agrissah Jalani Master Report...
2025-05-21 08:10:26,474 - WARNING - ⚠️ Employee ID: 8255041 can't be found in masterdata.xlsx --> Employee
2025-05-21 08:10:26,519 - WARNING - ️⚠️ Cannot determine shift code for Employee ID: 8255042
2025-05-21 08:10:26,533 - INFO - 💾 Generating 8255042-Ashvini AP Shanmugarajah Employee Report...
2025-05-21 08:10:26,544 - INFO - 💾 Generating 8255042-Ashvini AP Shanmugarajah Master Report...
2025-05-21 08:10:26,546 - WARNING - ⚠️ Employee ID: 8255042 can't be found in masterdata.xlsx --> Employee
2025-05-21 08:10:26,571 - WARNING - ️⚠️ Cannot determine shift code for Employee ID: 8255043
2025-05-21 08:10:26,573 - INFO - 💾 Generating 8255043-Sharmila AP Shanmugarajah Employee Report...
2025-05-21 08:10:26,585 - INFO - 💾 Generating 8255043-Sharmila AP Shanmugarajah Master Report...
2025-05-21 08:10:26,586 - WARNING - ⚠️ Employee ID: 8255043 can't be found in masterdata.xlsx --> Employee
2025-05-21 08:10:26,610 - WARNING - ️⚠️ Cannot determine shift code for Employee ID: 8255044
2025-05-21 08:10:26,614 - INFO - 💾 Generating 8255044-Kamini AP Chandraagaran Employee Report...
2025-05-21 08:10:26,624 - INFO - 💾 Generating 8255044-Kamini AP Chandraagaran Master Report...
2025-05-21 08:10:26,625 - WARNING - ⚠️ Employee ID: 8255044 can't be found in masterdata.xlsx --> Employee
2025-05-21 08:10:26,646 - WARNING - ️⚠️ Cannot determine shift code for Employee ID: 8255045
2025-05-21 08:10:26,648 - INFO - 💾 Generating 8255045-Nur Fazrienz Fasihin Employee Report...
2025-05-21 08:10:26,658 - INFO - 💾 Generating 8255045-Nur Fazrienz Fasihin Master Report...
2025-05-21 08:10:26,659 - WARNING - ⚠️ Employee ID: 8255045 can't be found in masterdata.xlsx --> Employee
2025-05-21 08:10:26,681 - WARNING - ️⚠️ Cannot determine shift code for Employee ID: 8255046
2025-05-21 08:10:26,682 - INFO - 💾 Generating 8255046-Sarah Najlaa Bt SH Razi Employee Report...
2025-05-21 08:10:26,691 - INFO - 💾 Generating 8255046-Sarah Najlaa Bt SH Razi Master Report...
2025-05-21 08:10:26,692 - WARNING - ⚠️ Employee ID: 8255046 can't be found in masterdata.xlsx --> Employee
2025-05-21 08:10:26,714 - WARNING - ️⚠️ Cannot determine shift code for Employee ID: 8255048
2025-05-21 08:10:26,716 - INFO - 💾 Generating 8255048-Megala AP Muruthi Employee Report...
2025-05-21 08:10:26,725 - INFO - 💾 Generating 8255048-Megala AP Muruthi Master Report...
2025-05-21 08:10:26,726 - WARNING - ⚠️ Employee ID: 8255048 can't be found in masterdata.xlsx --> Employee
2025-05-21 08:10:26,750 - WARNING - ️⚠️ Cannot determine shift code for Employee ID: 8255049
2025-05-21 08:10:26,753 - INFO - 💾 Generating 8255049-Hemalatha AP Velayuthan Employee Report...
2025-05-21 08:10:26,763 - INFO - 💾 Generating 8255049-Hemalatha AP Velayuthan Master Report...
2025-05-21 08:10:26,764 - WARNING - ⚠️ Employee ID: 8255049 can't be found in masterdata.xlsx --> Employee
2025-05-21 08:10:26,788 - WARNING - ️⚠️ Cannot determine shift code for Employee ID: 8255050
2025-05-21 08:10:26,791 - INFO - 💾 Generating 8255050-Mohana AP Velayuthan Employee Report...
2025-05-21 08:10:26,801 - INFO - 💾 Generating 8255050-Mohana AP Velayuthan Master Report...
2025-05-21 08:10:26,803 - WARNING - ⚠️ Employee ID: 8255050 can't be found in masterdata.xlsx --> Employee
2025-05-21 08:10:26,824 - WARNING - ️⚠️ Cannot determine shift code for Employee ID: 8255052
2025-05-21 08:10:26,826 - INFO - 💾 Generating 8255052-Nor Aqilah Uzma Binti Roslan Employee Report...
2025-05-21 08:10:26,836 - INFO - 💾 Generating 8255052-Nor Aqilah Uzma Binti Roslan Master Report...
2025-05-21 08:10:26,836 - WARNING - ⚠️ Employee ID: 8255052 can't be found in masterdata.xlsx --> Employee
2025-05-21 08:10:26,855 - WARNING - ️⚠️ Cannot determine shift code for Employee ID: 8255053
2025-05-21 08:10:26,858 - INFO - 💾 Generating 8255053-Masminah Binti Julganah Employee Report...
2025-05-21 08:10:26,866 - INFO - 💾 Generating 8255053-Masminah Binti Julganah Master Report...
2025-05-21 08:10:26,868 - WARNING - ⚠️ Employee ID: 8255053 can't be found in masterdata.xlsx --> Employee
2025-05-21 08:10:26,900 - WARNING - ️⚠️ Cannot determine shift code for Employee ID: 8255054
2025-05-21 08:10:26,904 - INFO - 💾 Generating 8255054-Nur Alia Binti Mohamad Amzah Employee Report...
2025-05-21 08:10:26,914 - INFO - 💾 Generating 8255054-Nur Alia Binti Mohamad Amzah Master Report...
2025-05-21 08:10:26,915 - WARNING - ⚠️ Employee ID: 8255054 can't be found in masterdata.xlsx --> Employee
2025-05-21 08:10:26,931 - WARNING - ️⚠️ Cannot determine shift code for Employee ID: 8255055
2025-05-21 08:10:26,939 - INFO - 💾 Generating 8255055-Paula Anak Menjang Employee Report...
2025-05-21 08:10:26,947 - INFO - 💾 Generating 8255055-Paula Anak Menjang Master Report...
2025-05-21 08:10:26,948 - WARNING - ⚠️ Employee ID: 8255055 can't be found in masterdata.xlsx --> Employee
2025-05-21 08:10:26,965 - WARNING - ️⚠️ Cannot determine shift code for Employee ID: 8255056
2025-05-21 08:10:26,973 - INFO - 💾 Generating 8255056-Aidrin Ding Employee Report...
2025-05-21 08:10:26,982 - INFO - 💾 Generating 8255056-Aidrin Ding Master Report...
2025-05-21 08:10:26,983 - WARNING - ⚠️ Employee ID: 8255056 can't be found in masterdata.xlsx --> Employee
2025-05-21 08:10:27,005 - WARNING - ️⚠️ Cannot determine shift code for Employee ID: 8255057
2025-05-21 08:10:27,010 - INFO - 💾 Generating 8255057-Nor Shaeera Binti Yahya Employee Report...
2025-05-21 08:10:27,022 - INFO - 💾 Generating 8255057-Nor Shaeera Binti Yahya Master Report...
2025-05-21 08:10:27,023 - WARNING - ⚠️ Employee ID: 8255057 can't be found in masterdata.xlsx --> Employee
2025-05-21 08:10:27,074 - WARNING - ️⚠️ Cannot determine shift code for Employee ID: 8258001
2025-05-21 08:10:27,092 - INFO - 💾 Generating 8258001-Aye Mya Mon Employee Report...
2025-05-21 08:10:27,103 - INFO - 💾 Generating 8258001-Aye Mya Mon Master Report...
2025-05-21 08:10:27,104 - WARNING - ⚠️ Employee ID: 8258001 can't be found in masterdata.xlsx --> Employee
2025-05-21 08:10:27,154 - WARNING - ️⚠️ Cannot determine shift code for Employee ID: 8258002
2025-05-21 08:10:27,174 - INFO - 💾 Generating 8258002-Thwe Thwe Phyo Employee Report...
2025-05-21 08:10:27,186 - INFO - 💾 Generating 8258002-Thwe Thwe Phyo Master Report...
2025-05-21 08:10:27,187 - WARNING - ⚠️ Employee ID: 8258002 can't be found in masterdata.xlsx --> Employee
2025-05-21 08:10:27,239 - WARNING - ️⚠️ Cannot determine shift code for Employee ID: 8258003
2025-05-21 08:10:27,259 - INFO - 💾 Generating 8258003-Soe Hnin Nwe Employee Report...
2025-05-21 08:10:27,270 - INFO - 💾 Generating 8258003-Soe Hnin Nwe Master Report...
2025-05-21 08:10:27,271 - WARNING - ⚠️ Employee ID: 8258003 can't be found in masterdata.xlsx --> Employee
2025-05-21 08:10:27,307 - WARNING - ️⚠️ Cannot determine shift code for Employee ID: 8258004
2025-05-21 08:10:27,310 - INFO - 💾 Generating 8258004-Myat Wint Yee Employee Report...
2025-05-21 08:10:27,322 - INFO - 💾 Generating 8258004-Myat Wint Yee Master Report...
2025-05-21 08:10:27,323 - WARNING - ⚠️ Employee ID: 8258004 can't be found in masterdata.xlsx --> Employee
2025-05-21 08:10:27,375 - WARNING - ️⚠️ Cannot determine shift code for Employee ID: 8258005
2025-05-21 08:10:27,392 - INFO - 💾 Generating 8258005-Kyal Zin Oo Employee Report...
2025-05-21 08:10:27,401 - INFO - 💾 Generating 8258005-Kyal Zin Oo Master Report...
2025-05-21 08:10:27,401 - WARNING - ⚠️ Employee ID: 8258005 can't be found in masterdata.xlsx --> Employee
2025-05-21 08:10:27,444 - WARNING - ️⚠️ Cannot determine shift code for Employee ID: 8258006
2025-05-21 08:10:27,461 - INFO - 💾 Generating 8258006-Zin Mar Soe Employee Report...
2025-05-21 08:10:27,471 - INFO - 💾 Generating 8258006-Zin Mar Soe Master Report...
2025-05-21 08:10:27,472 - WARNING - ⚠️ Employee ID: 8258006 can't be found in masterdata.xlsx --> Employee
2025-05-21 08:10:27,514 - WARNING - ️⚠️ Cannot determine shift code for Employee ID: 8258007
2025-05-21 08:10:27,526 - INFO - 💾 Generating 8258007-Thu Zar Win Employee Report...
2025-05-21 08:10:27,535 - INFO - 💾 Generating 8258007-Thu Zar Win Master Report...
2025-05-21 08:10:27,536 - WARNING - ⚠️ Employee ID: 8258007 can't be found in masterdata.xlsx --> Employee
2025-05-21 08:10:27,576 - WARNING - ️⚠️ Cannot determine shift code for Employee ID: 8258008
2025-05-21 08:10:27,593 - INFO - 💾 Generating 8258008-Than Than Khaing Employee Report...
2025-05-21 08:10:27,601 - INFO - 💾 Generating 8258008-Than Than Khaing Master Report...
2025-05-21 08:10:27,603 - WARNING - ⚠️ Employee ID: 8258008 can't be found in masterdata.xlsx --> Employee
2025-05-21 08:10:27,644 - WARNING - ️⚠️ Cannot determine shift code for Employee ID: 8258009
2025-05-21 08:10:27,658 - INFO - 💾 Generating 8258009-Thin Thin Ngwe Employee Report...
2025-05-21 08:10:27,666 - INFO - 💾 Generating 8258009-Thin Thin Ngwe Master Report...
2025-05-21 08:10:27,666 - WARNING - ⚠️ Employee ID: 8258009 can't be found in masterdata.xlsx --> Employee
2025-05-21 08:10:27,682 - WARNING - ️⚠️ Cannot determine shift code for Employee ID: 8258010
2025-05-21 08:10:27,684 - INFO - 💾 Generating 8258010-Zue Zue Kyaw Employee Report...
2025-05-21 08:10:27,692 - INFO - 💾 Generating 8258010-Zue Zue Kyaw Master Report...
2025-05-21 08:10:27,693 - WARNING - ⚠️ Employee ID: 8258010 can't be found in masterdata.xlsx --> Employee
2025-05-21 08:10:27,710 - WARNING - ️⚠️ Cannot determine shift code for Employee ID: 8258011
2025-05-21 08:10:27,712 - INFO - 💾 Generating 8258011-Tin Mar Aye Employee Report...
2025-05-21 08:10:27,721 - INFO - 💾 Generating 8258011-Tin Mar Aye Master Report...
2025-05-21 08:10:27,721 - WARNING - ⚠️ Employee ID: 8258011 can't be found in masterdata.xlsx --> Employee
2025-05-21 08:10:27,741 - WARNING - ️⚠️ Cannot determine shift code for Employee ID: 8258012
2025-05-21 08:10:27,743 - INFO - 💾 Generating 8258012-Wathan Nay Lin Employee Report...
2025-05-21 08:10:27,751 - INFO - 💾 Generating 8258012-Wathan Nay Lin Master Report...
2025-05-21 08:10:27,751 - WARNING - ⚠️ Employee ID: 8258012 can't be found in masterdata.xlsx --> Employee
2025-05-21 08:10:27,792 - WARNING - ️⚠️ Cannot determine shift code for Employee ID: 8258013
2025-05-21 08:10:27,806 - INFO - 💾 Generating 8258013-Moe Thuzar Employee Report...
2025-05-21 08:10:27,815 - INFO - 💾 Generating 8258013-Moe Thuzar Master Report...
2025-05-21 08:10:27,816 - WARNING - ⚠️ Employee ID: 8258013 can't be found in masterdata.xlsx --> Employee
2025-05-21 08:10:27,831 - WARNING - ️⚠️ Cannot determine shift code for Employee ID: 8258014
2025-05-21 08:10:27,833 - INFO - 💾 Generating 8258014-Khaing Zar Aung Employee Report...
2025-05-21 08:10:27,841 - INFO - 💾 Generating 8258014-Khaing Zar Aung Master Report...
2025-05-21 08:10:27,842 - WARNING - ⚠️ Employee ID: 8258014 can't be found in masterdata.xlsx --> Employee
2025-05-21 08:10:27,858 - WARNING - ️⚠️ Cannot determine shift code for Employee ID: 8258015
2025-05-21 08:10:27,860 - INFO - 💾 Generating 8258015-Zar Zar OO Employee Report...
2025-05-21 08:10:27,867 - INFO - 💾 Generating 8258015-Zar Zar OO Master Report...
2025-05-21 08:10:27,868 - WARNING - ⚠️ Employee ID: 8258015 can't be found in masterdata.xlsx --> Employee
2025-05-21 08:10:27,911 - WARNING - ️⚠️ Cannot determine shift code for Employee ID: 8258016
2025-05-21 08:10:27,928 - INFO - 💾 Generating 8258016-Yin May Win Employee Report...
2025-05-21 08:10:28,009 - INFO - 💾 Generating 8258016-Yin May Win Master Report...
2025-05-21 08:10:28,010 - WARNING - ⚠️ Employee ID: 8258016 can't be found in masterdata.xlsx --> Employee
2025-05-21 08:10:28,034 - WARNING - ️⚠️ Cannot determine shift code for Employee ID: 8258017
2025-05-21 08:10:28,038 - INFO - 💾 Generating 8258017-Zin Mar Khaing Employee Report...
2025-05-21 08:10:28,049 - INFO - 💾 Generating 8258017-Zin Mar Khaing Master Report...
2025-05-21 08:10:28,050 - WARNING - ⚠️ Employee ID: 8258017 can't be found in masterdata.xlsx --> Employee
2025-05-21 08:10:28,078 - WARNING - ️⚠️ Cannot determine shift code for Employee ID: 8258018
2025-05-21 08:10:28,082 - INFO - 💾 Generating 8258018-Nyein Nyein Khaing Employee Report...
2025-05-21 08:10:28,093 - INFO - 💾 Generating 8258018-Nyein Nyein Khaing Master Report...
2025-05-21 08:10:28,093 - WARNING - ⚠️ Employee ID: 8258018 can't be found in masterdata.xlsx --> Employee
2025-05-21 08:10:28,111 - WARNING - ️⚠️ Cannot determine shift code for Employee ID: 8258019
2025-05-21 08:10:28,114 - INFO - 💾 Generating 8258019-Myint Myint Than Employee Report...
2025-05-21 08:10:28,123 - INFO - 💾 Generating 8258019-Myint Myint Than Master Report...
2025-05-21 08:10:28,123 - WARNING - ⚠️ Employee ID: 8258019 can't be found in masterdata.xlsx --> Employee
2025-05-21 08:10:28,166 - WARNING - ️⚠️ Cannot determine shift code for Employee ID: 8258020
2025-05-21 08:10:28,181 - INFO - 💾 Generating 8258020-Than Than Soe Employee Report...
2025-05-21 08:10:28,193 - INFO - 💾 Generating 8258020-Than Than Soe Master Report...
2025-05-21 08:10:28,193 - WARNING - ⚠️ Employee ID: 8258020 can't be found in masterdata.xlsx --> Employee
2025-05-21 08:10:28,246 - WARNING - ️⚠️ Cannot determine shift code for Employee ID: 8258021
2025-05-21 08:10:28,265 - INFO - 💾 Generating 8258021-Pyae Pyae Soe Employee Report...
2025-05-21 08:10:28,278 - INFO - 💾 Generating 8258021-Pyae Pyae Soe Master Report...
2025-05-21 08:10:28,279 - WARNING - ⚠️ Employee ID: 8258021 can't be found in masterdata.xlsx --> Employee
2025-05-21 08:10:28,324 - WARNING - ️⚠️ Cannot determine shift code for Employee ID: 8258022
2025-05-21 08:10:28,338 - INFO - 💾 Generating 8258022-Lae Lae Aung Employee Report...
2025-05-21 08:10:28,348 - INFO - 💾 Generating 8258022-Lae Lae Aung Master Report...
2025-05-21 08:10:28,349 - WARNING - ⚠️ Employee ID: 8258022 can't be found in masterdata.xlsx --> Employee
2025-05-21 08:10:28,387 - WARNING - ️⚠️ Cannot determine shift code for Employee ID: 8258023
2025-05-21 08:10:28,401 - INFO - 💾 Generating 8258023-Shwe Mi Employee Report...
2025-05-21 08:10:28,411 - INFO - 💾 Generating 8258023-Shwe Mi Master Report...
2025-05-21 08:10:28,413 - WARNING - ⚠️ Employee ID: 8258023 can't be found in masterdata.xlsx --> Employee
2025-05-21 08:10:28,460 - WARNING - ️⚠️ Cannot determine shift code for Employee ID: 8258024
2025-05-21 08:10:28,477 - INFO - 💾 Generating 8258024-Zin Mar Wai Employee Report...
2025-05-21 08:10:28,489 - INFO - 💾 Generating 8258024-Zin Mar Wai Master Report...
2025-05-21 08:10:28,490 - WARNING - ⚠️ Employee ID: 8258024 can't be found in masterdata.xlsx --> Employee
2025-05-21 08:10:28,542 - WARNING - ️⚠️ Cannot determine shift code for Employee ID: 8258025
2025-05-21 08:10:28,559 - INFO - 💾 Generating 8258025-Hnin Wutt Yi Employee Report...
2025-05-21 08:10:28,571 - INFO - 💾 Generating 8258025-Hnin Wutt Yi Master Report...
2025-05-21 08:10:28,572 - WARNING - ⚠️ Employee ID: 8258025 can't be found in masterdata.xlsx --> Employee
2025-05-21 08:10:28,620 - WARNING - ️⚠️ Cannot determine shift code for Employee ID: 8258026
2025-05-21 08:10:28,638 - INFO - 💾 Generating 8258026-Than Win Khaing Employee Report...
2025-05-21 08:10:28,650 - INFO - 💾 Generating 8258026-Than Win Khaing Master Report...
2025-05-21 08:10:28,651 - WARNING - ⚠️ Employee ID: 8258026 can't be found in masterdata.xlsx --> Employee
2025-05-21 08:10:28,699 - WARNING - ️⚠️ Cannot determine shift code for Employee ID: 8258027
2025-05-21 08:10:28,716 - INFO - 💾 Generating 8258027-Chaw Yadanr Khaing Employee Report...
2025-05-21 08:10:28,727 - INFO - 💾 Generating 8258027-Chaw Yadanr Khaing Master Report...
2025-05-21 08:10:28,728 - WARNING - ⚠️ Employee ID: 8258027 can't be found in masterdata.xlsx --> Employee
2025-05-21 08:10:28,766 - WARNING - ️⚠️ Cannot determine shift code for Employee ID: 8258028
2025-05-21 08:10:28,778 - INFO - 💾 Generating 8258028-Nu Nu Wai Employee Report...
2025-05-21 08:10:28,787 - INFO - 💾 Generating 8258028-Nu Nu Wai Master Report...
2025-05-21 08:10:28,788 - WARNING - ⚠️ Employee ID: 8258028 can't be found in masterdata.xlsx --> Employee
2025-05-21 08:10:28,813 - WARNING - ️⚠️ Cannot determine shift code for Employee ID: 8258029
2025-05-21 08:10:28,823 - INFO - 💾 Generating 8258029-Chamar Diwakar Employee Report...
2025-05-21 08:10:28,831 - INFO - 💾 Generating 8258029-Chamar Diwakar Master Report...
2025-05-21 08:10:28,831 - WARNING - ⚠️ Employee ID: 8258029 can't be found in masterdata.xlsx --> Employee
2025-05-21 08:10:28,854 - WARNING - ️⚠️ Cannot determine shift code for Employee ID: 8258030
2025-05-21 08:10:28,863 - INFO - 💾 Generating 8258030-Bhim Bahadur Thapa Employee Report...
2025-05-21 08:10:28,871 - INFO - 💾 Generating 8258030-Bhim Bahadur Thapa Master Report...
2025-05-21 08:10:28,873 - WARNING - ⚠️ Employee ID: 8258030 can't be found in masterdata.xlsx --> Employee
2025-05-21 08:10:28,921 - WARNING - ️⚠️ Cannot determine shift code for Employee ID: 8275065
2025-05-21 08:10:28,938 - INFO - 💾 Generating 8275065-Siti Nor Aisyah Employee Report...
2025-05-21 08:10:28,948 - INFO - 💾 Generating 8275065-Siti Nor Aisyah Master Report...
2025-05-21 08:10:28,949 - WARNING - ⚠️ Employee ID: 8275065 can't be found in masterdata.xlsx --> Employee
2025-05-21 08:10:28,950 - INFO - 💾 Saving in progress...Please be patient
