2025-05-21 08:13:44,640 - INFO - 📁 Reading masterdata.xlsx...
2025-05-21 08:13:44,998 - INFO - 📊️ Data Processing...
2025-05-21 08:13:45,178 - INFO - 💾 Generating 8232001-Hsieh Yu Ting Employee Report...
2025-05-21 08:13:45,190 - INFO - 💾 Generating 8232001-Hsieh Yu Ting Master Report...
2025-05-21 08:13:45,277 - INFO - 💾 Generating 8232003-Muhammad Irfan bin Mohamad Employee Report...
2025-05-21 08:13:45,290 - INFO - 💾 Generating 8232003-Muhammad Irfan bin Mohamad Master Report...
2025-05-21 08:13:45,360 - INFO - 💾 Generating 8232005-Siti Norhafiza binti Idris Employee Report...
2025-05-21 08:13:45,369 - INFO - 💾 Generating 8232005-Siti Norhafiza binti Idris Master Report...
2025-05-21 08:13:45,391 - WARNING - ️⚠️ Cannot determine shift code for Employee ID: 8232006
2025-05-21 08:13:45,393 - INFO - 💾 Generating 8232006-Zoey Pok Employee Report...
2025-05-21 08:13:45,401 - INFO - 💾 Generating 8232006-Zoey Pok Master Report...
2025-05-21 08:13:45,401 - WARNING - ⚠️ Employee ID: 8232006 can't be found in masterdata.xlsx --> Employee
2025-05-21 08:13:45,482 - INFO - 💾 Generating 8232010-Kwak Fang Wei Employee Report...
2025-05-21 08:13:45,495 - INFO - 💾 Generating 8232010-Kwak Fang Wei Master Report...
2025-05-21 08:13:45,594 - INFO - 💾 Generating 8232011-Nurshuhaily Binti Zainisiam Employee Report...
2025-05-21 08:13:45,606 - INFO - 💾 Generating 8232011-Nurshuhaily Binti Zainisiam Master Report...
2025-05-21 08:13:45,698 - INFO - 💾 Generating 8232015-Nurul Iyiani binti Sazali Employee Report...
2025-05-21 08:13:45,711 - INFO - 💾 Generating 8232015-Nurul Iyiani binti Sazali Master Report...
2025-05-21 08:13:45,798 - INFO - 💾 Generating 8242001-Nurse Fatiha binti Hamzah Employee Report...
2025-05-21 08:13:45,810 - INFO - 💾 Generating 8242001-Nurse Fatiha binti Hamzah Master Report...
2025-05-21 08:13:45,907 - INFO - 💾 Generating 8242003-Muhammad Khirrudin bin Mohamad Lassim Employee Report...
2025-05-21 08:13:45,919 - INFO - 💾 Generating 8242003-Muhammad Khirrudin bin Mohamad Lassim Master Report...
2025-05-21 08:13:46,001 - INFO - 💾 Generating 8242005-Felicia Wong Employee Report...
2025-05-21 08:13:46,013 - INFO - 💾 Generating 8242005-Felicia Wong Master Report...
2025-05-21 08:13:46,105 - INFO - 💾 Generating 8242011-Siti Saleha Binti Alias Employee Report...
2025-05-21 08:13:46,118 - INFO - 💾 Generating 8242011-Siti Saleha Binti Alias Master Report...
2025-05-21 08:13:46,207 - INFO - 💾 Generating 8242012-Nur Najwa Atasha binti Muhamad Employee Report...
2025-05-21 08:13:46,216 - INFO - 💾 Generating 8242012-Nur Najwa Atasha binti Muhamad Master Report...
2025-05-21 08:13:46,283 - INFO - 💾 Generating 8242013-Illayarani AP Moohan Employee Report...
2025-05-21 08:13:46,292 - INFO - 💾 Generating 8242013-Illayarani AP Moohan Master Report...
2025-05-21 08:13:46,383 - INFO - 💾 Generating 8242015-Norsyakiela binti Sini Employee Report...
2025-05-21 08:13:46,396 - INFO - 💾 Generating 8242015-Norsyakiela binti Sini Master Report...
2025-05-21 08:13:46,484 - INFO - 💾 Generating 8242016-Nurul Ellya Izzati Employee Report...
2025-05-21 08:13:46,495 - INFO - 💾 Generating 8242016-Nurul Ellya Izzati Master Report...
2025-05-21 08:13:46,580 - INFO - 💾 Generating 8242019-Siti Jahinah Binti Asmaul Employee Report...
2025-05-21 08:13:46,593 - INFO - 💾 Generating 8242019-Siti Jahinah Binti Asmaul Master Report...
2025-05-21 08:13:46,683 - INFO - 💾 Generating 8242021-Nurul Syazwani Binti Haidi Employee Report...
2025-05-21 08:13:46,695 - INFO - 💾 Generating 8242021-Nurul Syazwani Binti Haidi Master Report...
2025-05-21 08:13:46,778 - INFO - 💾 Generating 8242022-Meena Sabaratnam Employee Report...
2025-05-21 08:13:46,790 - INFO - 💾 Generating 8242022-Meena Sabaratnam Master Report...
2025-05-21 08:13:46,882 - INFO - 💾 Generating 8242029-Suhaini Employee Report...
2025-05-21 08:13:46,893 - INFO - 💾 Generating 8242029-Suhaini Master Report...
2025-05-21 08:13:46,960 - INFO - 💾 Generating 8242031-Siti Nur Aisyah Employee Report...
2025-05-21 08:13:46,971 - INFO - 💾 Generating 8242031-Siti Nur Aisyah Master Report...
2025-05-21 08:13:47,056 - INFO - 💾 Generating 8242037-Siti Nurdiana Employee Report...
2025-05-21 08:13:47,067 - INFO - 💾 Generating 8242037-Siti Nurdiana Master Report...
2025-05-21 08:13:47,164 - INFO - 💾 Generating 8242040-Lia Natasha Employee Report...
2025-05-21 08:13:47,179 - INFO - 💾 Generating 8242040-Lia Natasha Master Report...
2025-05-21 08:13:47,205 - WARNING - ️⚠️ Cannot determine shift code for Employee ID: 8242041
2025-05-21 08:13:47,207 - INFO - 💾 Generating 8242041-Siow Kian Hwa Employee Report...
2025-05-21 08:13:47,218 - INFO - 💾 Generating 8242041-Siow Kian Hwa Master Report...
2025-05-21 08:13:47,219 - WARNING - ⚠️ Employee ID: 8242041 can't be found in masterdata.xlsx --> Employee
2025-05-21 08:13:47,319 - INFO - 💾 Generating 8242042-Mohd Imann Employee Report...
2025-05-21 08:13:47,331 - INFO - 💾 Generating 8242042-Mohd Imann Master Report...
2025-05-21 08:13:47,429 - INFO - 💾 Generating 8242044-Chong Jing Yi Employee Report...
2025-05-21 08:13:47,444 - INFO - 💾 Generating 8242044-Chong Jing Yi Master Report...
2025-05-21 08:13:47,553 - INFO - 💾 Generating 8242047-Nurul Haziqah Employee Report...
2025-05-21 08:13:47,565 - INFO - 💾 Generating 8242047-Nurul Haziqah Master Report...
2025-05-21 08:13:47,664 - INFO - 💾 Generating 8242048-Nur'ain binti Muhamad Syarif Employee Report...
2025-05-21 08:13:47,677 - INFO - 💾 Generating 8242048-Nur'ain binti Muhamad Syarif Master Report...
2025-05-21 08:13:47,783 - INFO - 💾 Generating 8242054-Siti Nur Syahirah Employee Report...
2025-05-21 08:13:47,796 - INFO - 💾 Generating 8242054-Siti Nur Syahirah Master Report...
2025-05-21 08:13:47,821 - WARNING - ️⚠️ Cannot determine shift code for Employee ID: 8242056
2025-05-21 08:13:47,824 - INFO - 💾 Generating 8242056-Nurul Shafira Employee Report...
2025-05-21 08:13:47,833 - INFO - 💾 Generating 8242056-Nurul Shafira Master Report...
2025-05-21 08:13:47,834 - WARNING - ⚠️ Employee ID: 8242056 can't be found in masterdata.xlsx --> Employee
2025-05-21 08:13:47,934 - INFO - 💾 Generating 8242063-Kamaliah Employee Report...
2025-05-21 08:13:47,986 - INFO - 💾 Generating 8242063-Kamaliah Master Report...
2025-05-21 08:13:48,085 - INFO - 💾 Generating 8242064-Jepren Employee Report...
2025-05-21 08:13:48,097 - INFO - 💾 Generating 8242064-Jepren Master Report...
2025-05-21 08:13:48,182 - INFO - 💾 Generating 8242067-Li Pei Chi Employee Report...
2025-05-21 08:13:48,194 - INFO - 💾 Generating 8242067-Li Pei Chi Master Report...
2025-05-21 08:13:48,274 - INFO - 💾 Generating 8242069-Lim Chu Yan Employee Report...
2025-05-21 08:13:48,285 - INFO - 💾 Generating 8242069-Lim Chu Yan Master Report...
2025-05-21 08:13:48,383 - INFO - 💾 Generating 8242073-Punitha Employee Report...
2025-05-21 08:13:48,396 - INFO - 💾 Generating 8242073-Punitha Master Report...
2025-05-21 08:13:48,486 - INFO - 💾 Generating 8242083-Azura Employee Report...
2025-05-21 08:13:48,498 - INFO - 💾 Generating 8242083-Azura Master Report...
2025-05-21 08:13:48,583 - INFO - 💾 Generating 8242085-Nur Aini Employee Report...
2025-05-21 08:13:48,593 - INFO - 💾 Generating 8242085-Nur Aini Master Report...
2025-05-21 08:13:48,687 - INFO - 💾 Generating 8242086-Nor Fazilah Employee Report...
2025-05-21 08:13:48,699 - INFO - 💾 Generating 8242086-Nor Fazilah Master Report...
2025-05-21 08:13:48,725 - WARNING - ️⚠️ Cannot determine shift code for Employee ID: 8242089
2025-05-21 08:13:48,728 - INFO - 💾 Generating 8242089-Ooi Chin Kent Employee Report...
2025-05-21 08:13:48,737 - INFO - 💾 Generating 8242089-Ooi Chin Kent Master Report...
2025-05-21 08:13:48,738 - WARNING - ⚠️ Employee ID: 8242089 can't be found in masterdata.xlsx --> Employee
2025-05-21 08:13:48,827 - INFO - 💾 Generating 8242100-Aziela Employee Report...
2025-05-21 08:13:48,841 - INFO - 💾 Generating 8242100-Aziela Master Report...
2025-05-21 08:13:49,876 - INFO - 💾 Generating 8242102-Nur atika Employee Report...
2025-05-21 08:13:49,896 - INFO - 💾 Generating 8242102-Nur atika Master Report...
2025-05-21 08:13:50,030 - INFO - 💾 Generating 8242104-Nur Syazana Employee Report...
2025-05-21 08:13:50,044 - INFO - 💾 Generating 8242104-Nur Syazana Master Report...
2025-05-21 08:13:50,086 - INFO - 💾 Generating 8242106-Lim Song Keong Employee Report...
2025-05-21 08:13:50,099 - INFO - 💾 Generating 8242106-Lim Song Keong Master Report...
2025-05-21 08:13:50,169 - INFO - 💾 Generating 8242107-Mohamad Shahzwan Employee Report...
2025-05-21 08:13:50,181 - INFO - 💾 Generating 8242107-Mohamad Shahzwan Master Report...
2025-05-21 08:13:50,279 - INFO - 💾 Generating 8242109-Nur Hafiza Employee Report...
2025-05-21 08:13:50,295 - INFO - 💾 Generating 8242109-Nur Hafiza Master Report...
2025-05-21 08:13:50,374 - INFO - 💾 Generating 8242111-Naim Muizzuddin bin Mohamad Sah Employee Report...
2025-05-21 08:13:50,386 - INFO - 💾 Generating 8242111-Naim Muizzuddin bin Mohamad Sah Master Report...
2025-05-21 08:13:50,469 - INFO - 💾 Generating 8242112-Yvonne Tan Employee Report...
2025-05-21 08:13:50,483 - INFO - 💾 Generating 8242112-Yvonne Tan Master Report...
2025-05-21 08:13:50,514 - INFO - 💾 Generating 8242113-Celine Woon Employee Report...
2025-05-21 08:13:50,524 - INFO - 💾 Generating 8242113-Celine Woon Master Report...
2025-05-21 08:13:50,549 - WARNING - ️⚠️ Cannot determine shift code for Employee ID: 8242114
2025-05-21 08:13:50,552 - INFO - 💾 Generating 8242114-Nur Filzaamirah Employee Report...
2025-05-21 08:13:50,563 - INFO - 💾 Generating 8242114-Nur Filzaamirah Master Report...
2025-05-21 08:13:50,564 - WARNING - ⚠️ Employee ID: 8242114 can't be found in masterdata.xlsx --> Employee
2025-05-21 08:13:50,655 - INFO - 💾 Generating 8242115-Nicholas Mark Netto Employee Report...
2025-05-21 08:13:50,666 - INFO - 💾 Generating 8242115-Nicholas Mark Netto Master Report...
2025-05-21 08:13:50,744 - INFO - 💾 Generating 8242116-Tan Teck Loon Employee Report...
2025-05-21 08:13:50,754 - INFO - 💾 Generating 8242116-Tan Teck Loon Master Report...
2025-05-21 08:13:50,834 - INFO - 💾 Generating 8242118-Siti Nur Natasyah Employee Report...
2025-05-21 08:13:50,849 - INFO - 💾 Generating 8242118-Siti Nur Natasyah Master Report...
2025-05-21 08:13:50,941 - INFO - 💾 Generating 8242119-Nurul Syazwani binti Azmi Employee Report...
2025-05-21 08:13:50,954 - INFO - 💾 Generating 8242119-Nurul Syazwani binti Azmi Master Report...
2025-05-21 08:13:51,046 - INFO - 💾 Generating 8242120-Noor Hakim bin Osman Employee Report...
2025-05-21 08:13:51,059 - INFO - 💾 Generating 8242120-Noor Hakim bin Osman Master Report...
2025-05-21 08:13:51,148 - INFO - 💾 Generating 8242121-M amirul Employee Report...
2025-05-21 08:13:51,160 - INFO - 💾 Generating 8242121-M amirul Master Report...
2025-05-21 08:13:51,219 - WARNING - ️⚠️ Cannot determine shift code for Employee ID: 8245007
2025-05-21 08:13:51,239 - INFO - 💾 Generating 8245007-Nora Employee Report...
2025-05-21 08:13:51,255 - INFO - 💾 Generating 8245007-Nora Master Report...
2025-05-21 08:13:51,256 - WARNING - ⚠️ Employee ID: 8245007 can't be found in masterdata.xlsx --> Employee
2025-05-21 08:13:51,283 - WARNING - ️⚠️ Cannot determine shift code for Employee ID: 8245010
2025-05-21 08:13:51,286 - INFO - 💾 Generating 8245010-Conelia Employee Report...
2025-05-21 08:13:51,297 - INFO - 💾 Generating 8245010-Conelia Master Report...
2025-05-21 08:13:51,298 - WARNING - ⚠️ Employee ID: 8245010 can't be found in masterdata.xlsx --> Employee
2025-05-21 08:13:51,354 - WARNING - ️⚠️ Cannot determine shift code for Employee ID: 8245030
2025-05-21 08:13:51,372 - INFO - 💾 Generating 8245030-Nik Norasyikin Employee Report...
2025-05-21 08:13:51,385 - INFO - 💾 Generating 8245030-Nik Norasyikin Master Report...
2025-05-21 08:13:51,386 - WARNING - ⚠️ Employee ID: 8245030 can't be found in masterdata.xlsx --> Employee
2025-05-21 08:13:51,411 - WARNING - ️⚠️ Cannot determine shift code for Employee ID: 8245045
2025-05-21 08:13:51,413 - INFO - 💾 Generating 8245045-Bhavani Employee Report...
2025-05-21 08:13:51,424 - INFO - 💾 Generating 8245045-Bhavani Master Report...
2025-05-21 08:13:51,425 - WARNING - ⚠️ Employee ID: 8245045 can't be found in masterdata.xlsx --> Employee
2025-05-21 08:13:51,480 - WARNING - ️⚠️ Cannot determine shift code for Employee ID: 8245048
2025-05-21 08:13:51,498 - INFO - 💾 Generating 8245048-Suriana Employee Report...
2025-05-21 08:13:51,511 - INFO - 💾 Generating 8245048-Suriana Master Report...
2025-05-21 08:13:51,511 - WARNING - ⚠️ Employee ID: 8245048 can't be found in masterdata.xlsx --> Employee
2025-05-21 08:13:51,567 - WARNING - ️⚠️ Cannot determine shift code for Employee ID: 8245049
2025-05-21 08:13:51,580 - INFO - 💾 Generating 8245049-Anu Soorya Employee Report...
2025-05-21 08:13:51,593 - INFO - 💾 Generating 8245049-Anu Soorya Master Report...
2025-05-21 08:13:51,594 - WARNING - ⚠️ Employee ID: 8245049 can't be found in masterdata.xlsx --> Employee
2025-05-21 08:13:51,617 - WARNING - ️⚠️ Cannot determine shift code for Employee ID: 8245053
2025-05-21 08:13:51,619 - INFO - 💾 Generating 8245053-Shafika Employee Report...
2025-05-21 08:13:51,631 - INFO - 💾 Generating 8245053-Shafika Master Report...
2025-05-21 08:13:51,632 - WARNING - ⚠️ Employee ID: 8245053 can't be found in masterdata.xlsx --> Employee
2025-05-21 08:13:51,655 - WARNING - ️⚠️ Cannot determine shift code for Employee ID: 8245058
2025-05-21 08:13:51,659 - INFO - 💾 Generating 8245058-Darshibi Employee Report...
2025-05-21 08:13:51,673 - INFO - 💾 Generating 8245058-Darshibi Master Report...
2025-05-21 08:13:51,674 - WARNING - ⚠️ Employee ID: 8245058 can't be found in masterdata.xlsx --> Employee
2025-05-21 08:13:51,728 - WARNING - ️⚠️ Cannot determine shift code for Employee ID: 8245059
2025-05-21 08:13:51,752 - INFO - 💾 Generating 8245059-Syarifah Employee Report...
2025-05-21 08:13:51,804 - INFO - 💾 Generating 8245059-Syarifah Master Report...
2025-05-21 08:13:51,805 - WARNING - ⚠️ Employee ID: 8245059 can't be found in masterdata.xlsx --> Employee
2025-05-21 08:13:51,823 - WARNING - ️⚠️ Cannot determine shift code for Employee ID: 8245063
2025-05-21 08:13:51,826 - INFO - 💾 Generating 8245063-Maizatul Employee Report...
2025-05-21 08:13:51,834 - INFO - 💾 Generating 8245063-Maizatul Master Report...
2025-05-21 08:13:51,835 - WARNING - ⚠️ Employee ID: 8245063 can't be found in masterdata.xlsx --> Employee
2025-05-21 08:13:51,884 - WARNING - ️⚠️ Cannot determine shift code for Employee ID: 8245066
2025-05-21 08:13:51,906 - INFO - 💾 Generating 8245066-Siti Asmah Employee Report...
2025-05-21 08:13:51,920 - INFO - 💾 Generating 8245066-Siti Asmah Master Report...
2025-05-21 08:13:51,921 - WARNING - ⚠️ Employee ID: 8245066 can't be found in masterdata.xlsx --> Employee
2025-05-21 08:13:51,944 - WARNING - ️⚠️ Cannot determine shift code for Employee ID: 8245068
2025-05-21 08:13:51,946 - INFO - 💾 Generating 8245068-Agrita Employee Report...
2025-05-21 08:13:51,957 - INFO - 💾 Generating 8245068-Agrita Master Report...
2025-05-21 08:13:51,958 - WARNING - ⚠️ Employee ID: 8245068 can't be found in masterdata.xlsx --> Employee
2025-05-21 08:13:52,004 - WARNING - ️⚠️ Cannot determine shift code for Employee ID: 8248001
2025-05-21 08:13:52,023 - INFO - 💾 Generating 8248001-Saw Aye Employee Report...
2025-05-21 08:13:52,033 - INFO - 💾 Generating 8248001-Saw Aye Master Report...
2025-05-21 08:13:52,034 - WARNING - ⚠️ Employee ID: 8248001 can't be found in masterdata.xlsx --> Employee
2025-05-21 08:13:52,084 - WARNING - ️⚠️ Cannot determine shift code for Employee ID: 8248002
2025-05-21 08:13:52,101 - INFO - 💾 Generating 8248002-Than Saw Employee Report...
2025-05-21 08:13:52,114 - INFO - 💾 Generating 8248002-Than Saw Master Report...
2025-05-21 08:13:52,114 - WARNING - ⚠️ Employee ID: 8248002 can't be found in masterdata.xlsx --> Employee
2025-05-21 08:13:52,163 - WARNING - ️⚠️ Cannot determine shift code for Employee ID: 8248006
2025-05-21 08:13:52,186 - INFO - 💾 Generating 8248006-Nan Win Thazin Yo Employee Report...
2025-05-21 08:13:52,201 - INFO - 💾 Generating 8248006-Nan Win Thazin Yo Master Report...
2025-05-21 08:13:52,202 - WARNING - ⚠️ Employee ID: 8248006 can't be found in masterdata.xlsx --> Employee
2025-05-21 08:13:52,254 - WARNING - ️⚠️ Cannot determine shift code for Employee ID: 8248007
2025-05-21 08:13:52,270 - INFO - 💾 Generating 8248007-Khin Mar Cho Employee Report...
2025-05-21 08:13:52,280 - INFO - 💾 Generating 8248007-Khin Mar Cho Master Report...
2025-05-21 08:13:52,281 - WARNING - ⚠️ Employee ID: 8248007 can't be found in masterdata.xlsx --> Employee
2025-05-21 08:13:52,323 - WARNING - ️⚠️ Cannot determine shift code for Employee ID: 8248013
2025-05-21 08:13:52,343 - INFO - 💾 Generating 8248013-Zin Mar Soe Employee Report...
2025-05-21 08:13:52,354 - INFO - 💾 Generating 8248013-Zin Mar Soe Master Report...
2025-05-21 08:13:52,356 - WARNING - ⚠️ Employee ID: 8248013 can't be found in masterdata.xlsx --> Employee
2025-05-21 08:13:52,407 - WARNING - ️⚠️ Cannot determine shift code for Employee ID: 8248014
2025-05-21 08:13:52,425 - INFO - 💾 Generating 8248014-Mie Thidar Employee Report...
2025-05-21 08:13:52,436 - INFO - 💾 Generating 8248014-Mie Thidar Master Report...
2025-05-21 08:13:52,437 - WARNING - ⚠️ Employee ID: 8248014 can't be found in masterdata.xlsx --> Employee
2025-05-21 08:13:52,485 - WARNING - ️⚠️ Cannot determine shift code for Employee ID: 8248015
2025-05-21 08:13:52,501 - INFO - 💾 Generating 8248015-Myint Kyi Employee Report...
2025-05-21 08:13:52,513 - INFO - 💾 Generating 8248015-Myint Kyi Master Report...
2025-05-21 08:13:52,513 - WARNING - ⚠️ Employee ID: 8248015 can't be found in masterdata.xlsx --> Employee
2025-05-21 08:13:52,563 - WARNING - ️⚠️ Cannot determine shift code for Employee ID: 8248016
2025-05-21 08:13:52,581 - INFO - 💾 Generating 8248016-Soe Soe Tun Employee Report...
2025-05-21 08:13:52,591 - INFO - 💾 Generating 8248016-Soe Soe Tun Master Report...
2025-05-21 08:13:52,593 - WARNING - ⚠️ Employee ID: 8248016 can't be found in masterdata.xlsx --> Employee
2025-05-21 08:13:52,636 - WARNING - ️⚠️ Cannot determine shift code for Employee ID: 8248017
2025-05-21 08:13:52,657 - INFO - 💾 Generating 8248017-Poe Poe Phyu Employee Report...
2025-05-21 08:13:52,667 - INFO - 💾 Generating 8248017-Poe Poe Phyu Master Report...
2025-05-21 08:13:52,667 - WARNING - ⚠️ Employee ID: 8248017 can't be found in masterdata.xlsx --> Employee
2025-05-21 08:13:52,718 - WARNING - ️⚠️ Cannot determine shift code for Employee ID: 8248019
2025-05-21 08:13:52,739 - INFO - 💾 Generating 8248019-Thandar Oo Employee Report...
2025-05-21 08:13:52,753 - INFO - 💾 Generating 8248019-Thandar Oo Master Report...
2025-05-21 08:13:52,754 - WARNING - ⚠️ Employee ID: 8248019 can't be found in masterdata.xlsx --> Employee
2025-05-21 08:13:52,811 - WARNING - ️⚠️ Cannot determine shift code for Employee ID: 8248020
2025-05-21 08:13:52,828 - INFO - 💾 Generating 8248020-Thandar Myo Win Employee Report...
2025-05-21 08:13:52,839 - INFO - 💾 Generating 8248020-Thandar Myo Win Master Report...
2025-05-21 08:13:52,840 - WARNING - ⚠️ Employee ID: 8248020 can't be found in masterdata.xlsx --> Employee
2025-05-21 08:13:52,861 - WARNING - ️⚠️ Cannot determine shift code for Employee ID: 8248021
2025-05-21 08:13:52,863 - INFO - 💾 Generating 8248021-Win Nandar Tun Employee Report...
2025-05-21 08:13:52,871 - INFO - 💾 Generating 8248021-Win Nandar Tun Master Report...
2025-05-21 08:13:52,871 - WARNING - ⚠️ Employee ID: 8248021 can't be found in masterdata.xlsx --> Employee
2025-05-21 08:13:52,894 - WARNING - ️⚠️ Cannot determine shift code for Employee ID: 8248023
2025-05-21 08:13:52,897 - INFO - 💾 Generating 8248023-Ma Khaing Employee Report...
2025-05-21 08:13:52,908 - INFO - 💾 Generating 8248023-Ma Khaing Master Report...
2025-05-21 08:13:52,909 - WARNING - ⚠️ Employee ID: 8248023 can't be found in masterdata.xlsx --> Employee
2025-05-21 08:13:52,961 - WARNING - ️⚠️ Cannot determine shift code for Employee ID: 8248024
2025-05-21 08:13:52,979 - INFO - 💾 Generating 8248024-Saw Eu Employee Report...
2025-05-21 08:13:52,991 - INFO - 💾 Generating 8248024-Saw Eu Master Report...
2025-05-21 08:13:52,991 - WARNING - ⚠️ Employee ID: 8248024 can't be found in masterdata.xlsx --> Employee
2025-05-21 08:13:53,043 - WARNING - ️⚠️ Cannot determine shift code for Employee ID: 8248025
2025-05-21 08:13:53,064 - INFO - 💾 Generating 8248025-Ei Mon Htwe Employee Report...
2025-05-21 08:13:53,075 - INFO - 💾 Generating 8248025-Ei Mon Htwe Master Report...
2025-05-21 08:13:53,076 - WARNING - ⚠️ Employee ID: 8248025 can't be found in masterdata.xlsx --> Employee
2025-05-21 08:13:53,099 - WARNING - ️⚠️ Cannot determine shift code for Employee ID: 8248026
2025-05-21 08:13:53,101 - INFO - 💾 Generating 8248026-Thu Zar Employee Report...
2025-05-21 08:13:53,112 - INFO - 💾 Generating 8248026-Thu Zar Master Report...
2025-05-21 08:13:53,113 - WARNING - ⚠️ Employee ID: 8248026 can't be found in masterdata.xlsx --> Employee
2025-05-21 08:13:53,165 - WARNING - ️⚠️ Cannot determine shift code for Employee ID: 8248027
2025-05-21 08:13:53,184 - INFO - 💾 Generating 8248027-Dar Li Tun Employee Report...
2025-05-21 08:13:53,196 - INFO - 💾 Generating 8248027-Dar Li Tun Master Report...
2025-05-21 08:13:53,197 - WARNING - ⚠️ Employee ID: 8248027 can't be found in masterdata.xlsx --> Employee
2025-05-21 08:13:53,249 - WARNING - ️⚠️ Cannot determine shift code for Employee ID: 8248028
2025-05-21 08:13:53,267 - INFO - 💾 Generating 8248028-Thae Nu Khaing Employee Report...
2025-05-21 08:13:53,279 - INFO - 💾 Generating 8248028-Thae Nu Khaing Master Report...
2025-05-21 08:13:53,280 - WARNING - ⚠️ Employee ID: 8248028 can't be found in masterdata.xlsx --> Employee
2025-05-21 08:13:53,321 - WARNING - ️⚠️ Cannot determine shift code for Employee ID: 8248029
2025-05-21 08:13:53,337 - INFO - 💾 Generating 8248029-Phyu Phyu Nyeinaye Employee Report...
2025-05-21 08:13:53,346 - INFO - 💾 Generating 8248029-Phyu Phyu Nyeinaye Master Report...
2025-05-21 08:13:53,347 - WARNING - ⚠️ Employee ID: 8248029 can't be found in masterdata.xlsx --> Employee
2025-05-21 08:13:53,391 - WARNING - ️⚠️ Cannot determine shift code for Employee ID: 8248030
2025-05-21 08:13:53,408 - INFO - 💾 Generating 8248030-Chaw Sein Employee Report...
2025-05-21 08:13:53,420 - INFO - 💾 Generating 8248030-Chaw Sein Master Report...
2025-05-21 08:13:53,421 - WARNING - ⚠️ Employee ID: 8248030 can't be found in masterdata.xlsx --> Employee
2025-05-21 08:13:53,444 - WARNING - ️⚠️ Cannot determine shift code for Employee ID: 8248031
2025-05-21 08:13:53,447 - INFO - 💾 Generating 8248031-May Thingyan Employee Report...
2025-05-21 08:13:53,456 - INFO - 💾 Generating 8248031-May Thingyan Master Report...
2025-05-21 08:13:53,457 - WARNING - ⚠️ Employee ID: 8248031 can't be found in masterdata.xlsx --> Employee
2025-05-21 08:13:53,506 - WARNING - ️⚠️ Cannot determine shift code for Employee ID: 8248032
2025-05-21 08:13:53,527 - INFO - 💾 Generating 8248032-Ei Ei Aung Employee Report...
2025-05-21 08:13:53,540 - INFO - 💾 Generating 8248032-Ei Ei Aung Master Report...
2025-05-21 08:13:53,541 - WARNING - ⚠️ Employee ID: 8248032 can't be found in masterdata.xlsx --> Employee
2025-05-21 08:13:53,606 - WARNING - ️⚠️ Cannot determine shift code for Employee ID: 8248033
2025-05-21 08:13:53,627 - INFO - 💾 Generating 8248033-Thin Thin Htay Employee Report...
2025-05-21 08:13:53,642 - INFO - 💾 Generating 8248033-Thin Thin Htay Master Report...
2025-05-21 08:13:53,643 - WARNING - ⚠️ Employee ID: 8248033 can't be found in masterdata.xlsx --> Employee
2025-05-21 08:13:53,699 - WARNING - ️⚠️ Cannot determine shift code for Employee ID: 8248034
2025-05-21 08:13:53,717 - INFO - 💾 Generating 8248034-Khin Khin Kyi Employee Report...
2025-05-21 08:13:53,729 - INFO - 💾 Generating 8248034-Khin Khin Kyi Master Report...
2025-05-21 08:13:53,730 - WARNING - ⚠️ Employee ID: 8248034 can't be found in masterdata.xlsx --> Employee
2025-05-21 08:13:53,811 - INFO - 💾 Generating 8252001-Muhammad Sahrilzani Employee Report...
2025-05-21 08:13:53,822 - INFO - 💾 Generating 8252001-Muhammad Sahrilzani Master Report...
2025-05-21 08:13:53,901 - INFO - 💾 Generating 8252002-Yogeswari Employee Report...
2025-05-21 08:13:53,911 - INFO - 💾 Generating 8252002-Yogeswari Master Report...
2025-05-21 08:13:53,988 - INFO - 💾 Generating 8252003-Nurul Izzah Employee Report...
2025-05-21 08:13:54,001 - INFO - 💾 Generating 8252003-Nurul Izzah Master Report...
2025-05-21 08:13:54,068 - INFO - 💾 Generating 8252004-Deniswari Employee Report...
2025-05-21 08:13:54,078 - INFO - 💾 Generating 8252004-Deniswari Master Report...
2025-05-21 08:13:54,156 - INFO - 💾 Generating 8252005-Nornabilah Employee Report...
2025-05-21 08:13:54,213 - INFO - 💾 Generating 8252005-Nornabilah Master Report...
2025-05-21 08:13:54,295 - INFO - 💾 Generating 8252009-Qurratul Aini Employee Report...
2025-05-21 08:13:54,304 - INFO - 💾 Generating 8252009-Qurratul Aini Master Report...
2025-05-21 08:13:54,390 - INFO - 💾 Generating 8252010-Nurul Fatihah Employee Report...
2025-05-21 08:13:54,402 - INFO - 💾 Generating 8252010-Nurul Fatihah Master Report...
2025-05-21 08:13:54,484 - INFO - 💾 Generating 8252011-Siti Nur Nabilah Binti Mohd Rais Employee Report...
2025-05-21 08:13:54,497 - INFO - 💾 Generating 8252011-Siti Nur Nabilah Binti Mohd Rais Master Report...
2025-05-21 08:13:54,528 - INFO - 💾 Generating 8252012-mohd rizal Employee Report...
2025-05-21 08:13:54,538 - INFO - 💾 Generating 8252012-mohd rizal Master Report...
2025-05-21 08:13:54,616 - INFO - 💾 Generating 8252013-Khidir Thong Employee Report...
2025-05-21 08:13:54,627 - INFO - 💾 Generating 8252013-Khidir Thong Master Report...
2025-05-21 08:13:54,703 - INFO - 💾 Generating 8252014-Mohd Aliffazwan Employee Report...
2025-05-21 08:13:54,713 - INFO - 💾 Generating 8252014-Mohd Aliffazwan Master Report...
2025-05-21 08:13:54,796 - INFO - 💾 Generating 8252015-Nur Farah Najihah Employee Report...
2025-05-21 08:13:54,809 - INFO - 💾 Generating 8252015-Nur Farah Najihah Master Report...
2025-05-21 08:13:54,891 - INFO - 💾 Generating 8252016-Yaseil Employee Report...
2025-05-21 08:13:54,901 - INFO - 💾 Generating 8252016-Yaseil Master Report...
2025-05-21 08:13:54,983 - INFO - 💾 Generating 8252017-Wong Si Huey Employee Report...
2025-05-21 08:13:54,995 - INFO - 💾 Generating 8252017-Wong Si Huey Master Report...
2025-05-21 08:13:55,043 - WARNING - ️⚠️ Cannot determine shift code for Employee ID: 8252019
2025-05-21 08:13:55,047 - INFO - 💾 Generating 8252019-Alia Employee Report...
2025-05-21 08:13:55,057 - INFO - 💾 Generating 8252019-Alia Master Report...
2025-05-21 08:13:55,058 - WARNING - ⚠️ Employee ID: 8252019 can't be found in masterdata.xlsx --> Employee
2025-05-21 08:13:55,075 - WARNING - ️⚠️ Cannot determine shift code for Employee ID: 8252020
2025-05-21 08:13:55,078 - INFO - 💾 Generating 8252020-Sarrohjini Ap Sathiamoorty Employee Report...
2025-05-21 08:13:55,085 - INFO - 💾 Generating 8252020-Sarrohjini Ap Sathiamoorty Master Report...
2025-05-21 08:13:55,085 - WARNING - ⚠️ Employee ID: 8252020 can't be found in masterdata.xlsx --> Employee
2025-05-21 08:13:55,157 - INFO - 💾 Generating 8252021-Hemalatha AP Shankar Employee Report...
2025-05-21 08:13:55,168 - INFO - 💾 Generating 8252021-Hemalatha AP Shankar Master Report...
2025-05-21 08:13:55,199 - INFO - 💾 Generating 8252022-Reethaa AP Prakashkumar Employee Report...
2025-05-21 08:13:55,208 - INFO - 💾 Generating 8252022-Reethaa AP Prakashkumar Master Report...
2025-05-21 08:13:55,272 - INFO - 💾 Generating 8252023-Nor Aslinda Employee Report...
2025-05-21 08:13:55,284 - INFO - 💾 Generating 8252023-Nor Aslinda Master Report...
2025-05-21 08:13:55,379 - INFO - 💾 Generating 8252024-Nurshahirah Binti Mohamed Salleh Employee Report...
2025-05-21 08:13:55,391 - INFO - 💾 Generating 8252024-Nurshahirah Binti Mohamed Salleh Master Report...
2025-05-21 08:13:55,422 - INFO - 💾 Generating 8252025-Nur Izni Najwa Employee Report...
2025-05-21 08:13:55,432 - INFO - 💾 Generating 8252025-Nur Izni Najwa Master Report...
2025-05-21 08:13:55,516 - INFO - 💾 Generating 8252026-Noor Lia Employee Report...
2025-05-21 08:13:55,529 - INFO - 💾 Generating 8252026-Noor Lia Master Report...
2025-05-21 08:13:55,561 - INFO - 💾 Generating 8252027-Umu Salamah Employee Report...
2025-05-21 08:13:55,571 - INFO - 💾 Generating 8252027-Umu Salamah Master Report...
2025-05-21 08:13:55,621 - WARNING - ️⚠️ Cannot determine shift code for Employee ID: 8252028
2025-05-21 08:13:55,634 - INFO - 💾 Generating 8252028-Zahidah Employee Report...
2025-05-21 08:13:55,647 - INFO - 💾 Generating 8252028-Zahidah Master Report...
2025-05-21 08:13:55,648 - WARNING - ⚠️ Employee ID: 8252028 can't be found in masterdata.xlsx --> Employee
2025-05-21 08:13:55,678 - WARNING - ️⚠️ Cannot determine shift code for Employee ID: 8252029
2025-05-21 08:13:55,690 - INFO - 💾 Generating 8252029-Jevan AL Ravi Chanderan Employee Report...
2025-05-21 08:13:55,701 - INFO - 💾 Generating 8252029-Jevan AL Ravi Chanderan Master Report...
2025-05-21 08:13:55,702 - WARNING - ⚠️ Employee ID: 8252029 can't be found in masterdata.xlsx --> Employee
2025-05-21 08:13:55,719 - WARNING - ️⚠️ Cannot determine shift code for Employee ID: 8252030
2025-05-21 08:13:55,724 - INFO - 💾 Generating 8252030-Nuurfarahin Binti Mohammed Dan Employee Report...
2025-05-21 08:13:55,734 - INFO - 💾 Generating 8252030-Nuurfarahin Binti Mohammed Dan Master Report...
2025-05-21 08:13:55,735 - WARNING - ⚠️ Employee ID: 8252030 can't be found in masterdata.xlsx --> Employee
2025-05-21 08:13:55,785 - WARNING - ️⚠️ Cannot determine shift code for Employee ID: 8255001
2025-05-21 08:13:55,802 - INFO - 💾 Generating 8255001-Hafizah Employee Report...
2025-05-21 08:13:55,813 - INFO - 💾 Generating 8255001-Hafizah Master Report...
2025-05-21 08:13:55,814 - WARNING - ⚠️ Employee ID: 8255001 can't be found in masterdata.xlsx --> Employee
2025-05-21 08:13:55,863 - WARNING - ️⚠️ Cannot determine shift code for Employee ID: 8255002
2025-05-21 08:13:55,881 - INFO - 💾 Generating 8255002-Fathiah Employee Report...
2025-05-21 08:13:55,893 - INFO - 💾 Generating 8255002-Fathiah Master Report...
2025-05-21 08:13:55,894 - WARNING - ⚠️ Employee ID: 8255002 can't be found in masterdata.xlsx --> Employee
2025-05-21 08:13:55,916 - WARNING - ️⚠️ Cannot determine shift code for Employee ID: 8255005
2025-05-21 08:13:55,918 - INFO - 💾 Generating 8255005-Hanis Nazira Employee Report...
2025-05-21 08:13:55,927 - INFO - 💾 Generating 8255005-Hanis Nazira Master Report...
2025-05-21 08:13:55,928 - WARNING - ⚠️ Employee ID: 8255005 can't be found in masterdata.xlsx --> Employee
2025-05-21 08:13:55,949 - WARNING - ️⚠️ Cannot determine shift code for Employee ID: 8255006
2025-05-21 08:13:55,951 - INFO - 💾 Generating 8255006-8255006 Employee Report...
2025-05-21 08:13:55,961 - INFO - 💾 Generating 8255006-8255006 Master Report...
2025-05-21 08:13:55,961 - WARNING - ⚠️ Employee ID: 8255006 can't be found in masterdata.xlsx --> Employee
2025-05-21 08:13:55,985 - WARNING - ️⚠️ Cannot determine shift code for Employee ID: 8255007
2025-05-21 08:13:55,987 - INFO - 💾 Generating 8255007-Siti Soleha Employee Report...
2025-05-21 08:13:55,997 - INFO - 💾 Generating 8255007-Siti Soleha Master Report...
2025-05-21 08:13:56,053 - WARNING - ⚠️ Employee ID: 8255007 can't be found in masterdata.xlsx --> Employee
2025-05-21 08:13:56,069 - WARNING - ️⚠️ Cannot determine shift code for Employee ID: 8255009
2025-05-21 08:13:56,071 - INFO - 💾 Generating 8255009-Rafeah Employee Report...
2025-05-21 08:13:56,079 - INFO - 💾 Generating 8255009-Rafeah Master Report...
2025-05-21 08:13:56,079 - WARNING - ⚠️ Employee ID: 8255009 can't be found in masterdata.xlsx --> Employee
2025-05-21 08:13:56,096 - WARNING - ️⚠️ Cannot determine shift code for Employee ID: 8255010
2025-05-21 08:13:56,098 - INFO - 💾 Generating 8255010-Siti Nur Farahim Employee Report...
2025-05-21 08:13:56,104 - INFO - 💾 Generating 8255010-Siti Nur Farahim Master Report...
2025-05-21 08:13:56,105 - WARNING - ⚠️ Employee ID: 8255010 can't be found in masterdata.xlsx --> Employee
2025-05-21 08:13:56,144 - WARNING - ️⚠️ Cannot determine shift code for Employee ID: 8255011
2025-05-21 08:13:56,159 - INFO - 💾 Generating 8255011-Agrieyelen Employee Report...
2025-05-21 08:13:56,169 - INFO - 💾 Generating 8255011-Agrieyelen Master Report...
2025-05-21 08:13:56,170 - WARNING - ⚠️ Employee ID: 8255011 can't be found in masterdata.xlsx --> Employee
2025-05-21 08:13:56,187 - WARNING - ️⚠️ Cannot determine shift code for Employee ID: 8255012
2025-05-21 08:13:56,189 - INFO - 💾 Generating 8255012-Norasikin Employee Report...
2025-05-21 08:13:56,198 - INFO - 💾 Generating 8255012-Norasikin Master Report...
2025-05-21 08:13:56,198 - WARNING - ⚠️ Employee ID: 8255012 can't be found in masterdata.xlsx --> Employee
2025-05-21 08:13:56,217 - WARNING - ️⚠️ Cannot determine shift code for Employee ID: 8255014
2025-05-21 08:13:56,219 - INFO - 💾 Generating 8255014-noor ain Employee Report...
2025-05-21 08:13:56,230 - INFO - 💾 Generating 8255014-noor ain Master Report...
2025-05-21 08:13:56,231 - WARNING - ⚠️ Employee ID: 8255014 can't be found in masterdata.xlsx --> Employee
2025-05-21 08:13:56,250 - WARNING - ️⚠️ Cannot determine shift code for Employee ID: 8255018
2025-05-21 08:13:56,253 - INFO - 💾 Generating 8255018-Putri Aisyah Employee Report...
2025-05-21 08:13:56,262 - INFO - 💾 Generating 8255018-Putri Aisyah Master Report...
2025-05-21 08:13:56,262 - WARNING - ⚠️ Employee ID: 8255018 can't be found in masterdata.xlsx --> Employee
2025-05-21 08:13:56,282 - WARNING - ️⚠️ Cannot determine shift code for Employee ID: 8255020
2025-05-21 08:13:56,284 - INFO - 💾 Generating 8255020-Nur Linda Binti Mohamad Kiraman Employee Report...
2025-05-21 08:13:56,349 - INFO - 💾 Generating 8255020-Nur Linda Binti Mohamad Kiraman Master Report...
2025-05-21 08:13:56,351 - WARNING - ⚠️ Employee ID: 8255020 can't be found in masterdata.xlsx --> Employee
2025-05-21 08:13:56,374 - WARNING - ️⚠️ Cannot determine shift code for Employee ID: 8255021
2025-05-21 08:13:56,376 - INFO - 💾 Generating 8255021-Eesvari Subramaniam Employee Report...
2025-05-21 08:13:56,385 - INFO - 💾 Generating 8255021-Eesvari Subramaniam Master Report...
2025-05-21 08:13:56,386 - WARNING - ⚠️ Employee ID: 8255021 can't be found in masterdata.xlsx --> Employee
2025-05-21 08:13:56,405 - WARNING - ️⚠️ Cannot determine shift code for Employee ID: 8255024
2025-05-21 08:13:56,408 - INFO - 💾 Generating 8255024-Hamidah Binti Sentol Employee Report...
2025-05-21 08:13:56,416 - INFO - 💾 Generating 8255024-Hamidah Binti Sentol Master Report...
2025-05-21 08:13:56,417 - WARNING - ⚠️ Employee ID: 8255024 can't be found in masterdata.xlsx --> Employee
2025-05-21 08:13:56,436 - WARNING - ️⚠️ Cannot determine shift code for Employee ID: 8255030
2025-05-21 08:13:56,439 - INFO - 💾 Generating 8255030-Alice Employee Report...
2025-05-21 08:13:56,448 - INFO - 💾 Generating 8255030-Alice Master Report...
2025-05-21 08:13:56,449 - WARNING - ⚠️ Employee ID: 8255030 can't be found in masterdata.xlsx --> Employee
2025-05-21 08:13:56,470 - WARNING - ️⚠️ Cannot determine shift code for Employee ID: 8255034
2025-05-21 08:13:56,473 - INFO - 💾 Generating 8255034-Nur Aliesya Employee Report...
2025-05-21 08:13:56,482 - INFO - 💾 Generating 8255034-Nur Aliesya Master Report...
2025-05-21 08:13:56,483 - WARNING - ⚠️ Employee ID: 8255034 can't be found in masterdata.xlsx --> Employee
2025-05-21 08:13:56,531 - WARNING - ️⚠️ Cannot determine shift code for Employee ID: 8255035
2025-05-21 08:13:56,547 - INFO - 💾 Generating 8255035-Siti Suhana Employee Report...
2025-05-21 08:13:56,558 - INFO - 💾 Generating 8255035-Siti Suhana Master Report...
2025-05-21 08:13:56,560 - WARNING - ⚠️ Employee ID: 8255035 can't be found in masterdata.xlsx --> Employee
2025-05-21 08:13:56,582 - WARNING - ️⚠️ Cannot determine shift code for Employee ID: 8255036
2025-05-21 08:13:56,584 - INFO - 💾 Generating 8255036-Nurul Syahira Ashiqin Employee Report...
2025-05-21 08:13:56,594 - INFO - 💾 Generating 8255036-Nurul Syahira Ashiqin Master Report...
2025-05-21 08:13:56,594 - WARNING - ⚠️ Employee ID: 8255036 can't be found in masterdata.xlsx --> Employee
2025-05-21 08:13:56,617 - WARNING - ️⚠️ Cannot determine shift code for Employee ID: 8255037
2025-05-21 08:13:56,621 - INFO - 💾 Generating 8255037-Devi AP Arasamani Employee Report...
2025-05-21 08:13:56,632 - INFO - 💾 Generating 8255037-Devi AP Arasamani Master Report...
2025-05-21 08:13:56,633 - WARNING - ⚠️ Employee ID: 8255037 can't be found in masterdata.xlsx --> Employee
2025-05-21 08:13:56,654 - WARNING - ️⚠️ Cannot determine shift code for Employee ID: 8255038
2025-05-21 08:13:56,657 - INFO - 💾 Generating 8255038-Nurain Nabilah Employee Report...
2025-05-21 08:13:56,666 - INFO - 💾 Generating 8255038-Nurain Nabilah Master Report...
2025-05-21 08:13:56,667 - WARNING - ⚠️ Employee ID: 8255038 can't be found in masterdata.xlsx --> Employee
2025-05-21 08:13:56,688 - WARNING - ️⚠️ Cannot determine shift code for Employee ID: 8255039
2025-05-21 08:13:56,690 - INFO - 💾 Generating 8255039-Nur Asyikin Binti Hamidon Employee Report...
2025-05-21 08:13:56,700 - INFO - 💾 Generating 8255039-Nur Asyikin Binti Hamidon Master Report...
2025-05-21 08:13:56,701 - WARNING - ⚠️ Employee ID: 8255039 can't be found in masterdata.xlsx --> Employee
2025-05-21 08:13:56,722 - WARNING - ️⚠️ Cannot determine shift code for Employee ID: 8255040
2025-05-21 08:13:56,727 - INFO - 💾 Generating 8255040-Kirthineswary Employee Report...
2025-05-21 08:13:56,737 - INFO - 💾 Generating 8255040-Kirthineswary Master Report...
2025-05-21 08:13:56,738 - WARNING - ⚠️ Employee ID: 8255040 can't be found in masterdata.xlsx --> Employee
2025-05-21 08:13:56,786 - WARNING - ️⚠️ Cannot determine shift code for Employee ID: 8255041
2025-05-21 08:13:56,804 - INFO - 💾 Generating 8255041-Agrissah Jalani Employee Report...
2025-05-21 08:13:56,816 - INFO - 💾 Generating 8255041-Agrissah Jalani Master Report...
2025-05-21 08:13:56,817 - WARNING - ⚠️ Employee ID: 8255041 can't be found in masterdata.xlsx --> Employee
2025-05-21 08:13:56,867 - WARNING - ️⚠️ Cannot determine shift code for Employee ID: 8255042
2025-05-21 08:13:56,885 - INFO - 💾 Generating 8255042-Ashvini AP Shanmugarajah Employee Report...
2025-05-21 08:13:56,897 - INFO - 💾 Generating 8255042-Ashvini AP Shanmugarajah Master Report...
2025-05-21 08:13:56,898 - WARNING - ⚠️ Employee ID: 8255042 can't be found in masterdata.xlsx --> Employee
2025-05-21 08:13:56,921 - WARNING - ️⚠️ Cannot determine shift code for Employee ID: 8255043
2025-05-21 08:13:56,926 - INFO - 💾 Generating 8255043-Sharmila AP Shanmugarajah Employee Report...
2025-05-21 08:13:56,936 - INFO - 💾 Generating 8255043-Sharmila AP Shanmugarajah Master Report...
2025-05-21 08:13:56,937 - WARNING - ⚠️ Employee ID: 8255043 can't be found in masterdata.xlsx --> Employee
2025-05-21 08:13:56,957 - WARNING - ️⚠️ Cannot determine shift code for Employee ID: 8255044
2025-05-21 08:13:56,959 - INFO - 💾 Generating 8255044-Kamini AP Chandraagaran Employee Report...
2025-05-21 08:13:56,967 - INFO - 💾 Generating 8255044-Kamini AP Chandraagaran Master Report...
2025-05-21 08:13:56,968 - WARNING - ⚠️ Employee ID: 8255044 can't be found in masterdata.xlsx --> Employee
2025-05-21 08:13:56,986 - WARNING - ️⚠️ Cannot determine shift code for Employee ID: 8255045
2025-05-21 08:13:56,988 - INFO - 💾 Generating 8255045-Nur Fazrienz Fasihin Employee Report...
2025-05-21 08:13:56,995 - INFO - 💾 Generating 8255045-Nur Fazrienz Fasihin Master Report...
2025-05-21 08:13:56,996 - WARNING - ⚠️ Employee ID: 8255045 can't be found in masterdata.xlsx --> Employee
2025-05-21 08:13:57,017 - WARNING - ️⚠️ Cannot determine shift code for Employee ID: 8255046
2025-05-21 08:13:57,020 - INFO - 💾 Generating 8255046-Sarah Najlaa Bt SH Razi Employee Report...
2025-05-21 08:13:57,028 - INFO - 💾 Generating 8255046-Sarah Najlaa Bt SH Razi Master Report...
2025-05-21 08:13:57,029 - WARNING - ⚠️ Employee ID: 8255046 can't be found in masterdata.xlsx --> Employee
2025-05-21 08:13:57,051 - WARNING - ️⚠️ Cannot determine shift code for Employee ID: 8255048
2025-05-21 08:13:57,055 - INFO - 💾 Generating 8255048-Megala AP Muruthi Employee Report...
2025-05-21 08:13:57,065 - INFO - 💾 Generating 8255048-Megala AP Muruthi Master Report...
2025-05-21 08:13:57,066 - WARNING - ⚠️ Employee ID: 8255048 can't be found in masterdata.xlsx --> Employee
2025-05-21 08:13:57,090 - WARNING - ️⚠️ Cannot determine shift code for Employee ID: 8255049
2025-05-21 08:13:57,092 - INFO - 💾 Generating 8255049-Hemalatha AP Velayuthan Employee Report...
2025-05-21 08:13:57,101 - INFO - 💾 Generating 8255049-Hemalatha AP Velayuthan Master Report...
2025-05-21 08:13:57,103 - WARNING - ⚠️ Employee ID: 8255049 can't be found in masterdata.xlsx --> Employee
2025-05-21 08:13:57,125 - WARNING - ️⚠️ Cannot determine shift code for Employee ID: 8255050
2025-05-21 08:13:57,127 - INFO - 💾 Generating 8255050-Mohana AP Velayuthan Employee Report...
2025-05-21 08:13:57,137 - INFO - 💾 Generating 8255050-Mohana AP Velayuthan Master Report...
2025-05-21 08:13:57,138 - WARNING - ⚠️ Employee ID: 8255050 can't be found in masterdata.xlsx --> Employee
2025-05-21 08:13:57,159 - WARNING - ️⚠️ Cannot determine shift code for Employee ID: 8255052
2025-05-21 08:13:57,161 - INFO - 💾 Generating 8255052-Nor Aqilah Uzma Binti Roslan Employee Report...
2025-05-21 08:13:57,170 - INFO - 💾 Generating 8255052-Nor Aqilah Uzma Binti Roslan Master Report...
2025-05-21 08:13:57,170 - WARNING - ⚠️ Employee ID: 8255052 can't be found in masterdata.xlsx --> Employee
2025-05-21 08:13:57,186 - WARNING - ️⚠️ Cannot determine shift code for Employee ID: 8255053
2025-05-21 08:13:57,188 - INFO - 💾 Generating 8255053-Masminah Binti Julganah Employee Report...
2025-05-21 08:13:57,196 - INFO - 💾 Generating 8255053-Masminah Binti Julganah Master Report...
2025-05-21 08:13:57,197 - WARNING - ⚠️ Employee ID: 8255053 can't be found in masterdata.xlsx --> Employee
2025-05-21 08:13:57,224 - WARNING - ️⚠️ Cannot determine shift code for Employee ID: 8255054
2025-05-21 08:13:57,228 - INFO - 💾 Generating 8255054-Nur Alia Binti Mohamad Amzah Employee Report...
2025-05-21 08:13:57,238 - INFO - 💾 Generating 8255054-Nur Alia Binti Mohamad Amzah Master Report...
2025-05-21 08:13:57,239 - WARNING - ⚠️ Employee ID: 8255054 can't be found in masterdata.xlsx --> Employee
2025-05-21 08:13:57,258 - WARNING - ️⚠️ Cannot determine shift code for Employee ID: 8255055
2025-05-21 08:13:57,263 - INFO - 💾 Generating 8255055-Paula Anak Menjang Employee Report...
2025-05-21 08:13:57,273 - INFO - 💾 Generating 8255055-Paula Anak Menjang Master Report...
2025-05-21 08:13:57,274 - WARNING - ⚠️ Employee ID: 8255055 can't be found in masterdata.xlsx --> Employee
2025-05-21 08:13:57,294 - WARNING - ️⚠️ Cannot determine shift code for Employee ID: 8255056
2025-05-21 08:13:57,300 - INFO - 💾 Generating 8255056-Aidrin Ding Employee Report...
2025-05-21 08:13:57,310 - INFO - 💾 Generating 8255056-Aidrin Ding Master Report...
2025-05-21 08:13:57,311 - WARNING - ⚠️ Employee ID: 8255056 can't be found in masterdata.xlsx --> Employee
2025-05-21 08:13:57,327 - WARNING - ️⚠️ Cannot determine shift code for Employee ID: 8255057
2025-05-21 08:13:57,330 - INFO - 💾 Generating 8255057-Nor Shaeera Binti Yahya Employee Report...
2025-05-21 08:13:57,339 - INFO - 💾 Generating 8255057-Nor Shaeera Binti Yahya Master Report...
2025-05-21 08:13:57,340 - WARNING - ⚠️ Employee ID: 8255057 can't be found in masterdata.xlsx --> Employee
2025-05-21 08:13:57,385 - WARNING - ️⚠️ Cannot determine shift code for Employee ID: 8258001
2025-05-21 08:13:57,402 - INFO - 💾 Generating 8258001-Aye Mya Mon Employee Report...
2025-05-21 08:13:57,413 - INFO - 💾 Generating 8258001-Aye Mya Mon Master Report...
2025-05-21 08:13:57,414 - WARNING - ⚠️ Employee ID: 8258001 can't be found in masterdata.xlsx --> Employee
2025-05-21 08:13:57,461 - WARNING - ️⚠️ Cannot determine shift code for Employee ID: 8258002
2025-05-21 08:13:57,479 - INFO - 💾 Generating 8258002-Thwe Thwe Phyo Employee Report...
2025-05-21 08:13:57,490 - INFO - 💾 Generating 8258002-Thwe Thwe Phyo Master Report...
2025-05-21 08:13:57,491 - WARNING - ⚠️ Employee ID: 8258002 can't be found in masterdata.xlsx --> Employee
2025-05-21 08:13:57,543 - WARNING - ️⚠️ Cannot determine shift code for Employee ID: 8258003
2025-05-21 08:13:57,562 - INFO - 💾 Generating 8258003-Soe Hnin Nwe Employee Report...
2025-05-21 08:13:57,571 - INFO - 💾 Generating 8258003-Soe Hnin Nwe Master Report...
2025-05-21 08:13:57,573 - WARNING - ⚠️ Employee ID: 8258003 can't be found in masterdata.xlsx --> Employee
2025-05-21 08:13:57,606 - WARNING - ️⚠️ Cannot determine shift code for Employee ID: 8258004
2025-05-21 08:13:57,610 - INFO - 💾 Generating 8258004-Myat Wint Yee Employee Report...
2025-05-21 08:13:57,621 - INFO - 💾 Generating 8258004-Myat Wint Yee Master Report...
2025-05-21 08:13:57,623 - WARNING - ⚠️ Employee ID: 8258004 can't be found in masterdata.xlsx --> Employee
2025-05-21 08:13:57,675 - WARNING - ️⚠️ Cannot determine shift code for Employee ID: 8258005
2025-05-21 08:13:57,691 - INFO - 💾 Generating 8258005-Kyal Zin Oo Employee Report...
2025-05-21 08:13:57,702 - INFO - 💾 Generating 8258005-Kyal Zin Oo Master Report...
2025-05-21 08:13:57,703 - WARNING - ⚠️ Employee ID: 8258005 can't be found in masterdata.xlsx --> Employee
2025-05-21 08:13:57,746 - WARNING - ️⚠️ Cannot determine shift code for Employee ID: 8258006
2025-05-21 08:13:57,762 - INFO - 💾 Generating 8258006-Zin Mar Soe Employee Report...
2025-05-21 08:13:57,773 - INFO - 💾 Generating 8258006-Zin Mar Soe Master Report...
2025-05-21 08:13:57,773 - WARNING - ⚠️ Employee ID: 8258006 can't be found in masterdata.xlsx --> Employee
2025-05-21 08:13:57,820 - WARNING - ️⚠️ Cannot determine shift code for Employee ID: 8258007
2025-05-21 08:13:57,839 - INFO - 💾 Generating 8258007-Thu Zar Win Employee Report...
2025-05-21 08:13:57,851 - INFO - 💾 Generating 8258007-Thu Zar Win Master Report...
2025-05-21 08:13:57,853 - WARNING - ⚠️ Employee ID: 8258007 can't be found in masterdata.xlsx --> Employee
2025-05-21 08:13:57,905 - WARNING - ️⚠️ Cannot determine shift code for Employee ID: 8258008
2025-05-21 08:13:57,923 - INFO - 💾 Generating 8258008-Than Than Khaing Employee Report...
2025-05-21 08:13:57,934 - INFO - 💾 Generating 8258008-Than Than Khaing Master Report...
2025-05-21 08:13:57,935 - WARNING - ⚠️ Employee ID: 8258008 can't be found in masterdata.xlsx --> Employee
2025-05-21 08:13:57,977 - WARNING - ️⚠️ Cannot determine shift code for Employee ID: 8258009
2025-05-21 08:13:57,994 - INFO - 💾 Generating 8258009-Thin Thin Ngwe Employee Report...
2025-05-21 08:13:58,004 - INFO - 💾 Generating 8258009-Thin Thin Ngwe Master Report...
2025-05-21 08:13:58,005 - WARNING - ⚠️ Employee ID: 8258009 can't be found in masterdata.xlsx --> Employee
2025-05-21 08:13:58,024 - WARNING - ️⚠️ Cannot determine shift code for Employee ID: 8258010
2025-05-21 08:13:58,026 - INFO - 💾 Generating 8258010-Zue Zue Kyaw Employee Report...
2025-05-21 08:13:58,035 - INFO - 💾 Generating 8258010-Zue Zue Kyaw Master Report...
2025-05-21 08:13:58,036 - WARNING - ⚠️ Employee ID: 8258010 can't be found in masterdata.xlsx --> Employee
2025-05-21 08:13:58,059 - WARNING - ️⚠️ Cannot determine shift code for Employee ID: 8258011
2025-05-21 08:13:58,062 - INFO - 💾 Generating 8258011-Tin Mar Aye Employee Report...
2025-05-21 08:13:58,073 - INFO - 💾 Generating 8258011-Tin Mar Aye Master Report...
2025-05-21 08:13:58,074 - WARNING - ⚠️ Employee ID: 8258011 can't be found in masterdata.xlsx --> Employee
2025-05-21 08:13:58,098 - WARNING - ️⚠️ Cannot determine shift code for Employee ID: 8258012
2025-05-21 08:13:58,101 - INFO - 💾 Generating 8258012-Wathan Nay Lin Employee Report...
2025-05-21 08:13:58,109 - INFO - 💾 Generating 8258012-Wathan Nay Lin Master Report...
2025-05-21 08:13:58,110 - WARNING - ⚠️ Employee ID: 8258012 can't be found in masterdata.xlsx --> Employee
2025-05-21 08:13:58,153 - WARNING - ️⚠️ Cannot determine shift code for Employee ID: 8258013
2025-05-21 08:13:58,168 - INFO - 💾 Generating 8258013-Moe Thuzar Employee Report...
2025-05-21 08:13:58,179 - INFO - 💾 Generating 8258013-Moe Thuzar Master Report...
2025-05-21 08:13:58,180 - WARNING - ⚠️ Employee ID: 8258013 can't be found in masterdata.xlsx --> Employee
2025-05-21 08:13:58,198 - WARNING - ️⚠️ Cannot determine shift code for Employee ID: 8258014
2025-05-21 08:13:58,201 - INFO - 💾 Generating 8258014-Khaing Zar Aung Employee Report...
2025-05-21 08:13:58,210 - INFO - 💾 Generating 8258014-Khaing Zar Aung Master Report...
2025-05-21 08:13:58,211 - WARNING - ⚠️ Employee ID: 8258014 can't be found in masterdata.xlsx --> Employee
2025-05-21 08:13:58,228 - WARNING - ️⚠️ Cannot determine shift code for Employee ID: 8258015
2025-05-21 08:13:58,230 - INFO - 💾 Generating 8258015-Zar Zar OO Employee Report...
2025-05-21 08:13:58,238 - INFO - 💾 Generating 8258015-Zar Zar OO Master Report...
2025-05-21 08:13:58,239 - WARNING - ⚠️ Employee ID: 8258015 can't be found in masterdata.xlsx --> Employee
2025-05-21 08:13:58,278 - WARNING - ️⚠️ Cannot determine shift code for Employee ID: 8258016
2025-05-21 08:13:58,293 - INFO - 💾 Generating 8258016-Yin May Win Employee Report...
2025-05-21 08:13:58,361 - INFO - 💾 Generating 8258016-Yin May Win Master Report...
2025-05-21 08:13:58,362 - WARNING - ⚠️ Employee ID: 8258016 can't be found in masterdata.xlsx --> Employee
2025-05-21 08:13:58,383 - WARNING - ️⚠️ Cannot determine shift code for Employee ID: 8258017
2025-05-21 08:13:58,385 - INFO - 💾 Generating 8258017-Zin Mar Khaing Employee Report...
2025-05-21 08:13:58,395 - INFO - 💾 Generating 8258017-Zin Mar Khaing Master Report...
2025-05-21 08:13:58,396 - WARNING - ⚠️ Employee ID: 8258017 can't be found in masterdata.xlsx --> Employee
2025-05-21 08:13:58,416 - WARNING - ️⚠️ Cannot determine shift code for Employee ID: 8258018
2025-05-21 08:13:58,418 - INFO - 💾 Generating 8258018-Nyein Nyein Khaing Employee Report...
2025-05-21 08:13:58,427 - INFO - 💾 Generating 8258018-Nyein Nyein Khaing Master Report...
2025-05-21 08:13:58,428 - WARNING - ⚠️ Employee ID: 8258018 can't be found in masterdata.xlsx --> Employee
2025-05-21 08:13:58,448 - WARNING - ️⚠️ Cannot determine shift code for Employee ID: 8258019
2025-05-21 08:13:58,451 - INFO - 💾 Generating 8258019-Myint Myint Than Employee Report...
2025-05-21 08:13:58,461 - INFO - 💾 Generating 8258019-Myint Myint Than Master Report...
2025-05-21 08:13:58,462 - WARNING - ⚠️ Employee ID: 8258019 can't be found in masterdata.xlsx --> Employee
2025-05-21 08:13:58,516 - WARNING - ️⚠️ Cannot determine shift code for Employee ID: 8258020
2025-05-21 08:13:58,534 - INFO - 💾 Generating 8258020-Than Than Soe Employee Report...
2025-05-21 08:13:58,546 - INFO - 💾 Generating 8258020-Than Than Soe Master Report...
2025-05-21 08:13:58,547 - WARNING - ⚠️ Employee ID: 8258020 can't be found in masterdata.xlsx --> Employee
2025-05-21 08:13:58,585 - WARNING - ️⚠️ Cannot determine shift code for Employee ID: 8258021
2025-05-21 08:13:58,604 - INFO - 💾 Generating 8258021-Pyae Pyae Soe Employee Report...
2025-05-21 08:13:58,616 - INFO - 💾 Generating 8258021-Pyae Pyae Soe Master Report...
2025-05-21 08:13:58,617 - WARNING - ⚠️ Employee ID: 8258021 can't be found in masterdata.xlsx --> Employee
2025-05-21 08:13:58,667 - WARNING - ️⚠️ Cannot determine shift code for Employee ID: 8258022
2025-05-21 08:13:58,683 - INFO - 💾 Generating 8258022-Lae Lae Aung Employee Report...
2025-05-21 08:13:58,694 - INFO - 💾 Generating 8258022-Lae Lae Aung Master Report...
2025-05-21 08:13:58,695 - WARNING - ⚠️ Employee ID: 8258022 can't be found in masterdata.xlsx --> Employee
2025-05-21 08:13:58,737 - WARNING - ️⚠️ Cannot determine shift code for Employee ID: 8258023
2025-05-21 08:13:58,753 - INFO - 💾 Generating 8258023-Shwe Mi Employee Report...
2025-05-21 08:13:58,765 - INFO - 💾 Generating 8258023-Shwe Mi Master Report...
2025-05-21 08:13:58,766 - WARNING - ⚠️ Employee ID: 8258023 can't be found in masterdata.xlsx --> Employee
2025-05-21 08:13:58,813 - WARNING - ️⚠️ Cannot determine shift code for Employee ID: 8258024
2025-05-21 08:13:58,828 - INFO - 💾 Generating 8258024-Zin Mar Wai Employee Report...
2025-05-21 08:13:58,838 - INFO - 💾 Generating 8258024-Zin Mar Wai Master Report...
2025-05-21 08:13:58,839 - WARNING - ⚠️ Employee ID: 8258024 can't be found in masterdata.xlsx --> Employee
2025-05-21 08:13:58,879 - WARNING - ️⚠️ Cannot determine shift code for Employee ID: 8258025
2025-05-21 08:13:58,896 - INFO - 💾 Generating 8258025-Hnin Wutt Yi Employee Report...
2025-05-21 08:13:58,907 - INFO - 💾 Generating 8258025-Hnin Wutt Yi Master Report...
2025-05-21 08:13:58,908 - WARNING - ⚠️ Employee ID: 8258025 can't be found in masterdata.xlsx --> Employee
2025-05-21 08:13:58,958 - WARNING - ️⚠️ Cannot determine shift code for Employee ID: 8258026
2025-05-21 08:13:58,973 - INFO - 💾 Generating 8258026-Than Win Khaing Employee Report...
2025-05-21 08:13:58,983 - INFO - 💾 Generating 8258026-Than Win Khaing Master Report...
2025-05-21 08:13:58,984 - WARNING - ⚠️ Employee ID: 8258026 can't be found in masterdata.xlsx --> Employee
2025-05-21 08:13:59,023 - WARNING - ️⚠️ Cannot determine shift code for Employee ID: 8258027
2025-05-21 08:13:59,038 - INFO - 💾 Generating 8258027-Chaw Yadanr Khaing Employee Report...
2025-05-21 08:13:59,049 - INFO - 💾 Generating 8258027-Chaw Yadanr Khaing Master Report...
2025-05-21 08:13:59,050 - WARNING - ⚠️ Employee ID: 8258027 can't be found in masterdata.xlsx --> Employee
2025-05-21 08:13:59,099 - WARNING - ️⚠️ Cannot determine shift code for Employee ID: 8258028
2025-05-21 08:13:59,117 - INFO - 💾 Generating 8258028-Nu Nu Wai Employee Report...
2025-05-21 08:13:59,129 - INFO - 💾 Generating 8258028-Nu Nu Wai Master Report...
2025-05-21 08:13:59,130 - WARNING - ⚠️ Employee ID: 8258028 can't be found in masterdata.xlsx --> Employee
2025-05-21 08:13:59,160 - WARNING - ️⚠️ Cannot determine shift code for Employee ID: 8258029
2025-05-21 08:13:59,170 - INFO - 💾 Generating 8258029-Chamar Diwakar Employee Report...
2025-05-21 08:13:59,180 - INFO - 💾 Generating 8258029-Chamar Diwakar Master Report...
2025-05-21 08:13:59,181 - WARNING - ⚠️ Employee ID: 8258029 can't be found in masterdata.xlsx --> Employee
2025-05-21 08:13:59,209 - WARNING - ️⚠️ Cannot determine shift code for Employee ID: 8258030
2025-05-21 08:13:59,218 - INFO - 💾 Generating 8258030-Bhim Bahadur Thapa Employee Report...
2025-05-21 08:13:59,227 - INFO - 💾 Generating 8258030-Bhim Bahadur Thapa Master Report...
2025-05-21 08:13:59,227 - WARNING - ⚠️ Employee ID: 8258030 can't be found in masterdata.xlsx --> Employee
2025-05-21 08:13:59,271 - WARNING - ️⚠️ Cannot determine shift code for Employee ID: 8275065
2025-05-21 08:13:59,290 - INFO - 💾 Generating 8275065-Siti Nor Aisyah Employee Report...
2025-05-21 08:13:59,300 - INFO - 💾 Generating 8275065-Siti Nor Aisyah Master Report...
2025-05-21 08:13:59,301 - WARNING - ⚠️ Employee ID: 8275065 can't be found in masterdata.xlsx --> Employee
2025-05-21 08:13:59,301 - INFO - 💾 Saving in progress...Please be patient
