2025-06-24 09:47:07,084 - INFO - 📁 讀取 masterdata.xlsx...
2025-06-24 09:47:07,452 - INFO - 📊 資料處理中...
2025-06-24 09:47:07,474 - INFO - 🏢 處理部門: Altek Medical/DL ACS
2025-06-24 09:47:07,534 - INFO - 💾 生成 8245068-Agrita 員工報表...
2025-06-24 09:47:07,544 - INFO - 💾 生成 8245068-Agrita 主報表...
2025-06-24 09:47:07,545 - WARNING - ⚠️ 員工ID: 8245068 在 masterdata.xlsx --> Employee 工作表中找不到
2025-06-24 09:47:07,629 - INFO - 💾 生成 8252001-Muhammad Sahrilzani 員工報表...
2025-06-24 09:47:07,640 - INFO - 💾 生成 8252001-Muhammad Sahrilzani 主報表...
2025-06-24 09:47:07,726 - INFO - 💾 生成 8252002-Yogeswari 員工報表...
2025-06-24 09:47:07,738 - INFO - 💾 生成 8252002-Yogeswari 主報表...
2025-06-24 09:47:07,817 - INFO - 💾 生成 8252004-Deniswari 員工報表...
2025-06-24 09:47:07,828 - INFO - 💾 生成 8252004-Deniswari 主報表...
2025-06-24 09:47:07,936 - INFO - 💾 生成 8252024-Nurshahirah Binti Mohamed Salleh 員工報表...
2025-06-24 09:47:07,948 - INFO - 💾 生成 8252024-Nurshahirah Binti Mohamed Salleh 主報表...
2025-06-24 09:47:07,980 - INFO - 💾 生成 8252025-Nur Izni Najwa 員工報表...
2025-06-24 09:47:07,987 - INFO - 💾 生成 8252025-Nur Izni Najwa 主報表...
2025-06-24 09:47:08,059 - INFO - 💾 生成 8252026-Noor Lia 員工報表...
2025-06-24 09:47:08,071 - INFO - 💾 生成 8252026-Noor Lia 主報表...
2025-06-24 09:47:08,112 - INFO - 💾 生成 8252027-Umu Salamah 員工報表...
2025-06-24 09:47:08,122 - INFO - 💾 生成 8252027-Umu Salamah 主報表...
2025-06-24 09:47:08,158 - INFO - 💾 生成 8252029-Jevan AL Ravi Chanderan 員工報表...
2025-06-24 09:47:08,167 - INFO - 💾 生成 8252029-Jevan AL Ravi Chanderan 主報表...
2025-06-24 09:47:08,168 - WARNING - ⚠️ 員工ID: 8252029 在 masterdata.xlsx --> Employee 工作表中找不到
2025-06-24 09:47:08,233 - INFO - 💾 生成 8255041-Agrissah Jalani 員工報表...
2025-06-24 09:47:08,247 - INFO - 💾 生成 8255041-Agrissah Jalani 主報表...
2025-06-24 09:47:08,248 - WARNING - ⚠️ 員工ID: 8255041 在 masterdata.xlsx --> Employee 工作表中找不到
2025-06-24 09:47:08,275 - INFO - 💾 生成 8255048-Megala AP Muruthi 員工報表...
2025-06-24 09:47:08,283 - INFO - 💾 生成 8255048-Megala AP Muruthi 主報表...
2025-06-24 09:47:08,283 - WARNING - ⚠️ 員工ID: 8255048 在 masterdata.xlsx --> Employee 工作表中找不到
2025-06-24 09:47:08,305 - INFO - 💾 生成 8255049-Hemalatha AP Velayuthan 員工報表...
2025-06-24 09:47:08,312 - INFO - 💾 生成 8255049-Hemalatha AP Velayuthan 主報表...
2025-06-24 09:47:08,313 - WARNING - ⚠️ 員工ID: 8255049 在 masterdata.xlsx --> Employee 工作表中找不到
2025-06-24 09:47:08,333 - INFO - 💾 生成 8255050-Mohana AP Velayuthan 員工報表...
2025-06-24 09:47:08,342 - INFO - 💾 生成 8255050-Mohana AP Velayuthan 主報表...
2025-06-24 09:47:08,342 - WARNING - ⚠️ 員工ID: 8255050 在 masterdata.xlsx --> Employee 工作表中找不到
2025-06-24 09:47:08,368 - INFO - 💾 生成 8255052-Nor Aqilah Uzma Binti Roslan 員工報表...
2025-06-24 09:47:08,377 - INFO - 💾 生成 8255052-Nor Aqilah Uzma Binti Roslan 主報表...
2025-06-24 09:47:08,379 - WARNING - ⚠️ 員工ID: 8255052 在 masterdata.xlsx --> Employee 工作表中找不到
2025-06-24 09:47:08,405 - INFO - 💾 生成 8255053-Masminah Binti Julganah 員工報表...
2025-06-24 09:47:08,420 - INFO - 💾 生成 8255053-Masminah Binti Julganah 主報表...
2025-06-24 09:47:08,421 - WARNING - ⚠️ 員工ID: 8255053 在 masterdata.xlsx --> Employee 工作表中找不到
2025-06-24 09:47:08,463 - INFO - 💾 生成 8255054-Nur Alia Binti Mohamad Amzah 員工報表...
2025-06-24 09:47:08,472 - INFO - 💾 生成 8255054-Nur Alia Binti Mohamad Amzah 主報表...
2025-06-24 09:47:08,473 - WARNING - ⚠️ 員工ID: 8255054 在 masterdata.xlsx --> Employee 工作表中找不到
2025-06-24 09:47:08,497 - INFO - 💾 生成 8255055-Paula Anak Menjang 員工報表...
2025-06-24 09:47:08,506 - INFO - 💾 生成 8255055-Paula Anak Menjang 主報表...
2025-06-24 09:47:08,507 - WARNING - ⚠️ 員工ID: 8255055 在 masterdata.xlsx --> Employee 工作表中找不到
2025-06-24 09:47:08,532 - INFO - 💾 生成 8255056-Aidrin Ding 員工報表...
2025-06-24 09:47:08,542 - INFO - 💾 生成 8255056-Aidrin Ding 主報表...
2025-06-24 09:47:08,543 - WARNING - ⚠️ 員工ID: 8255056 在 masterdata.xlsx --> Employee 工作表中找不到
2025-06-24 09:47:08,562 - INFO - 💾 生成 8255057-Nor Shaeera Binti Yahya 員工報表...
2025-06-24 09:47:08,570 - INFO - 💾 生成 8255057-Nor Shaeera Binti Yahya 主報表...
2025-06-24 09:47:08,571 - WARNING - ⚠️ 員工ID: 8255057 在 masterdata.xlsx --> Employee 工作表中找不到
2025-06-24 09:47:08,631 - INFO - 💾 生成 8258025-Hnin Wutt Yi 員工報表...
2025-06-24 09:47:08,641 - INFO - 💾 生成 8258025-Hnin Wutt Yi 主報表...
2025-06-24 09:47:08,643 - WARNING - ⚠️ 員工ID: 8258025 在 masterdata.xlsx --> Employee 工作表中找不到
2025-06-24 09:47:08,701 - INFO - 💾 生成 8258026-Than Win Khaing 員工報表...
2025-06-24 09:47:08,712 - INFO - 💾 生成 8258026-Than Win Khaing 主報表...
2025-06-24 09:47:08,713 - WARNING - ⚠️ 員工ID: 8258026 在 masterdata.xlsx --> Employee 工作表中找不到
2025-06-24 09:47:08,769 - INFO - 💾 生成 8258027-Chaw Yadanr Khaing 員工報表...
2025-06-24 09:47:08,780 - INFO - 💾 生成 8258027-Chaw Yadanr Khaing 主報表...
2025-06-24 09:47:08,781 - WARNING - ⚠️ 員工ID: 8258027 在 masterdata.xlsx --> Employee 工作表中找不到
2025-06-24 09:47:08,832 - INFO - 💾 生成 8258028-Nu Nu Wai 員工報表...
2025-06-24 09:47:08,841 - INFO - 💾 生成 8258028-Nu Nu Wai 主報表...
2025-06-24 09:47:08,842 - WARNING - ⚠️ 員工ID: 8258028 在 masterdata.xlsx --> Employee 工作表中找不到
2025-06-24 09:47:08,884 - INFO - 💾 生成 8258029-Chamar Diwakar 員工報表...
2025-06-24 09:47:08,893 - INFO - 💾 生成 8258029-Chamar Diwakar 主報表...
2025-06-24 09:47:08,894 - WARNING - ⚠️ 員工ID: 8258029 在 masterdata.xlsx --> Employee 工作表中找不到
2025-06-24 09:47:08,926 - INFO - 💾 生成 8258030-Bhim Bahadur Thapa 員工報表...
2025-06-24 09:47:08,936 - INFO - 💾 生成 8258030-Bhim Bahadur Thapa 主報表...
2025-06-24 09:47:08,936 - WARNING - ⚠️ 員工ID: 8258030 在 masterdata.xlsx --> Employee 工作表中找不到
2025-06-24 09:47:09,010 - INFO - 💾 生成 8275065-Siti Nor Aisyah 員工報表...
2025-06-24 09:47:09,020 - INFO - 💾 生成 8275065-Siti Nor Aisyah 主報表...
2025-06-24 09:47:09,022 - WARNING - ⚠️ 員工ID: 8275065 在 masterdata.xlsx --> Employee 工作表中找不到
2025-06-24 09:47:09,667 - INFO - 🏢 處理部門: Altek Medical/DL MED - QUALITY
2025-06-24 09:47:09,778 - INFO - 💾 生成 8232011-Nurshuhaily Binti Zainisiam 員工報表...
2025-06-24 09:47:09,789 - INFO - 💾 生成 8232011-Nurshuhaily Binti Zainisiam 主報表...
2025-06-24 09:47:09,871 - INFO - 💾 生成 8242021-Nurul Syazwani Binti Haidi 員工報表...
2025-06-24 09:47:09,885 - INFO - 💾 生成 8242021-Nurul Syazwani Binti Haidi 主報表...
2025-06-24 09:47:09,962 - INFO - 💾 生成 8242037-Siti Nurdiana 員工報表...
2025-06-24 09:47:09,974 - INFO - 💾 生成 8242037-Siti Nurdiana 主報表...
2025-06-24 09:47:10,045 - INFO - 💾 生成 8242107-Mohamad Shahzwan 員工報表...
2025-06-24 09:47:10,054 - INFO - 💾 生成 8242107-Mohamad Shahzwan 主報表...
2025-06-24 09:47:10,137 - INFO - 💾 生成 8242109-Nur Hafiza 員工報表...
2025-06-24 09:47:10,145 - INFO - 💾 生成 8242109-Nur Hafiza 主報表...
2025-06-24 09:47:10,225 - INFO - 💾 生成 8242118-Siti Nur Natasyah 員工報表...
2025-06-24 09:47:10,237 - INFO - 💾 生成 8242118-Siti Nur Natasyah 主報表...
2025-06-24 09:47:10,326 - INFO - 💾 生成 8252009-Qurratul Aini 員工報表...
2025-06-24 09:47:10,339 - INFO - 💾 生成 8252009-Qurratul Aini 主報表...
2025-06-24 09:47:10,409 - INFO - 💾 生成 8252023-Nor Aslinda 員工報表...
2025-06-24 09:47:10,421 - INFO - 💾 生成 8252023-Nor Aslinda 主報表...
2025-06-24 09:47:10,628 - INFO - 🏢 處理部門: Altek Medical/DL MED ENGINEERING
2025-06-24 09:47:10,690 - INFO - 💾 生成 8252012-mohd rizal 員工報表...
2025-06-24 09:47:10,699 - INFO - 💾 生成 8252012-mohd rizal 主報表...
2025-06-24 09:47:10,735 - INFO - 🏢 處理部門: Altek Medical/DL MED PROD
2025-06-24 09:47:10,841 - INFO - 💾 生成 8232015-Nurul Iyiani binti Sazali 員工報表...
2025-06-24 09:47:10,854 - INFO - 💾 生成 8232015-Nurul Iyiani binti Sazali 主報表...
2025-06-24 09:47:10,944 - INFO - 💾 生成 8242001-Nurse Fatiha binti Hamzah 員工報表...
2025-06-24 09:47:10,956 - INFO - 💾 生成 8242001-Nurse Fatiha binti Hamzah 主報表...
2025-06-24 09:47:11,030 - INFO - 💾 生成 8242011-Siti Saleha Binti Alias 員工報表...
2025-06-24 09:47:11,041 - INFO - 💾 生成 8242011-Siti Saleha Binti Alias 主報表...
2025-06-24 09:47:11,120 - INFO - 💾 生成 8242012-Nur Najwa Atasha binti Muhamad 員工報表...
2025-06-24 09:47:11,131 - INFO - 💾 生成 8242012-Nur Najwa Atasha binti Muhamad 主報表...
2025-06-24 09:47:11,213 - INFO - 💾 生成 8242013-Illayarani AP Moohan 員工報表...
2025-06-24 09:47:11,225 - INFO - 💾 生成 8242013-Illayarani AP Moohan 主報表...
2025-06-24 09:47:11,315 - INFO - 💾 生成 8242015-Norsyakiela binti Sini 員工報表...
2025-06-24 09:47:11,326 - INFO - 💾 生成 8242015-Norsyakiela binti Sini 主報表...
2025-06-24 09:47:11,405 - INFO - 💾 生成 8242016-Nurul Ellya Izzati 員工報表...
2025-06-24 09:47:11,415 - INFO - 💾 生成 8242016-Nurul Ellya Izzati 主報表...
2025-06-24 09:47:11,498 - INFO - 💾 生成 8242019-Siti Jahinah Binti Asmaul 員工報表...
2025-06-24 09:47:11,508 - INFO - 💾 生成 8242019-Siti Jahinah Binti Asmaul 主報表...
2025-06-24 09:47:11,591 - INFO - 💾 生成 8242022-Meena Sabaratnam 員工報表...
2025-06-24 09:47:11,600 - INFO - 💾 生成 8242022-Meena Sabaratnam 主報表...
2025-06-24 09:47:11,683 - INFO - 💾 生成 8242029-Suhaini 員工報表...
2025-06-24 09:47:11,694 - INFO - 💾 生成 8242029-Suhaini 主報表...
2025-06-24 09:47:11,773 - INFO - 💾 生成 8242031-Siti Nur Aisyah 員工報表...
2025-06-24 09:47:11,782 - INFO - 💾 生成 8242031-Siti Nur Aisyah 主報表...
2025-06-24 09:47:11,865 - INFO - 💾 生成 8242040-Lia Natasha 員工報表...
2025-06-24 09:47:11,874 - INFO - 💾 生成 8242040-Lia Natasha 主報表...
2025-06-24 09:47:11,902 - INFO - 💾 生成 8242041-Siow Kian Hwa 員工報表...
2025-06-24 09:47:11,909 - INFO - 💾 生成 8242041-Siow Kian Hwa 主報表...
2025-06-24 09:47:11,910 - WARNING - ⚠️ 員工ID: 8242041 在 masterdata.xlsx --> Employee 工作表中找不到
2025-06-24 09:47:11,988 - INFO - 💾 生成 8242047-Nurul Haziqah 員工報表...
2025-06-24 09:47:11,999 - INFO - 💾 生成 8242047-Nurul Haziqah 主報表...
2025-06-24 09:47:12,078 - INFO - 💾 生成 8242048-Nur'ain binti Muhamad Syarif 員工報表...
2025-06-24 09:47:12,089 - INFO - 💾 生成 8242048-Nur'ain binti Muhamad Syarif 主報表...
2025-06-24 09:47:12,176 - INFO - 💾 生成 8242054-Siti Nur Syahirah 員工報表...
2025-06-24 09:47:12,188 - INFO - 💾 生成 8242054-Siti Nur Syahirah 主報表...
2025-06-24 09:47:12,212 - INFO - 💾 生成 8242056-Nurul Shafira 員工報表...
2025-06-24 09:47:12,222 - INFO - 💾 生成 8242056-Nurul Shafira 主報表...
2025-06-24 09:47:12,223 - WARNING - ⚠️ 員工ID: 8242056 在 masterdata.xlsx --> Employee 工作表中找不到
2025-06-24 09:47:12,362 - INFO - 💾 生成 8242063-Kamaliah 員工報表...
2025-06-24 09:47:12,370 - INFO - 💾 生成 8242063-Kamaliah 主報表...
2025-06-24 09:47:12,454 - INFO - 💾 生成 8242064-Jepren 員工報表...
2025-06-24 09:47:12,465 - INFO - 💾 生成 8242064-Jepren 主報表...
2025-06-24 09:47:12,534 - INFO - 💾 生成 8242073-Punitha 員工報表...
2025-06-24 09:47:12,545 - INFO - 💾 生成 8242073-Punitha 主報表...
2025-06-24 09:47:12,626 - INFO - 💾 生成 8242083-Azura 員工報表...
2025-06-24 09:47:12,634 - INFO - 💾 生成 8242083-Azura 主報表...
2025-06-24 09:47:12,708 - INFO - 💾 生成 8242085-Nur Aini 員工報表...
2025-06-24 09:47:12,720 - INFO - 💾 生成 8242085-Nur Aini 主報表...
2025-06-24 09:47:12,800 - INFO - 💾 生成 8242086-Nor Fazilah 員工報表...
2025-06-24 09:47:12,809 - INFO - 💾 生成 8242086-Nor Fazilah 主報表...
2025-06-24 09:47:12,887 - INFO - 💾 生成 8242100-Aziela 員工報表...
2025-06-24 09:47:12,900 - INFO - 💾 生成 8242100-Aziela 主報表...
2025-06-24 09:47:12,985 - INFO - 💾 生成 8242102-Nur atika 員工報表...
2025-06-24 09:47:12,996 - INFO - 💾 生成 8242102-Nur atika 主報表...
2025-06-24 09:47:13,082 - INFO - 💾 生成 8242104-Nur Syazana 員工報表...
2025-06-24 09:47:13,092 - INFO - 💾 生成 8242104-Nur Syazana 主報表...
2025-06-24 09:47:13,116 - INFO - 💾 生成 8242114-Nur Filzaamirah 員工報表...
2025-06-24 09:47:13,127 - INFO - 💾 生成 8242114-Nur Filzaamirah 主報表...
2025-06-24 09:47:13,128 - WARNING - ⚠️ 員工ID: 8242114 在 masterdata.xlsx --> Employee 工作表中找不到
2025-06-24 09:47:13,212 - INFO - 💾 生成 8242115-Nicholas Mark Netto 員工報表...
2025-06-24 09:47:13,224 - INFO - 💾 生成 8242115-Nicholas Mark Netto 主報表...
2025-06-24 09:47:13,296 - INFO - 💾 生成 8242121-M amirul 員工報表...
2025-06-24 09:47:13,308 - INFO - 💾 生成 8242121-M amirul 主報表...
2025-06-24 09:47:13,373 - INFO - 💾 生成 8245007-Nora 員工報表...
2025-06-24 09:47:13,383 - INFO - 💾 生成 8245007-Nora 主報表...
2025-06-24 09:47:13,384 - WARNING - ⚠️ 員工ID: 8245007 在 masterdata.xlsx --> Employee 工作表中找不到
2025-06-24 09:47:13,408 - INFO - 💾 生成 8245010-Conelia 員工報表...
2025-06-24 09:47:13,418 - INFO - 💾 生成 8245010-Conelia 主報表...
2025-06-24 09:47:13,421 - WARNING - ⚠️ 員工ID: 8245010 在 masterdata.xlsx --> Employee 工作表中找不到
2025-06-24 09:47:13,481 - INFO - 💾 生成 8245030-Nik Norasyikin 員工報表...
2025-06-24 09:47:13,494 - INFO - 💾 生成 8245030-Nik Norasyikin 主報表...
2025-06-24 09:47:13,494 - WARNING - ⚠️ 員工ID: 8245030 在 masterdata.xlsx --> Employee 工作表中找不到
2025-06-24 09:47:13,518 - INFO - 💾 生成 8245045-Bhavani 員工報表...
2025-06-24 09:47:13,530 - INFO - 💾 生成 8245045-Bhavani 主報表...
2025-06-24 09:47:13,531 - WARNING - ⚠️ 員工ID: 8245045 在 masterdata.xlsx --> Employee 工作表中找不到
2025-06-24 09:47:13,609 - INFO - 💾 生成 8245048-Suriana 員工報表...
2025-06-24 09:47:13,620 - INFO - 💾 生成 8245048-Suriana 主報表...
2025-06-24 09:47:13,621 - WARNING - ⚠️ 員工ID: 8245048 在 masterdata.xlsx --> Employee 工作表中找不到
2025-06-24 09:47:13,671 - INFO - 💾 生成 8245049-Anu Soorya 員工報表...
2025-06-24 09:47:13,684 - INFO - 💾 生成 8245049-Anu Soorya 主報表...
2025-06-24 09:47:13,684 - WARNING - ⚠️ 員工ID: 8245049 在 masterdata.xlsx --> Employee 工作表中找不到
2025-06-24 09:47:13,707 - INFO - 💾 生成 8245053-Shafika 員工報表...
2025-06-24 09:47:13,717 - INFO - 💾 生成 8245053-Shafika 主報表...
2025-06-24 09:47:13,718 - WARNING - ⚠️ 員工ID: 8245053 在 masterdata.xlsx --> Employee 工作表中找不到
2025-06-24 09:47:13,741 - INFO - 💾 生成 8245058-Darshibi 員工報表...
2025-06-24 09:47:13,750 - INFO - 💾 生成 8245058-Darshibi 主報表...
2025-06-24 09:47:13,751 - WARNING - ⚠️ 員工ID: 8245058 在 masterdata.xlsx --> Employee 工作表中找不到
2025-06-24 09:47:13,817 - INFO - 💾 生成 8245059-Syarifah 員工報表...
2025-06-24 09:47:13,827 - INFO - 💾 生成 8245059-Syarifah 主報表...
2025-06-24 09:47:13,828 - WARNING - ⚠️ 員工ID: 8245059 在 masterdata.xlsx --> Employee 工作表中找不到
2025-06-24 09:47:13,849 - INFO - 💾 生成 8245063-Maizatul 員工報表...
2025-06-24 09:47:13,856 - INFO - 💾 生成 8245063-Maizatul 主報表...
2025-06-24 09:47:13,857 - WARNING - ⚠️ 員工ID: 8245063 在 masterdata.xlsx --> Employee 工作表中找不到
2025-06-24 09:47:13,910 - INFO - 💾 生成 8245066-Siti Asmah 員工報表...
2025-06-24 09:47:13,921 - INFO - 💾 生成 8245066-Siti Asmah 主報表...
2025-06-24 09:47:13,922 - WARNING - ⚠️ 員工ID: 8245066 在 masterdata.xlsx --> Employee 工作表中找不到
2025-06-24 09:47:13,991 - INFO - 💾 生成 8248001-Saw Aye 員工報表...
2025-06-24 09:47:14,002 - INFO - 💾 生成 8248001-Saw Aye 主報表...
2025-06-24 09:47:14,002 - WARNING - ⚠️ 員工ID: 8248001 在 masterdata.xlsx --> Employee 工作表中找不到
2025-06-24 09:47:14,061 - INFO - 💾 生成 8248002-Than Saw 員工報表...
2025-06-24 09:47:14,073 - INFO - 💾 生成 8248002-Than Saw 主報表...
2025-06-24 09:47:14,073 - WARNING - ⚠️ 員工ID: 8248002 在 masterdata.xlsx --> Employee 工作表中找不到
2025-06-24 09:47:14,135 - INFO - 💾 生成 8248006-Nan Win Thazin Yo 員工報表...
2025-06-24 09:47:14,145 - INFO - 💾 生成 8248006-Nan Win Thazin Yo 主報表...
2025-06-24 09:47:14,146 - WARNING - ⚠️ 員工ID: 8248006 在 masterdata.xlsx --> Employee 工作表中找不到
2025-06-24 09:47:14,204 - INFO - 💾 生成 8248007-Khin Mar Cho 員工報表...
2025-06-24 09:47:14,213 - INFO - 💾 生成 8248007-Khin Mar Cho 主報表...
2025-06-24 09:47:14,214 - WARNING - ⚠️ 員工ID: 8248007 在 masterdata.xlsx --> Employee 工作表中找不到
2025-06-24 09:47:14,272 - INFO - 💾 生成 8248013-Zin Mar Soe 員工報表...
2025-06-24 09:47:14,284 - INFO - 💾 生成 8248013-Zin Mar Soe 主報表...
2025-06-24 09:47:14,285 - WARNING - ⚠️ 員工ID: 8248013 在 masterdata.xlsx --> Employee 工作表中找不到
2025-06-24 09:47:14,349 - INFO - 💾 生成 8248014-Mie Thidar 員工報表...
2025-06-24 09:47:14,361 - INFO - 💾 生成 8248014-Mie Thidar 主報表...
2025-06-24 09:47:14,362 - WARNING - ⚠️ 員工ID: 8248014 在 masterdata.xlsx --> Employee 工作表中找不到
2025-06-24 09:47:14,431 - INFO - 💾 生成 8248015-Myint Kyi 員工報表...
2025-06-24 09:47:14,440 - INFO - 💾 生成 8248015-Myint Kyi 主報表...
2025-06-24 09:47:14,441 - WARNING - ⚠️ 員工ID: 8248015 在 masterdata.xlsx --> Employee 工作表中找不到
2025-06-24 09:47:14,506 - INFO - 💾 生成 8248016-Soe Soe Tun 員工報表...
2025-06-24 09:47:14,562 - INFO - 💾 生成 8248016-Soe Soe Tun 主報表...
2025-06-24 09:47:14,563 - WARNING - ⚠️ 員工ID: 8248016 在 masterdata.xlsx --> Employee 工作表中找不到
2025-06-24 09:47:14,627 - INFO - 💾 生成 8248017-Poe Poe Phyu 員工報表...
2025-06-24 09:47:14,639 - INFO - 💾 生成 8248017-Poe Poe Phyu 主報表...
2025-06-24 09:47:14,640 - WARNING - ⚠️ 員工ID: 8248017 在 masterdata.xlsx --> Employee 工作表中找不到
2025-06-24 09:47:14,732 - INFO - 💾 生成 8248019-Thandar Oo 員工報表...
2025-06-24 09:47:14,751 - INFO - 💾 生成 8248019-Thandar Oo 主報表...
2025-06-24 09:47:14,753 - WARNING - ⚠️ 員工ID: 8248019 在 masterdata.xlsx --> Employee 工作表中找不到
2025-06-24 09:47:14,828 - INFO - 💾 生成 8248020-Thandar Myo Win 員工報表...
2025-06-24 09:47:14,840 - INFO - 💾 生成 8248020-Thandar Myo Win 主報表...
2025-06-24 09:47:14,841 - WARNING - ⚠️ 員工ID: 8248020 在 masterdata.xlsx --> Employee 工作表中找不到
2025-06-24 09:47:14,871 - INFO - 💾 生成 8248021-Win Nandar Tun 員工報表...
2025-06-24 09:47:14,881 - INFO - 💾 生成 8248021-Win Nandar Tun 主報表...
2025-06-24 09:47:14,882 - WARNING - ⚠️ 員工ID: 8248021 在 masterdata.xlsx --> Employee 工作表中找不到
2025-06-24 09:47:14,914 - INFO - 💾 生成 8248023-Ma Khaing 員工報表...
2025-06-24 09:47:14,926 - INFO - 💾 生成 8248023-Ma Khaing 主報表...
2025-06-24 09:47:14,928 - WARNING - ⚠️ 員工ID: 8248023 在 masterdata.xlsx --> Employee 工作表中找不到
2025-06-24 09:47:14,989 - INFO - 💾 生成 8248024-Saw Eu 員工報表...
2025-06-24 09:47:14,999 - INFO - 💾 生成 8248024-Saw Eu 主報表...
2025-06-24 09:47:15,000 - WARNING - ⚠️ 員工ID: 8248024 在 masterdata.xlsx --> Employee 工作表中找不到
2025-06-24 09:47:15,066 - INFO - 💾 生成 8248025-Ei Mon Htwe 員工報表...
2025-06-24 09:47:15,081 - INFO - 💾 生成 8248025-Ei Mon Htwe 主報表...
2025-06-24 09:47:15,082 - WARNING - ⚠️ 員工ID: 8248025 在 masterdata.xlsx --> Employee 工作表中找不到
2025-06-24 09:47:15,111 - INFO - 💾 生成 8248026-Thu Zar 員工報表...
2025-06-24 09:47:15,123 - INFO - 💾 生成 8248026-Thu Zar 主報表...
2025-06-24 09:47:15,124 - WARNING - ⚠️ 員工ID: 8248026 在 masterdata.xlsx --> Employee 工作表中找不到
2025-06-24 09:47:15,198 - INFO - 💾 生成 8248027-Dar Li Tun 員工報表...
2025-06-24 09:47:15,210 - INFO - 💾 生成 8248027-Dar Li Tun 主報表...
2025-06-24 09:47:15,211 - WARNING - ⚠️ 員工ID: 8248027 在 masterdata.xlsx --> Employee 工作表中找不到
2025-06-24 09:47:15,276 - INFO - 💾 生成 8248028-Thae Nu Khaing 員工報表...
2025-06-24 09:47:15,287 - INFO - 💾 生成 8248028-Thae Nu Khaing 主報表...
2025-06-24 09:47:15,288 - WARNING - ⚠️ 員工ID: 8248028 在 masterdata.xlsx --> Employee 工作表中找不到
2025-06-24 09:47:15,354 - INFO - 💾 生成 8248029-Phyu Phyu Nyeinaye 員工報表...
2025-06-24 09:47:15,365 - INFO - 💾 生成 8248029-Phyu Phyu Nyeinaye 主報表...
2025-06-24 09:47:15,366 - WARNING - ⚠️ 員工ID: 8248029 在 masterdata.xlsx --> Employee 工作表中找不到
2025-06-24 09:47:15,420 - INFO - 💾 生成 8248030-Chaw Sein 員工報表...
2025-06-24 09:47:15,429 - INFO - 💾 生成 8248030-Chaw Sein 主報表...
2025-06-24 09:47:15,430 - WARNING - ⚠️ 員工ID: 8248030 在 masterdata.xlsx --> Employee 工作表中找不到
2025-06-24 09:47:15,451 - INFO - 💾 生成 8248031-May Thingyan 員工報表...
2025-06-24 09:47:15,458 - INFO - 💾 生成 8248031-May Thingyan 主報表...
2025-06-24 09:47:15,459 - WARNING - ⚠️ 員工ID: 8248031 在 masterdata.xlsx --> Employee 工作表中找不到
2025-06-24 09:47:15,514 - INFO - 💾 生成 8248032-Ei Ei Aung 員工報表...
2025-06-24 09:47:15,526 - INFO - 💾 生成 8248032-Ei Ei Aung 主報表...
2025-06-24 09:47:15,527 - WARNING - ⚠️ 員工ID: 8248032 在 masterdata.xlsx --> Employee 工作表中找不到
2025-06-24 09:47:15,594 - INFO - 💾 生成 8248033-Thin Thin Htay 員工報表...
2025-06-24 09:47:15,605 - INFO - 💾 生成 8248033-Thin Thin Htay 主報表...
2025-06-24 09:47:15,606 - WARNING - ⚠️ 員工ID: 8248033 在 masterdata.xlsx --> Employee 工作表中找不到
2025-06-24 09:47:15,669 - INFO - 💾 生成 8248034-Khin Khin Kyi 員工報表...
2025-06-24 09:47:15,684 - INFO - 💾 生成 8248034-Khin Khin Kyi 主報表...
2025-06-24 09:47:15,685 - WARNING - ⚠️ 員工ID: 8248034 在 masterdata.xlsx --> Employee 工作表中找不到
2025-06-24 09:47:15,761 - INFO - 💾 生成 8252003-Nurul Izzah 員工報表...
2025-06-24 09:47:15,773 - INFO - 💾 生成 8252003-Nurul Izzah 主報表...
2025-06-24 09:47:15,852 - INFO - 💾 生成 8252005-Nornabilah 員工報表...
2025-06-24 09:47:15,862 - INFO - 💾 生成 8252005-Nornabilah 主報表...
2025-06-24 09:47:15,941 - INFO - 💾 生成 8252010-Nurul Fatihah 員工報表...
2025-06-24 09:47:15,952 - INFO - 💾 生成 8252010-Nurul Fatihah 主報表...
2025-06-24 09:47:16,028 - INFO - 💾 生成 8252015-Nur Farah Najihah 員工報表...
2025-06-24 09:47:16,039 - INFO - 💾 生成 8252015-Nur Farah Najihah 主報表...
2025-06-24 09:47:16,096 - INFO - 💾 生成 8252019-Alia 員工報表...
2025-06-24 09:47:16,106 - INFO - 💾 生成 8252019-Alia 主報表...
2025-06-24 09:47:16,107 - WARNING - ⚠️ 員工ID: 8252019 在 masterdata.xlsx --> Employee 工作表中找不到
2025-06-24 09:47:16,133 - INFO - 💾 生成 8252020-Sarrohjini Ap Sathiamoorty 員工報表...
2025-06-24 09:47:16,141 - INFO - 💾 生成 8252020-Sarrohjini Ap Sathiamoorty 主報表...
2025-06-24 09:47:16,142 - WARNING - ⚠️ 員工ID: 8252020 在 masterdata.xlsx --> Employee 工作表中找不到
2025-06-24 09:47:16,213 - INFO - 💾 生成 8252021-Hemalatha AP Shankar 員工報表...
2025-06-24 09:47:16,222 - INFO - 💾 生成 8252021-Hemalatha AP Shankar 主報表...
2025-06-24 09:47:16,254 - INFO - 💾 生成 8252022-Reethaa AP Prakashkumar 員工報表...
2025-06-24 09:47:16,262 - INFO - 💾 生成 8252022-Reethaa AP Prakashkumar 主報表...
2025-06-24 09:47:16,280 - INFO - 💾 生成 8252030-Nuurfarahin Binti Mohammed Dan 員工報表...
2025-06-24 09:47:16,288 - INFO - 💾 生成 8252030-Nuurfarahin Binti Mohammed Dan 主報表...
2025-06-24 09:47:16,289 - WARNING - ⚠️ 員工ID: 8252030 在 masterdata.xlsx --> Employee 工作表中找不到
2025-06-24 09:47:16,340 - INFO - 💾 生成 8255001-Hafizah 員工報表...
2025-06-24 09:47:16,350 - INFO - 💾 生成 8255001-Hafizah 主報表...
2025-06-24 09:47:16,351 - WARNING - ⚠️ 員工ID: 8255001 在 masterdata.xlsx --> Employee 工作表中找不到
2025-06-24 09:47:16,407 - INFO - 💾 生成 8255002-Fathiah 員工報表...
2025-06-24 09:47:16,419 - INFO - 💾 生成 8255002-Fathiah 主報表...
2025-06-24 09:47:16,421 - WARNING - ⚠️ 員工ID: 8255002 在 masterdata.xlsx --> Employee 工作表中找不到
2025-06-24 09:47:16,443 - INFO - 💾 生成 8255005-Hanis Nazira 員工報表...
2025-06-24 09:47:16,451 - INFO - 💾 生成 8255005-Hanis Nazira 主報表...
2025-06-24 09:47:16,452 - WARNING - ⚠️ 員工ID: 8255005 在 masterdata.xlsx --> Employee 工作表中找不到
2025-06-24 09:47:16,472 - INFO - 💾 生成 8255006-8255006 員工報表...
2025-06-24 09:47:16,482 - INFO - 💾 生成 8255006-8255006 主報表...
2025-06-24 09:47:16,484 - WARNING - ⚠️ 員工ID: 8255006 在 masterdata.xlsx --> Employee 工作表中找不到
2025-06-24 09:47:16,512 - INFO - 💾 生成 8255007-Siti Soleha 員工報表...
2025-06-24 09:47:16,577 - INFO - 💾 生成 8255007-Siti Soleha 主報表...
2025-06-24 09:47:16,578 - WARNING - ⚠️ 員工ID: 8255007 在 masterdata.xlsx --> Employee 工作表中找不到
2025-06-24 09:47:16,601 - INFO - 💾 生成 8255009-Rafeah 員工報表...
2025-06-24 09:47:16,610 - INFO - 💾 生成 8255009-Rafeah 主報表...
2025-06-24 09:47:16,611 - WARNING - ⚠️ 員工ID: 8255009 在 masterdata.xlsx --> Employee 工作表中找不到
2025-06-24 09:47:16,636 - INFO - 💾 生成 8255010-Siti Nur Farahim 員工報表...
2025-06-24 09:47:16,644 - INFO - 💾 生成 8255010-Siti Nur Farahim 主報表...
2025-06-24 09:47:16,645 - WARNING - ⚠️ 員工ID: 8255010 在 masterdata.xlsx --> Employee 工作表中找不到
2025-06-24 09:47:16,705 - INFO - 💾 生成 8255011-Agrieyelen 員工報表...
2025-06-24 09:47:16,715 - INFO - 💾 生成 8255011-Agrieyelen 主報表...
2025-06-24 09:47:16,716 - WARNING - ⚠️ 員工ID: 8255011 在 masterdata.xlsx --> Employee 工作表中找不到
2025-06-24 09:47:16,740 - INFO - 💾 生成 8255012-Norasikin 員工報表...
2025-06-24 09:47:16,750 - INFO - 💾 生成 8255012-Norasikin 主報表...
2025-06-24 09:47:16,750 - WARNING - ⚠️ 員工ID: 8255012 在 masterdata.xlsx --> Employee 工作表中找不到
2025-06-24 09:47:16,778 - INFO - 💾 生成 8255014-noor ain 員工報表...
2025-06-24 09:47:16,788 - INFO - 💾 生成 8255014-noor ain 主報表...
2025-06-24 09:47:16,789 - WARNING - ⚠️ 員工ID: 8255014 在 masterdata.xlsx --> Employee 工作表中找不到
2025-06-24 09:47:16,811 - INFO - 💾 生成 8255018-Putri Aisyah 員工報表...
2025-06-24 09:47:16,820 - INFO - 💾 生成 8255018-Putri Aisyah 主報表...
2025-06-24 09:47:16,822 - WARNING - ⚠️ 員工ID: 8255018 在 masterdata.xlsx --> Employee 工作表中找不到
2025-06-24 09:47:16,845 - INFO - 💾 生成 8255020-Nur Linda Binti Mohamad Kiraman 員工報表...
2025-06-24 09:47:16,855 - INFO - 💾 生成 8255020-Nur Linda Binti Mohamad Kiraman 主報表...
2025-06-24 09:47:16,856 - WARNING - ⚠️ 員工ID: 8255020 在 masterdata.xlsx --> Employee 工作表中找不到
2025-06-24 09:47:16,883 - INFO - 💾 生成 8255021-Eesvari Subramaniam 員工報表...
2025-06-24 09:47:16,894 - INFO - 💾 生成 8255021-Eesvari Subramaniam 主報表...
2025-06-24 09:47:16,895 - WARNING - ⚠️ 員工ID: 8255021 在 masterdata.xlsx --> Employee 工作表中找不到
2025-06-24 09:47:16,924 - INFO - 💾 生成 8255024-Hamidah Binti Sentol 員工報表...
2025-06-24 09:47:16,934 - INFO - 💾 生成 8255024-Hamidah Binti Sentol 主報表...
2025-06-24 09:47:16,935 - WARNING - ⚠️ 員工ID: 8255024 在 masterdata.xlsx --> Employee 工作表中找不到
2025-06-24 09:47:16,962 - INFO - 💾 生成 8255030-Alice 員工報表...
2025-06-24 09:47:16,971 - INFO - 💾 生成 8255030-Alice 主報表...
2025-06-24 09:47:16,971 - WARNING - ⚠️ 員工ID: 8255030 在 masterdata.xlsx --> Employee 工作表中找不到
2025-06-24 09:47:16,994 - INFO - 💾 生成 8255034-Nur Aliesya 員工報表...
2025-06-24 09:47:17,002 - INFO - 💾 生成 8255034-Nur Aliesya 主報表...
2025-06-24 09:47:17,003 - WARNING - ⚠️ 員工ID: 8255034 在 masterdata.xlsx --> Employee 工作表中找不到
2025-06-24 09:47:17,055 - INFO - 💾 生成 8255035-Siti Suhana 員工報表...
2025-06-24 09:47:17,064 - INFO - 💾 生成 8255035-Siti Suhana 主報表...
2025-06-24 09:47:17,065 - WARNING - ⚠️ 員工ID: 8255035 在 masterdata.xlsx --> Employee 工作表中找不到
2025-06-24 09:47:17,088 - INFO - 💾 生成 8255036-Nurul Syahira Ashiqin 員工報表...
2025-06-24 09:47:17,098 - INFO - 💾 生成 8255036-Nurul Syahira Ashiqin 主報表...
2025-06-24 09:47:17,100 - WARNING - ⚠️ 員工ID: 8255036 在 masterdata.xlsx --> Employee 工作表中找不到
2025-06-24 09:47:17,124 - INFO - 💾 生成 8255037-Devi AP Arasamani 員工報表...
2025-06-24 09:47:17,133 - INFO - 💾 生成 8255037-Devi AP Arasamani 主報表...
2025-06-24 09:47:17,134 - WARNING - ⚠️ 員工ID: 8255037 在 masterdata.xlsx --> Employee 工作表中找不到
2025-06-24 09:47:17,157 - INFO - 💾 生成 8255038-Nurain Nabilah 員工報表...
2025-06-24 09:47:17,167 - INFO - 💾 生成 8255038-Nurain Nabilah 主報表...
2025-06-24 09:47:17,168 - WARNING - ⚠️ 員工ID: 8255038 在 masterdata.xlsx --> Employee 工作表中找不到
2025-06-24 09:47:17,195 - INFO - 💾 生成 8255039-Nur Asyikin Binti Hamidon 員工報表...
2025-06-24 09:47:17,205 - INFO - 💾 生成 8255039-Nur Asyikin Binti Hamidon 主報表...
2025-06-24 09:47:17,206 - WARNING - ⚠️ 員工ID: 8255039 在 masterdata.xlsx --> Employee 工作表中找不到
2025-06-24 09:47:17,236 - INFO - 💾 生成 8255040-Kirthineswary 員工報表...
2025-06-24 09:47:17,245 - INFO - 💾 生成 8255040-Kirthineswary 主報表...
2025-06-24 09:47:17,246 - WARNING - ⚠️ 員工ID: 8255040 在 masterdata.xlsx --> Employee 工作表中找不到
2025-06-24 09:47:17,301 - INFO - 💾 生成 8255042-Ashvini AP Shanmugarajah 員工報表...
2025-06-24 09:47:17,312 - INFO - 💾 生成 8255042-Ashvini AP Shanmugarajah 主報表...
2025-06-24 09:47:17,313 - WARNING - ⚠️ 員工ID: 8255042 在 masterdata.xlsx --> Employee 工作表中找不到
2025-06-24 09:47:17,339 - INFO - 💾 生成 8255043-Sharmila AP Shanmugarajah 員工報表...
2025-06-24 09:47:17,348 - INFO - 💾 生成 8255043-Sharmila AP Shanmugarajah 主報表...
2025-06-24 09:47:17,350 - WARNING - ⚠️ 員工ID: 8255043 在 masterdata.xlsx --> Employee 工作表中找不到
2025-06-24 09:47:17,372 - INFO - 💾 生成 8255044-Kamini AP Chandraagaran 員工報表...
2025-06-24 09:47:17,380 - INFO - 💾 生成 8255044-Kamini AP Chandraagaran 主報表...
2025-06-24 09:47:17,381 - WARNING - ⚠️ 員工ID: 8255044 在 masterdata.xlsx --> Employee 工作表中找不到
2025-06-24 09:47:17,405 - INFO - 💾 生成 8255045-Nur Fazrienz Fasihin 員工報表...
2025-06-24 09:47:17,412 - INFO - 💾 生成 8255045-Nur Fazrienz Fasihin 主報表...
2025-06-24 09:47:17,415 - WARNING - ⚠️ 員工ID: 8255045 在 masterdata.xlsx --> Employee 工作表中找不到
2025-06-24 09:47:17,438 - INFO - 💾 生成 8255046-Sarah Najlaa Bt SH Razi 員工報表...
2025-06-24 09:47:17,448 - INFO - 💾 生成 8255046-Sarah Najlaa Bt SH Razi 主報表...
2025-06-24 09:47:17,449 - WARNING - ⚠️ 員工ID: 8255046 在 masterdata.xlsx --> Employee 工作表中找不到
2025-06-24 09:47:17,510 - INFO - 💾 生成 8258001-Aye Mya Mon 員工報表...
2025-06-24 09:47:17,522 - INFO - 💾 生成 8258001-Aye Mya Mon 主報表...
2025-06-24 09:47:17,523 - WARNING - ⚠️ 員工ID: 8258001 在 masterdata.xlsx --> Employee 工作表中找不到
2025-06-24 09:47:17,578 - INFO - 💾 生成 8258002-Thwe Thwe Phyo 員工報表...
2025-06-24 09:47:17,591 - INFO - 💾 生成 8258002-Thwe Thwe Phyo 主報表...
2025-06-24 09:47:17,592 - WARNING - ⚠️ 員工ID: 8258002 在 masterdata.xlsx --> Employee 工作表中找不到
2025-06-24 09:47:17,656 - INFO - 💾 生成 8258003-Soe Hnin Nwe 員工報表...
2025-06-24 09:47:17,667 - INFO - 💾 生成 8258003-Soe Hnin Nwe 主報表...
2025-06-24 09:47:17,668 - WARNING - ⚠️ 員工ID: 8258003 在 masterdata.xlsx --> Employee 工作表中找不到
2025-06-24 09:47:17,704 - INFO - 💾 生成 8258004-Myat Wint Yee 員工報表...
2025-06-24 09:47:17,714 - INFO - 💾 生成 8258004-Myat Wint Yee 主報表...
2025-06-24 09:47:17,715 - WARNING - ⚠️ 員工ID: 8258004 在 masterdata.xlsx --> Employee 工作表中找不到
2025-06-24 09:47:17,773 - INFO - 💾 生成 8258005-Kyal Zin Oo 員工報表...
2025-06-24 09:47:17,782 - INFO - 💾 生成 8258005-Kyal Zin Oo 主報表...
2025-06-24 09:47:17,783 - WARNING - ⚠️ 員工ID: 8258005 在 masterdata.xlsx --> Employee 工作表中找不到
2025-06-24 09:47:17,845 - INFO - 💾 生成 8258006-Zin Mar Soe 員工報表...
2025-06-24 09:47:17,857 - INFO - 💾 生成 8258006-Zin Mar Soe 主報表...
2025-06-24 09:47:17,858 - WARNING - ⚠️ 員工ID: 8258006 在 masterdata.xlsx --> Employee 工作表中找不到
2025-06-24 09:47:17,925 - INFO - 💾 生成 8258007-Thu Zar Win 員工報表...
2025-06-24 09:47:17,937 - INFO - 💾 生成 8258007-Thu Zar Win 主報表...
2025-06-24 09:47:17,937 - WARNING - ⚠️ 員工ID: 8258007 在 masterdata.xlsx --> Employee 工作表中找不到
2025-06-24 09:47:17,992 - INFO - 💾 生成 8258008-Than Than Khaing 員工報表...
2025-06-24 09:47:18,002 - INFO - 💾 生成 8258008-Than Than Khaing 主報表...
2025-06-24 09:47:18,003 - WARNING - ⚠️ 員工ID: 8258008 在 masterdata.xlsx --> Employee 工作表中找不到
2025-06-24 09:47:18,059 - INFO - 💾 生成 8258009-Thin Thin Ngwe 員工報表...
2025-06-24 09:47:18,126 - INFO - 💾 生成 8258009-Thin Thin Ngwe 主報表...
2025-06-24 09:47:18,127 - WARNING - ⚠️ 員工ID: 8258009 在 masterdata.xlsx --> Employee 工作表中找不到
2025-06-24 09:47:18,150 - INFO - 💾 生成 8258010-Zue Zue Kyaw 員工報表...
2025-06-24 09:47:18,158 - INFO - 💾 生成 8258010-Zue Zue Kyaw 主報表...
2025-06-24 09:47:18,159 - WARNING - ⚠️ 員工ID: 8258010 在 masterdata.xlsx --> Employee 工作表中找不到
2025-06-24 09:47:18,178 - INFO - 💾 生成 8258011-Tin Mar Aye 員工報表...
2025-06-24 09:47:18,188 - INFO - 💾 生成 8258011-Tin Mar Aye 主報表...
2025-06-24 09:47:18,189 - WARNING - ⚠️ 員工ID: 8258011 在 masterdata.xlsx --> Employee 工作表中找不到
2025-06-24 09:47:18,217 - INFO - 💾 生成 8258012-Wathan Nay Lin 員工報表...
2025-06-24 09:47:18,227 - INFO - 💾 生成 8258012-Wathan Nay Lin 主報表...
2025-06-24 09:47:18,228 - WARNING - ⚠️ 員工ID: 8258012 在 masterdata.xlsx --> Employee 工作表中找不到
2025-06-24 09:47:18,288 - INFO - 💾 生成 8258013-Moe Thuzar 員工報表...
2025-06-24 09:47:18,298 - INFO - 💾 生成 8258013-Moe Thuzar 主報表...
2025-06-24 09:47:18,298 - WARNING - ⚠️ 員工ID: 8258013 在 masterdata.xlsx --> Employee 工作表中找不到
2025-06-24 09:47:18,320 - INFO - 💾 生成 8258014-Khaing Zar Aung 員工報表...
2025-06-24 09:47:18,328 - INFO - 💾 生成 8258014-Khaing Zar Aung 主報表...
2025-06-24 09:47:18,329 - WARNING - ⚠️ 員工ID: 8258014 在 masterdata.xlsx --> Employee 工作表中找不到
2025-06-24 09:47:18,349 - INFO - 💾 生成 8258015-Zar Zar OO 員工報表...
2025-06-24 09:47:18,356 - INFO - 💾 生成 8258015-Zar Zar OO 主報表...
2025-06-24 09:47:18,357 - WARNING - ⚠️ 員工ID: 8258015 在 masterdata.xlsx --> Employee 工作表中找不到
2025-06-24 09:47:18,418 - INFO - 💾 生成 8258016-Yin May Win 員工報表...
2025-06-24 09:47:18,429 - INFO - 💾 生成 8258016-Yin May Win 主報表...
2025-06-24 09:47:18,430 - WARNING - ⚠️ 員工ID: 8258016 在 masterdata.xlsx --> Employee 工作表中找不到
2025-06-24 09:47:18,455 - INFO - 💾 生成 8258017-Zin Mar Khaing 員工報表...
2025-06-24 09:47:18,465 - INFO - 💾 生成 8258017-Zin Mar Khaing 主報表...
2025-06-24 09:47:18,466 - WARNING - ⚠️ 員工ID: 8258017 在 masterdata.xlsx --> Employee 工作表中找不到
2025-06-24 09:47:18,495 - INFO - 💾 生成 8258018-Nyein Nyein Khaing 員工報表...
2025-06-24 09:47:18,505 - INFO - 💾 生成 8258018-Nyein Nyein Khaing 主報表...
2025-06-24 09:47:18,506 - WARNING - ⚠️ 員工ID: 8258018 在 masterdata.xlsx --> Employee 工作表中找不到
2025-06-24 09:47:18,533 - INFO - 💾 生成 8258019-Myint Myint Than 員工報表...
2025-06-24 09:47:18,542 - INFO - 💾 生成 8258019-Myint Myint Than 主報表...
2025-06-24 09:47:18,543 - WARNING - ⚠️ 員工ID: 8258019 在 masterdata.xlsx --> Employee 工作表中找不到
2025-06-24 09:47:18,610 - INFO - 💾 生成 8258020-Than Than Soe 員工報表...
2025-06-24 09:47:18,621 - INFO - 💾 生成 8258020-Than Than Soe 主報表...
2025-06-24 09:47:18,621 - WARNING - ⚠️ 員工ID: 8258020 在 masterdata.xlsx --> Employee 工作表中找不到
2025-06-24 09:47:18,676 - INFO - 💾 生成 8258021-Pyae Pyae Soe 員工報表...
2025-06-24 09:47:18,687 - INFO - 💾 生成 8258021-Pyae Pyae Soe 主報表...
2025-06-24 09:47:18,688 - WARNING - ⚠️ 員工ID: 8258021 在 masterdata.xlsx --> Employee 工作表中找不到
2025-06-24 09:47:18,754 - INFO - 💾 生成 8258022-Lae Lae Aung 員工報表...
2025-06-24 09:47:18,763 - INFO - 💾 生成 8258022-Lae Lae Aung 主報表...
2025-06-24 09:47:18,763 - WARNING - ⚠️ 員工ID: 8258022 在 masterdata.xlsx --> Employee 工作表中找不到
2025-06-24 09:47:18,815 - INFO - 💾 生成 8258023-Shwe Mi 員工報表...
2025-06-24 09:47:18,824 - INFO - 💾 生成 8258023-Shwe Mi 主報表...
2025-06-24 09:47:18,824 - WARNING - ⚠️ 員工ID: 8258023 在 masterdata.xlsx --> Employee 工作表中找不到
2025-06-24 09:47:18,873 - INFO - 💾 生成 8258024-Zin Mar Wai 員工報表...
2025-06-24 09:47:18,883 - INFO - 💾 生成 8258024-Zin Mar Wai 主報表...
2025-06-24 09:47:18,883 - WARNING - ⚠️ 員工ID: 8258024 在 masterdata.xlsx --> Employee 工作表中找不到
2025-06-24 09:47:21,772 - INFO - 🏢 處理部門: Altek Medical/DL MED WAREHOUSE
2025-06-24 09:47:21,891 - INFO - 💾 生成 8242003-Muhammad Khirrudin bin Mohamad Lassim 員工報表...
2025-06-24 09:47:21,901 - INFO - 💾 生成 8242003-Muhammad Khirrudin bin Mohamad Lassim 主報表...
2025-06-24 09:47:21,984 - INFO - 💾 生成 8242042-Mohd Imann 員工報表...
2025-06-24 09:47:21,996 - INFO - 💾 生成 8242042-Mohd Imann 主報表...
2025-06-24 09:47:22,074 - INFO - 💾 生成 8252016-Yaseil 員工報表...
2025-06-24 09:47:22,087 - INFO - 💾 生成 8252016-Yaseil 主報表...
2025-06-24 09:47:22,164 - INFO - 🏢 處理部門: Altek Medical/DL Medical
2025-06-24 09:47:22,206 - INFO - 💾 生成 8232005-Siti Norhafiza binti Idris 員工報表...
2025-06-24 09:47:22,215 - INFO - 💾 生成 8232005-Siti Norhafiza binti Idris 主報表...
2025-06-24 09:47:22,251 - INFO - 🏢 處理部門: Altek Medical/IDL ACS
2025-06-24 09:47:22,364 - INFO - 💾 生成 8242069-Lim Chu Yan 員工報表...
2025-06-24 09:47:22,374 - INFO - 💾 生成 8242069-Lim Chu Yan 主報表...
2025-06-24 09:47:22,456 - INFO - 💾 生成 8252014-Mohd Aliffazwan 員工報表...
2025-06-24 09:47:22,466 - INFO - 💾 生成 8252014-Mohd Aliffazwan 主報表...
2025-06-24 09:47:22,527 - INFO - 🏢 處理部門: Altek Medical/IDL Medical
2025-06-24 09:47:22,649 - INFO - 💾 生成 8232001-Hsieh Yu Ting 員工報表...
2025-06-24 09:47:22,660 - INFO - 💾 生成 8232001-Hsieh Yu Ting 主報表...
2025-06-24 09:47:22,739 - INFO - 💾 生成 8232003-Muhammad Irfan bin Mohamad 員工報表...
2025-06-24 09:47:22,751 - INFO - 💾 生成 8232003-Muhammad Irfan bin Mohamad 主報表...
2025-06-24 09:47:22,822 - INFO - 💾 生成 8232005-Siti Norhafiza binti Idris 員工報表...
2025-06-24 09:47:22,832 - INFO - 💾 生成 8232005-Siti Norhafiza binti Idris 主報表...
2025-06-24 09:47:22,859 - INFO - 💾 生成 8232006-Zoey Pok 員工報表...
2025-06-24 09:47:22,868 - INFO - 💾 生成 8232006-Zoey Pok 主報表...
2025-06-24 09:47:22,869 - WARNING - ⚠️ 員工ID: 8232006 在 masterdata.xlsx --> Employee 工作表中找不到
2025-06-24 09:47:22,949 - INFO - 💾 生成 8232010-Kwak Fang Wei 員工報表...
2025-06-24 09:47:22,961 - INFO - 💾 生成 8232010-Kwak Fang Wei 主報表...
2025-06-24 09:47:23,037 - INFO - 💾 生成 8242005-Felicia Wong 員工報表...
2025-06-24 09:47:23,159 - INFO - 💾 生成 8242005-Felicia Wong 主報表...
2025-06-24 09:47:23,248 - INFO - 💾 生成 8242044-Chong Jing Yi 員工報表...
2025-06-24 09:47:23,259 - INFO - 💾 生成 8242044-Chong Jing Yi 主報表...
2025-06-24 09:47:23,337 - INFO - 💾 生成 8242067-Li Pei Chi 員工報表...
2025-06-24 09:47:23,348 - INFO - 💾 生成 8242067-Li Pei Chi 主報表...
2025-06-24 09:47:23,371 - INFO - 💾 生成 8242089-Ooi Chin Kent 員工報表...
2025-06-24 09:47:23,379 - INFO - 💾 生成 8242089-Ooi Chin Kent 主報表...
2025-06-24 09:47:23,380 - WARNING - ⚠️ 員工ID: 8242089 在 masterdata.xlsx --> Employee 工作表中找不到
2025-06-24 09:47:23,410 - INFO - 💾 生成 8242106-Lim Song Keong 員工報表...
2025-06-24 09:47:23,420 - INFO - 💾 生成 8242106-Lim Song Keong 主報表...
2025-06-24 09:47:23,497 - INFO - 💾 生成 8242111-Naim Muizzuddin bin Mohamad Sah 員工報表...
2025-06-24 09:47:23,508 - INFO - 💾 生成 8242111-Naim Muizzuddin bin Mohamad Sah 主報表...
2025-06-24 09:47:23,598 - INFO - 💾 生成 8242112-Yvonne Tan 員工報表...
2025-06-24 09:47:23,608 - INFO - 💾 生成 8242112-Yvonne Tan 主報表...
2025-06-24 09:47:23,643 - INFO - 💾 生成 8242113-Celine Woon 員工報表...
2025-06-24 09:47:23,651 - INFO - 💾 生成 8242113-Celine Woon 主報表...
2025-06-24 09:47:23,732 - INFO - 💾 生成 8242116-Tan Teck Loon 員工報表...
2025-06-24 09:47:23,743 - INFO - 💾 生成 8242116-Tan Teck Loon 主報表...
2025-06-24 09:47:23,818 - INFO - 💾 生成 8242119-Nurul Syazwani binti Azmi 員工報表...
2025-06-24 09:47:23,829 - INFO - 💾 生成 8242119-Nurul Syazwani binti Azmi 主報表...
2025-06-24 09:47:23,906 - INFO - 💾 生成 8242120-Noor Hakim bin Osman 員工報表...
2025-06-24 09:47:23,917 - INFO - 💾 生成 8242120-Noor Hakim bin Osman 主報表...
2025-06-24 09:47:24,000 - INFO - 💾 生成 8252011-Siti Nur Nabilah Binti Mohd Rais 員工報表...
2025-06-24 09:47:24,012 - INFO - 💾 生成 8252011-Siti Nur Nabilah Binti Mohd Rais 主報表...
2025-06-24 09:47:24,097 - INFO - 💾 生成 8252013-Khidir Thong 員工報表...
2025-06-24 09:47:24,107 - INFO - 💾 生成 8252013-Khidir Thong 主報表...
2025-06-24 09:47:24,195 - INFO - 💾 生成 8252017-Wong Si Huey 員工報表...
2025-06-24 09:47:24,204 - INFO - 💾 生成 8252017-Wong Si Huey 主報表...
2025-06-24 09:47:24,259 - INFO - 💾 生成 8252028-Zahidah 員工報表...
2025-06-24 09:47:24,269 - INFO - 💾 生成 8252028-Zahidah 主報表...
2025-06-24 09:47:24,270 - WARNING - ⚠️ 員工ID: 8252028 在 masterdata.xlsx --> Employee 工作表中找不到
