2025-05-20 09:59:05,013 - INFO - 📁 Reading masterdata.xlsx...
2025-05-20 09:59:05,251 - INFO - 📊️ Data Processing...
2025-05-20 09:59:05,451 - INFO - 💾 Generating 8232001-Hsieh Yu Ting Worksheet...
2025-05-20 09:59:05,569 - INFO - 💾 Generating 8232003-Muhammad Irfan bin Mohamad Worksheet...
2025-05-20 09:59:05,698 - INFO - 💾 Generating 8232005-Siti Norhafiza binti Idris Worksheet...
2025-05-20 09:59:05,716 - WARNING - Cannot find the shift information of employee 8232006, skip calculation
2025-05-20 09:59:05,718 - WARNING - Cannot find the shift information of employee 8232006, skip calculation
2025-05-20 09:59:05,720 - WARNING - Cannot find the shift information of employee 8232006, skip calculation
2025-05-20 09:59:05,720 - WARNING - Cannot find the shift information of employee 8232006, skip calculation
2025-05-20 09:59:05,721 - WARNING - Cannot find the shift information of employee 8232006, skip calculation
2025-05-20 09:59:05,721 - WARNING - Cannot find the shift information of employee 8232006, skip calculation
2025-05-20 09:59:05,722 - WARNING - Cannot find the shift information of employee 8232006, skip calculation
2025-05-20 09:59:05,724 - WARNING - Cannot find the shift information of employee 8232006, skip calculation
2025-05-20 09:59:05,725 - WARNING - Cannot find the shift information of employee 8232006, skip calculation
2025-05-20 09:59:05,725 - WARNING - Cannot find the shift information of employee 8232006, skip calculation
2025-05-20 09:59:05,726 - WARNING - Cannot find the shift information of employee 8232006, skip calculation
2025-05-20 09:59:05,726 - WARNING - Cannot find the shift information of employee 8232006, skip calculation
2025-05-20 09:59:05,726 - WARNING - Cannot find the shift information of employee 8232006, skip calculation
2025-05-20 09:59:05,728 - WARNING - Cannot find the shift information of employee 8232006, skip calculation
2025-05-20 09:59:05,746 - INFO - 💾 Generating 8232006-Zoey Pok Worksheet...
2025-05-20 09:59:05,760 - INFO - ⚠️ Employee ID: 8232006 can't be found in Master.xlsx
2025-05-20 09:59:05,849 - INFO - 💾 Generating 8232010-Kwak Fang Wei Worksheet...
2025-05-20 09:59:05,950 - INFO - 💾 Generating 8232011-Nurshuhaily Binti Zainisiam Worksheet...
2025-05-20 09:59:06,069 - INFO - 💾 Generating 8232015-Nurul Iyiani binti Sazali Worksheet...
2025-05-20 09:59:06,205 - INFO - 💾 Generating 8242001-Nurse Fatiha binti Hamzah Worksheet...
2025-05-20 09:59:06,319 - INFO - 💾 Generating 8242003-Muhammad Khirrudin bin Mohamad Lassim Worksheet...
2025-05-20 09:59:06,411 - INFO - 💾 Generating 8242005-Felicia Wong Worksheet...
2025-05-20 09:59:06,518 - INFO - 💾 Generating 8242011-Siti Saleha Binti Alias Worksheet...
2025-05-20 09:59:06,627 - INFO - 💾 Generating 8242012-Nur Najwa Atasha binti Muhamad Worksheet...
2025-05-20 09:59:06,727 - INFO - 💾 Generating 8242013-Illayarani AP Moohan Worksheet...
2025-05-20 09:59:06,836 - INFO - 💾 Generating 8242015-Norsyakiela binti Sini Worksheet...
2025-05-20 09:59:06,946 - INFO - 💾 Generating 8242016-Nurul Ellya Izzati Worksheet...
2025-05-20 09:59:07,051 - INFO - 💾 Generating 8242019-Siti Jahinah Binti Asmaul Worksheet...
2025-05-20 09:59:07,162 - INFO - 💾 Generating 8242021-Nurul Syazwani Binti Haidi Worksheet...
2025-05-20 09:59:07,284 - INFO - 💾 Generating 8242022-Meena Sabaratnam Worksheet...
2025-05-20 09:59:07,397 - INFO - 💾 Generating 8242029-Suhaini Worksheet...
2025-05-20 09:59:07,500 - INFO - 💾 Generating 8242031-Siti Nur Aisyah Worksheet...
2025-05-20 09:59:07,610 - INFO - 💾 Generating 8242037-Siti Nurdiana Worksheet...
2025-05-20 09:59:07,713 - INFO - 💾 Generating 8242040-Lia Natasha Worksheet...
2025-05-20 09:59:07,730 - WARNING - Cannot find the shift information of employee 8242041, skip calculation
2025-05-20 09:59:07,730 - WARNING - Cannot find the shift information of employee 8242041, skip calculation
2025-05-20 09:59:07,731 - WARNING - Cannot find the shift information of employee 8242041, skip calculation
2025-05-20 09:59:07,731 - WARNING - Cannot find the shift information of employee 8242041, skip calculation
2025-05-20 09:59:07,732 - WARNING - Cannot find the shift information of employee 8242041, skip calculation
2025-05-20 09:59:07,732 - WARNING - Cannot find the shift information of employee 8242041, skip calculation
2025-05-20 09:59:07,733 - WARNING - Cannot find the shift information of employee 8242041, skip calculation
2025-05-20 09:59:07,735 - WARNING - Cannot find the shift information of employee 8242041, skip calculation
2025-05-20 09:59:07,735 - WARNING - Cannot find the shift information of employee 8242041, skip calculation
2025-05-20 09:59:07,735 - WARNING - Cannot find the shift information of employee 8242041, skip calculation
2025-05-20 09:59:07,736 - WARNING - Cannot find the shift information of employee 8242041, skip calculation
2025-05-20 09:59:07,736 - WARNING - Cannot find the shift information of employee 8242041, skip calculation
2025-05-20 09:59:07,736 - WARNING - Cannot find the shift information of employee 8242041, skip calculation
2025-05-20 09:59:07,736 - WARNING - Cannot find the shift information of employee 8242041, skip calculation
2025-05-20 09:59:07,750 - INFO - 💾 Generating 8242041-Siow Kian Hwa Worksheet...
2025-05-20 09:59:07,759 - INFO - ⚠️ Employee ID: 8242041 can't be found in Master.xlsx
2025-05-20 09:59:07,857 - INFO - 💾 Generating 8242042-Mohd Imann Worksheet...
2025-05-20 09:59:07,942 - INFO - 💾 Generating 8242044-Chong Jing Yi Worksheet...
2025-05-20 09:59:08,042 - INFO - 💾 Generating 8242047-Nurul Haziqah Worksheet...
2025-05-20 09:59:08,141 - INFO - 💾 Generating 8242048-Nur'ain binti Muhamad Syarif Worksheet...
2025-05-20 09:59:08,258 - INFO - 💾 Generating 8242054-Siti Nur Syahirah Worksheet...
2025-05-20 09:59:08,274 - WARNING - Cannot find the shift information of employee 8242056, skip calculation
2025-05-20 09:59:08,274 - WARNING - Cannot find the shift information of employee 8242056, skip calculation
2025-05-20 09:59:08,275 - WARNING - Cannot find the shift information of employee 8242056, skip calculation
2025-05-20 09:59:08,275 - WARNING - Cannot find the shift information of employee 8242056, skip calculation
2025-05-20 09:59:08,275 - WARNING - Cannot find the shift information of employee 8242056, skip calculation
2025-05-20 09:59:08,276 - WARNING - Cannot find the shift information of employee 8242056, skip calculation
2025-05-20 09:59:08,276 - WARNING - Cannot find the shift information of employee 8242056, skip calculation
2025-05-20 09:59:08,276 - WARNING - Cannot find the shift information of employee 8242056, skip calculation
2025-05-20 09:59:08,276 - WARNING - Cannot find the shift information of employee 8242056, skip calculation
2025-05-20 09:59:08,278 - WARNING - Cannot find the shift information of employee 8242056, skip calculation
2025-05-20 09:59:08,278 - WARNING - Cannot find the shift information of employee 8242056, skip calculation
2025-05-20 09:59:08,280 - WARNING - Cannot find the shift information of employee 8242056, skip calculation
2025-05-20 09:59:08,280 - WARNING - Cannot find the shift information of employee 8242056, skip calculation
2025-05-20 09:59:08,281 - WARNING - Cannot find the shift information of employee 8242056, skip calculation
2025-05-20 09:59:08,281 - WARNING - Cannot find the shift information of employee 8242056, skip calculation
2025-05-20 09:59:08,281 - WARNING - Cannot find the shift information of employee 8242056, skip calculation
2025-05-20 09:59:08,282 - WARNING - Cannot find the shift information of employee 8242056, skip calculation
2025-05-20 09:59:08,282 - WARNING - Cannot find the shift information of employee 8242056, skip calculation
2025-05-20 09:59:08,282 - WARNING - Cannot find the shift information of employee 8242056, skip calculation
2025-05-20 09:59:08,282 - WARNING - Cannot find the shift information of employee 8242056, skip calculation
2025-05-20 09:59:08,283 - WARNING - Cannot find the shift information of employee 8242056, skip calculation
2025-05-20 09:59:08,283 - WARNING - Cannot find the shift information of employee 8242056, skip calculation
2025-05-20 09:59:08,302 - INFO - 💾 Generating 8242056-Nurul Shafira Worksheet...
2025-05-20 09:59:08,312 - INFO - ⚠️ Employee ID: 8242056 can't be found in Master.xlsx
2025-05-20 09:59:08,393 - INFO - 💾 Generating 8242063-Kamaliah Worksheet...
2025-05-20 09:59:08,496 - INFO - 💾 Generating 8242064-Jepren Worksheet...
2025-05-20 09:59:08,602 - INFO - 💾 Generating 8242067-Li Pei Chi Worksheet...
2025-05-20 09:59:08,703 - INFO - 💾 Generating 8242069-Lim Chu Yan Worksheet...
2025-05-20 09:59:08,808 - INFO - 💾 Generating 8242073-Punitha Worksheet...
2025-05-20 09:59:08,914 - INFO - 💾 Generating 8242083-Azura Worksheet...
2025-05-20 09:59:09,001 - INFO - 💾 Generating 8242085-Nur Aini Worksheet...
2025-05-20 09:59:09,088 - INFO - 💾 Generating 8242086-Nor Fazilah Worksheet...
2025-05-20 09:59:09,099 - WARNING - Cannot find the shift information of employee 8242089, skip calculation
2025-05-20 09:59:09,100 - WARNING - Cannot find the shift information of employee 8242089, skip calculation
2025-05-20 09:59:09,100 - WARNING - Cannot find the shift information of employee 8242089, skip calculation
2025-05-20 09:59:09,100 - WARNING - Cannot find the shift information of employee 8242089, skip calculation
2025-05-20 09:59:09,101 - WARNING - Cannot find the shift information of employee 8242089, skip calculation
2025-05-20 09:59:09,101 - WARNING - Cannot find the shift information of employee 8242089, skip calculation
2025-05-20 09:59:09,101 - WARNING - Cannot find the shift information of employee 8242089, skip calculation
2025-05-20 09:59:09,103 - WARNING - Cannot find the shift information of employee 8242089, skip calculation
2025-05-20 09:59:09,103 - WARNING - Cannot find the shift information of employee 8242089, skip calculation
2025-05-20 09:59:09,103 - WARNING - Cannot find the shift information of employee 8242089, skip calculation
2025-05-20 09:59:09,104 - WARNING - Cannot find the shift information of employee 8242089, skip calculation
2025-05-20 09:59:09,104 - WARNING - Cannot find the shift information of employee 8242089, skip calculation
2025-05-20 09:59:09,104 - WARNING - Cannot find the shift information of employee 8242089, skip calculation
2025-05-20 09:59:09,104 - WARNING - Cannot find the shift information of employee 8242089, skip calculation
2025-05-20 09:59:09,114 - INFO - 💾 Generating 8242089-Ooi Chin Kent Worksheet...
2025-05-20 09:59:09,123 - INFO - ⚠️ Employee ID: 8242089 can't be found in Master.xlsx
2025-05-20 09:59:09,215 - INFO - 💾 Generating 8242100-Aziela Worksheet...
2025-05-20 09:59:09,312 - INFO - 💾 Generating 8242102-Nur atika Worksheet...
2025-05-20 09:59:09,444 - INFO - 💾 Generating 8242104-Nur Syazana Worksheet...
2025-05-20 09:59:09,478 - INFO - 💾 Generating 8242106-Lim Song Keong Worksheet...
2025-05-20 09:59:09,592 - INFO - 💾 Generating 8242107-Mohamad Shahzwan Worksheet...
2025-05-20 09:59:09,692 - INFO - 💾 Generating 8242109-Nur Hafiza Worksheet...
2025-05-20 09:59:09,793 - INFO - 💾 Generating 8242111-Naim Muizzuddin bin Mohamad Sah Worksheet...
2025-05-20 09:59:09,888 - INFO - 💾 Generating 8242112-Yvonne Tan Worksheet...
2025-05-20 09:59:09,970 - INFO - 💾 Generating 8242113-Celine Woon Worksheet...
2025-05-20 09:59:09,983 - WARNING - Cannot find the shift information of employee 8242114, skip calculation
2025-05-20 09:59:09,984 - WARNING - Cannot find the shift information of employee 8242114, skip calculation
2025-05-20 09:59:09,984 - WARNING - Cannot find the shift information of employee 8242114, skip calculation
2025-05-20 09:59:09,985 - WARNING - Cannot find the shift information of employee 8242114, skip calculation
2025-05-20 09:59:09,985 - WARNING - Cannot find the shift information of employee 8242114, skip calculation
2025-05-20 09:59:09,986 - WARNING - Cannot find the shift information of employee 8242114, skip calculation
2025-05-20 09:59:09,986 - WARNING - Cannot find the shift information of employee 8242114, skip calculation
2025-05-20 09:59:09,986 - WARNING - Cannot find the shift information of employee 8242114, skip calculation
2025-05-20 09:59:09,986 - WARNING - Cannot find the shift information of employee 8242114, skip calculation
2025-05-20 09:59:09,988 - WARNING - Cannot find the shift information of employee 8242114, skip calculation
2025-05-20 09:59:09,988 - WARNING - Cannot find the shift information of employee 8242114, skip calculation
2025-05-20 09:59:09,989 - WARNING - Cannot find the shift information of employee 8242114, skip calculation
2025-05-20 09:59:09,989 - WARNING - Cannot find the shift information of employee 8242114, skip calculation
2025-05-20 09:59:09,990 - WARNING - Cannot find the shift information of employee 8242114, skip calculation
2025-05-20 09:59:09,990 - WARNING - Cannot find the shift information of employee 8242114, skip calculation
2025-05-20 09:59:09,990 - WARNING - Cannot find the shift information of employee 8242114, skip calculation
2025-05-20 09:59:09,991 - WARNING - Cannot find the shift information of employee 8242114, skip calculation
2025-05-20 09:59:09,991 - WARNING - Cannot find the shift information of employee 8242114, skip calculation
2025-05-20 09:59:10,007 - INFO - 💾 Generating 8242114-Nur Filzaamirah Worksheet...
2025-05-20 09:59:10,019 - INFO - ⚠️ Employee ID: 8242114 can't be found in Master.xlsx
2025-05-20 09:59:10,117 - INFO - 💾 Generating 8242115-Nicholas Mark Netto Worksheet...
2025-05-20 09:59:10,208 - INFO - 💾 Generating 8242116-Tan Teck Loon Worksheet...
2025-05-20 09:59:10,311 - INFO - 💾 Generating 8242118-Siti Nur Natasyah Worksheet...
2025-05-20 09:59:10,407 - INFO - 💾 Generating 8242119-Nurul Syazwani binti Azmi Worksheet...
2025-05-20 09:59:10,525 - INFO - 💾 Generating 8242120-Noor Hakim bin Osman Worksheet...
2025-05-20 09:59:10,644 - INFO - 💾 Generating 8242121-M amirul Worksheet...
2025-05-20 09:59:10,766 - INFO - 💾 Generating 8252001-Muhammad Sahrilzani Worksheet...
2025-05-20 09:59:10,893 - INFO - 💾 Generating 8252002-Yogeswari Worksheet...
2025-05-20 09:59:11,005 - INFO - 💾 Generating 8252003-Nurul Izzah Worksheet...
2025-05-20 09:59:11,108 - INFO - 💾 Generating 8252004-Deniswari Worksheet...
2025-05-20 09:59:11,202 - INFO - 💾 Generating 8252005-Nornabilah Worksheet...
2025-05-20 09:59:11,298 - INFO - 💾 Generating 8252009-Qurratul Aini Worksheet...
2025-05-20 09:59:11,390 - INFO - 💾 Generating 8252010-Nurul Fatihah Worksheet...
2025-05-20 09:59:11,481 - INFO - 💾 Generating 8252011-Siti Nur Nabilah Binti Mohd Rais Worksheet...
2025-05-20 09:59:11,583 - INFO - 💾 Generating 8252012-mohd rizal Worksheet...
2025-05-20 09:59:11,676 - INFO - 💾 Generating 8252013-Khidir Thong Worksheet...
2025-05-20 09:59:11,768 - INFO - 💾 Generating 8252014-Mohd Aliffazwan Worksheet...
2025-05-20 09:59:11,871 - INFO - 💾 Generating 8252015-Nur Farah Najihah Worksheet...
2025-05-20 09:59:11,978 - INFO - 💾 Generating 8252016-Yaseil Worksheet...
2025-05-20 09:59:12,083 - INFO - 💾 Generating 8252017-Wong Si Huey Worksheet...
2025-05-20 09:59:12,099 - WARNING - Cannot find the shift information of employee 8252019, skip calculation
2025-05-20 09:59:12,099 - WARNING - Cannot find the shift information of employee 8252019, skip calculation
2025-05-20 09:59:12,100 - WARNING - Cannot find the shift information of employee 8252019, skip calculation
2025-05-20 09:59:12,100 - WARNING - Cannot find the shift information of employee 8252019, skip calculation
2025-05-20 09:59:12,101 - WARNING - Cannot find the shift information of employee 8252019, skip calculation
2025-05-20 09:59:12,101 - WARNING - Cannot find the shift information of employee 8252019, skip calculation
2025-05-20 09:59:12,101 - WARNING - Cannot find the shift information of employee 8252019, skip calculation
2025-05-20 09:59:12,102 - WARNING - Cannot find the shift information of employee 8252019, skip calculation
2025-05-20 09:59:12,102 - WARNING - Cannot find the shift information of employee 8252019, skip calculation
2025-05-20 09:59:12,103 - WARNING - Cannot find the shift information of employee 8252019, skip calculation
2025-05-20 09:59:12,103 - WARNING - Cannot find the shift information of employee 8252019, skip calculation
2025-05-20 09:59:12,105 - WARNING - Cannot find the shift information of employee 8252019, skip calculation
2025-05-20 09:59:12,106 - WARNING - Cannot find the shift information of employee 8252019, skip calculation
2025-05-20 09:59:12,106 - WARNING - Cannot find the shift information of employee 8252019, skip calculation
2025-05-20 09:59:12,106 - WARNING - Cannot find the shift information of employee 8252019, skip calculation
2025-05-20 09:59:12,107 - WARNING - Cannot find the shift information of employee 8252019, skip calculation
2025-05-20 09:59:12,107 - WARNING - Cannot find the shift information of employee 8252019, skip calculation
2025-05-20 09:59:12,108 - WARNING - Cannot find the shift information of employee 8252019, skip calculation
2025-05-20 09:59:12,108 - WARNING - Cannot find the shift information of employee 8252019, skip calculation
2025-05-20 09:59:12,108 - WARNING - Cannot find the shift information of employee 8252019, skip calculation
2025-05-20 09:59:12,109 - WARNING - Cannot find the shift information of employee 8252019, skip calculation
2025-05-20 09:59:12,109 - WARNING - Cannot find the shift information of employee 8252019, skip calculation
2025-05-20 09:59:12,133 - INFO - 💾 Generating 8252019-Alia Worksheet...
2025-05-20 09:59:12,152 - INFO - ⚠️ Employee ID: 8252019 can't be found in Master.xlsx
2025-05-20 09:59:12,154 - WARNING - Cannot find the shift information of employee 8252020, skip calculation
2025-05-20 09:59:12,154 - WARNING - Cannot find the shift information of employee 8252020, skip calculation
2025-05-20 09:59:12,155 - WARNING - Cannot find the shift information of employee 8252020, skip calculation
2025-05-20 09:59:12,156 - WARNING - Cannot find the shift information of employee 8252020, skip calculation
2025-05-20 09:59:12,156 - WARNING - Cannot find the shift information of employee 8252020, skip calculation
2025-05-20 09:59:12,156 - WARNING - Cannot find the shift information of employee 8252020, skip calculation
2025-05-20 09:59:12,156 - WARNING - Cannot find the shift information of employee 8252020, skip calculation
2025-05-20 09:59:12,157 - WARNING - Cannot find the shift information of employee 8252020, skip calculation
2025-05-20 09:59:12,157 - WARNING - Cannot find the shift information of employee 8252020, skip calculation
2025-05-20 09:59:12,157 - WARNING - Cannot find the shift information of employee 8252020, skip calculation
2025-05-20 09:59:12,158 - WARNING - Cannot find the shift information of employee 8252020, skip calculation
2025-05-20 09:59:12,160 - WARNING - Cannot find the shift information of employee 8252020, skip calculation
2025-05-20 09:59:12,160 - WARNING - Cannot find the shift information of employee 8252020, skip calculation
2025-05-20 09:59:12,161 - WARNING - Cannot find the shift information of employee 8252020, skip calculation
2025-05-20 09:59:12,161 - WARNING - Cannot find the shift information of employee 8252020, skip calculation
2025-05-20 09:59:12,162 - WARNING - Cannot find the shift information of employee 8252020, skip calculation
2025-05-20 09:59:12,162 - WARNING - Cannot find the shift information of employee 8252020, skip calculation
2025-05-20 09:59:12,163 - WARNING - Cannot find the shift information of employee 8252020, skip calculation
2025-05-20 09:59:12,163 - WARNING - Cannot find the shift information of employee 8252020, skip calculation
2025-05-20 09:59:12,163 - WARNING - Cannot find the shift information of employee 8252020, skip calculation
2025-05-20 09:59:12,164 - WARNING - Cannot find the shift information of employee 8252020, skip calculation
2025-05-20 09:59:12,164 - WARNING - Cannot find the shift information of employee 8252020, skip calculation
2025-05-20 09:59:12,208 - INFO - 💾 Generating 8252020-Sarrohjini Ap Sathiamoorty Worksheet...
2025-05-20 09:59:12,224 - INFO - ⚠️ Employee ID: 8252020 can't be found in Master.xlsx
2025-05-20 09:59:12,359 - INFO - 💾 Generating 8252021-Hemalatha AP Shankar Worksheet...
2025-05-20 09:59:12,466 - INFO - 💾 Generating 8252022-Reethaa AP Prakashkumar Worksheet...
2025-05-20 09:59:12,611 - INFO - 💾 Generating 8252023-Nor Aslinda Worksheet...
2025-05-20 09:59:12,684 - INFO - 💾 Generating 8252024-Nurshahirah Binti Mohamed Salleh Worksheet...
2025-05-20 09:59:12,734 - INFO - 💾 Generating 8252025-Nur Izni Najwa Worksheet...
2025-05-20 09:59:12,788 - INFO - 💾 Generating 8252026-Noor Lia Worksheet...
2025-05-20 09:59:12,816 - INFO - 💾 Generating 8252027-Umu Salamah Worksheet...
2025-05-20 09:59:12,828 - INFO - 💾 Saving in progress...Please be patient
