2025-05-21 08:14:49,533 - INFO - 📁 Reading masterdata.xlsx...
2025-05-21 08:14:49,876 - INFO - 📊️ Data Processing...
2025-05-21 08:14:50,097 - INFO - 💾 Generating 8232001-Hsieh Yu Ting Employee Report...
2025-05-21 08:14:50,109 - INFO - 💾 Generating 8232001-Hsieh Yu Ting Master Report...
2025-05-21 08:14:50,198 - INFO - 💾 Generating 8232003-Muhammad Irfan bin Mohamad Employee Report...
2025-05-21 08:14:50,211 - INFO - 💾 Generating 8232003-Muhammad Irfan bin Mohamad Master Report...
2025-05-21 08:14:50,304 - INFO - 💾 Generating 8232005-Siti Norhafiza binti Idris Employee Report...
2025-05-21 08:14:50,317 - INFO - 💾 Generating 8232005-Siti Norhafiza binti Idris Master Report...
2025-05-21 08:14:50,341 - WARNING - ️⚠️ Cannot determine shift code for Employee ID: 8232006
2025-05-21 08:14:50,344 - INFO - 💾 Generating 8232006-Zoey Pok Employee Report...
2025-05-21 08:14:50,354 - INFO - 💾 Generating 8232006-Zoey Pok Master Report...
2025-05-21 08:14:50,355 - WARNING - ⚠️ Employee ID: 8232006 can't be found in masterdata.xlsx --> Employee
2025-05-21 08:14:50,436 - INFO - 💾 Generating 8232010-Kwak Fang Wei Employee Report...
2025-05-21 08:14:50,446 - INFO - 💾 Generating 8232010-Kwak Fang Wei Master Report...
2025-05-21 08:14:50,543 - INFO - 💾 Generating 8232011-Nurshuhaily Binti Zainisiam Employee Report...
2025-05-21 08:14:50,556 - INFO - 💾 Generating 8232011-Nurshuhaily Binti Zainisiam Master Report...
2025-05-21 08:14:50,651 - INFO - 💾 Generating 8232015-Nurul Iyiani binti Sazali Employee Report...
2025-05-21 08:14:50,670 - INFO - 💾 Generating 8232015-Nurul Iyiani binti Sazali Master Report...
2025-05-21 08:14:50,758 - INFO - 💾 Generating 8242001-Nurse Fatiha binti Hamzah Employee Report...
2025-05-21 08:14:50,770 - INFO - 💾 Generating 8242001-Nurse Fatiha binti Hamzah Master Report...
2025-05-21 08:14:50,862 - INFO - 💾 Generating 8242003-Muhammad Khirrudin bin Mohamad Lassim Employee Report...
2025-05-21 08:14:50,873 - INFO - 💾 Generating 8242003-Muhammad Khirrudin bin Mohamad Lassim Master Report...
2025-05-21 08:14:50,946 - INFO - 💾 Generating 8242005-Felicia Wong Employee Report...
2025-05-21 08:14:50,961 - INFO - 💾 Generating 8242005-Felicia Wong Master Report...
2025-05-21 08:14:51,051 - INFO - 💾 Generating 8242011-Siti Saleha Binti Alias Employee Report...
2025-05-21 08:14:51,060 - INFO - 💾 Generating 8242011-Siti Saleha Binti Alias Master Report...
2025-05-21 08:14:51,146 - INFO - 💾 Generating 8242012-Nur Najwa Atasha binti Muhamad Employee Report...
2025-05-21 08:14:51,158 - INFO - 💾 Generating 8242012-Nur Najwa Atasha binti Muhamad Master Report...
2025-05-21 08:14:51,252 - INFO - 💾 Generating 8242013-Illayarani AP Moohan Employee Report...
2025-05-21 08:14:51,264 - INFO - 💾 Generating 8242013-Illayarani AP Moohan Master Report...
2025-05-21 08:14:51,340 - INFO - 💾 Generating 8242015-Norsyakiela binti Sini Employee Report...
2025-05-21 08:14:51,351 - INFO - 💾 Generating 8242015-Norsyakiela binti Sini Master Report...
2025-05-21 08:14:51,431 - INFO - 💾 Generating 8242016-Nurul Ellya Izzati Employee Report...
2025-05-21 08:14:51,441 - INFO - 💾 Generating 8242016-Nurul Ellya Izzati Master Report...
2025-05-21 08:14:51,534 - INFO - 💾 Generating 8242019-Siti Jahinah Binti Asmaul Employee Report...
2025-05-21 08:14:51,547 - INFO - 💾 Generating 8242019-Siti Jahinah Binti Asmaul Master Report...
2025-05-21 08:14:51,646 - INFO - 💾 Generating 8242021-Nurul Syazwani Binti Haidi Employee Report...
2025-05-21 08:14:51,656 - INFO - 💾 Generating 8242021-Nurul Syazwani Binti Haidi Master Report...
2025-05-21 08:14:51,737 - INFO - 💾 Generating 8242022-Meena Sabaratnam Employee Report...
2025-05-21 08:14:51,748 - INFO - 💾 Generating 8242022-Meena Sabaratnam Master Report...
2025-05-21 08:14:51,849 - INFO - 💾 Generating 8242029-Suhaini Employee Report...
2025-05-21 08:14:51,865 - INFO - 💾 Generating 8242029-Suhaini Master Report...
2025-05-21 08:14:51,954 - INFO - 💾 Generating 8242031-Siti Nur Aisyah Employee Report...
2025-05-21 08:14:51,967 - INFO - 💾 Generating 8242031-Siti Nur Aisyah Master Report...
2025-05-21 08:14:52,070 - INFO - 💾 Generating 8242037-Siti Nurdiana Employee Report...
2025-05-21 08:14:52,083 - INFO - 💾 Generating 8242037-Siti Nurdiana Master Report...
2025-05-21 08:14:52,172 - INFO - 💾 Generating 8242040-Lia Natasha Employee Report...
2025-05-21 08:14:52,184 - INFO - 💾 Generating 8242040-Lia Natasha Master Report...
2025-05-21 08:14:52,208 - WARNING - ️⚠️ Cannot determine shift code for Employee ID: 8242041
2025-05-21 08:14:52,211 - INFO - 💾 Generating 8242041-Siow Kian Hwa Employee Report...
2025-05-21 08:14:52,223 - INFO - 💾 Generating 8242041-Siow Kian Hwa Master Report...
2025-05-21 08:14:52,224 - WARNING - ⚠️ Employee ID: 8242041 can't be found in masterdata.xlsx --> Employee
2025-05-21 08:14:52,319 - INFO - 💾 Generating 8242042-Mohd Imann Employee Report...
2025-05-21 08:14:52,330 - INFO - 💾 Generating 8242042-Mohd Imann Master Report...
2025-05-21 08:14:52,404 - INFO - 💾 Generating 8242044-Chong Jing Yi Employee Report...
2025-05-21 08:14:52,415 - INFO - 💾 Generating 8242044-Chong Jing Yi Master Report...
2025-05-21 08:14:52,554 - INFO - 💾 Generating 8242047-Nurul Haziqah Employee Report...
2025-05-21 08:14:52,568 - INFO - 💾 Generating 8242047-Nurul Haziqah Master Report...
2025-05-21 08:14:52,670 - INFO - 💾 Generating 8242048-Nur'ain binti Muhamad Syarif Employee Report...
2025-05-21 08:14:52,687 - INFO - 💾 Generating 8242048-Nur'ain binti Muhamad Syarif Master Report...
2025-05-21 08:14:52,788 - INFO - 💾 Generating 8242054-Siti Nur Syahirah Employee Report...
2025-05-21 08:14:52,800 - INFO - 💾 Generating 8242054-Siti Nur Syahirah Master Report...
2025-05-21 08:14:52,823 - WARNING - ️⚠️ Cannot determine shift code for Employee ID: 8242056
2025-05-21 08:14:52,826 - INFO - 💾 Generating 8242056-Nurul Shafira Employee Report...
2025-05-21 08:14:52,834 - INFO - 💾 Generating 8242056-Nurul Shafira Master Report...
2025-05-21 08:14:52,835 - WARNING - ⚠️ Employee ID: 8242056 can't be found in masterdata.xlsx --> Employee
2025-05-21 08:14:52,913 - INFO - 💾 Generating 8242063-Kamaliah Employee Report...
2025-05-21 08:14:52,961 - INFO - 💾 Generating 8242063-Kamaliah Master Report...
2025-05-21 08:14:53,053 - INFO - 💾 Generating 8242064-Jepren Employee Report...
2025-05-21 08:14:53,065 - INFO - 💾 Generating 8242064-Jepren Master Report...
2025-05-21 08:14:53,144 - INFO - 💾 Generating 8242067-Li Pei Chi Employee Report...
2025-05-21 08:14:53,156 - INFO - 💾 Generating 8242067-Li Pei Chi Master Report...
2025-05-21 08:14:53,249 - INFO - 💾 Generating 8242069-Lim Chu Yan Employee Report...
2025-05-21 08:14:53,265 - INFO - 💾 Generating 8242069-Lim Chu Yan Master Report...
2025-05-21 08:14:53,354 - INFO - 💾 Generating 8242073-Punitha Employee Report...
2025-05-21 08:14:53,364 - INFO - 💾 Generating 8242073-Punitha Master Report...
2025-05-21 08:14:53,447 - INFO - 💾 Generating 8242083-Azura Employee Report...
2025-05-21 08:14:53,460 - INFO - 💾 Generating 8242083-Azura Master Report...
2025-05-21 08:14:53,548 - INFO - 💾 Generating 8242085-Nur Aini Employee Report...
2025-05-21 08:14:53,560 - INFO - 💾 Generating 8242085-Nur Aini Master Report...
2025-05-21 08:14:53,643 - INFO - 💾 Generating 8242086-Nor Fazilah Employee Report...
2025-05-21 08:14:53,655 - INFO - 💾 Generating 8242086-Nor Fazilah Master Report...
2025-05-21 08:14:53,678 - WARNING - ️⚠️ Cannot determine shift code for Employee ID: 8242089
2025-05-21 08:14:53,681 - INFO - 💾 Generating 8242089-Ooi Chin Kent Employee Report...
2025-05-21 08:14:53,691 - INFO - 💾 Generating 8242089-Ooi Chin Kent Master Report...
2025-05-21 08:14:53,692 - WARNING - ⚠️ Employee ID: 8242089 can't be found in masterdata.xlsx --> Employee
2025-05-21 08:14:53,788 - INFO - 💾 Generating 8242100-Aziela Employee Report...
2025-05-21 08:14:53,803 - INFO - 💾 Generating 8242100-Aziela Master Report...
2025-05-21 08:14:54,048 - INFO - 💾 Generating 8242102-Nur atika Employee Report...
2025-05-21 08:14:54,064 - INFO - 💾 Generating 8242102-Nur atika Master Report...
2025-05-21 08:14:54,165 - INFO - 💾 Generating 8242104-Nur Syazana Employee Report...
2025-05-21 08:14:54,179 - INFO - 💾 Generating 8242104-Nur Syazana Master Report...
2025-05-21 08:14:54,217 - INFO - 💾 Generating 8242106-Lim Song Keong Employee Report...
2025-05-21 08:14:54,229 - INFO - 💾 Generating 8242106-Lim Song Keong Master Report...
2025-05-21 08:14:54,312 - INFO - 💾 Generating 8242107-Mohamad Shahzwan Employee Report...
2025-05-21 08:14:54,324 - INFO - 💾 Generating 8242107-Mohamad Shahzwan Master Report...
2025-05-21 08:14:54,424 - INFO - 💾 Generating 8242109-Nur Hafiza Employee Report...
2025-05-21 08:14:54,436 - INFO - 💾 Generating 8242109-Nur Hafiza Master Report...
2025-05-21 08:14:54,525 - INFO - 💾 Generating 8242111-Naim Muizzuddin bin Mohamad Sah Employee Report...
2025-05-21 08:14:54,539 - INFO - 💾 Generating 8242111-Naim Muizzuddin bin Mohamad Sah Master Report...
2025-05-21 08:14:54,615 - INFO - 💾 Generating 8242112-Yvonne Tan Employee Report...
2025-05-21 08:14:54,626 - INFO - 💾 Generating 8242112-Yvonne Tan Master Report...
2025-05-21 08:14:54,658 - INFO - 💾 Generating 8242113-Celine Woon Employee Report...
2025-05-21 08:14:54,668 - INFO - 💾 Generating 8242113-Celine Woon Master Report...
2025-05-21 08:14:54,694 - WARNING - ️⚠️ Cannot determine shift code for Employee ID: 8242114
2025-05-21 08:14:54,696 - INFO - 💾 Generating 8242114-Nur Filzaamirah Employee Report...
2025-05-21 08:14:54,708 - INFO - 💾 Generating 8242114-Nur Filzaamirah Master Report...
2025-05-21 08:14:54,709 - WARNING - ⚠️ Employee ID: 8242114 can't be found in masterdata.xlsx --> Employee
2025-05-21 08:14:54,817 - INFO - 💾 Generating 8242115-Nicholas Mark Netto Employee Report...
2025-05-21 08:14:54,828 - INFO - 💾 Generating 8242115-Nicholas Mark Netto Master Report...
2025-05-21 08:14:54,918 - INFO - 💾 Generating 8242116-Tan Teck Loon Employee Report...
2025-05-21 08:14:54,930 - INFO - 💾 Generating 8242116-Tan Teck Loon Master Report...
2025-05-21 08:14:55,012 - INFO - 💾 Generating 8242118-Siti Nur Natasyah Employee Report...
2025-05-21 08:14:55,027 - INFO - 💾 Generating 8242118-Siti Nur Natasyah Master Report...
2025-05-21 08:14:55,123 - INFO - 💾 Generating 8242119-Nurul Syazwani binti Azmi Employee Report...
2025-05-21 08:14:55,136 - INFO - 💾 Generating 8242119-Nurul Syazwani binti Azmi Master Report...
2025-05-21 08:14:55,235 - INFO - 💾 Generating 8242120-Noor Hakim bin Osman Employee Report...
2025-05-21 08:14:55,249 - INFO - 💾 Generating 8242120-Noor Hakim bin Osman Master Report...
2025-05-21 08:14:55,345 - INFO - 💾 Generating 8242121-M amirul Employee Report...
2025-05-21 08:14:55,361 - INFO - 💾 Generating 8242121-M amirul Master Report...
2025-05-21 08:14:55,415 - WARNING - ️⚠️ Cannot determine shift code for Employee ID: 8245007
2025-05-21 08:14:55,436 - INFO - 💾 Generating 8245007-Nora Employee Report...
2025-05-21 08:14:55,449 - INFO - 💾 Generating 8245007-Nora Master Report...
2025-05-21 08:14:55,450 - WARNING - ⚠️ Employee ID: 8245007 can't be found in masterdata.xlsx --> Employee
2025-05-21 08:14:55,479 - WARNING - ️⚠️ Cannot determine shift code for Employee ID: 8245010
2025-05-21 08:14:55,482 - INFO - 💾 Generating 8245010-Conelia Employee Report...
2025-05-21 08:14:55,494 - INFO - 💾 Generating 8245010-Conelia Master Report...
2025-05-21 08:14:55,496 - WARNING - ⚠️ Employee ID: 8245010 can't be found in masterdata.xlsx --> Employee
2025-05-21 08:14:55,558 - WARNING - ️⚠️ Cannot determine shift code for Employee ID: 8245030
2025-05-21 08:14:55,577 - INFO - 💾 Generating 8245030-Nik Norasyikin Employee Report...
2025-05-21 08:14:55,590 - INFO - 💾 Generating 8245030-Nik Norasyikin Master Report...
2025-05-21 08:14:55,591 - WARNING - ⚠️ Employee ID: 8245030 can't be found in masterdata.xlsx --> Employee
2025-05-21 08:14:55,621 - WARNING - ️⚠️ Cannot determine shift code for Employee ID: 8245045
2025-05-21 08:14:55,624 - INFO - 💾 Generating 8245045-Bhavani Employee Report...
2025-05-21 08:14:55,634 - INFO - 💾 Generating 8245045-Bhavani Master Report...
2025-05-21 08:14:55,635 - WARNING - ⚠️ Employee ID: 8245045 can't be found in masterdata.xlsx --> Employee
2025-05-21 08:14:55,689 - WARNING - ️⚠️ Cannot determine shift code for Employee ID: 8245048
2025-05-21 08:14:55,705 - INFO - 💾 Generating 8245048-Suriana Employee Report...
2025-05-21 08:14:55,716 - INFO - 💾 Generating 8245048-Suriana Master Report...
2025-05-21 08:14:55,717 - WARNING - ⚠️ Employee ID: 8245048 can't be found in masterdata.xlsx --> Employee
2025-05-21 08:14:55,758 - WARNING - ️⚠️ Cannot determine shift code for Employee ID: 8245049
2025-05-21 08:14:55,768 - INFO - 💾 Generating 8245049-Anu Soorya Employee Report...
2025-05-21 08:14:55,780 - INFO - 💾 Generating 8245049-Anu Soorya Master Report...
2025-05-21 08:14:55,781 - WARNING - ⚠️ Employee ID: 8245049 can't be found in masterdata.xlsx --> Employee
2025-05-21 08:14:55,805 - WARNING - ️⚠️ Cannot determine shift code for Employee ID: 8245053
2025-05-21 08:14:55,807 - INFO - 💾 Generating 8245053-Shafika Employee Report...
2025-05-21 08:14:55,819 - INFO - 💾 Generating 8245053-Shafika Master Report...
2025-05-21 08:14:55,820 - WARNING - ⚠️ Employee ID: 8245053 can't be found in masterdata.xlsx --> Employee
2025-05-21 08:14:55,849 - WARNING - ️⚠️ Cannot determine shift code for Employee ID: 8245058
2025-05-21 08:14:55,853 - INFO - 💾 Generating 8245058-Darshibi Employee Report...
2025-05-21 08:14:55,865 - INFO - 💾 Generating 8245058-Darshibi Master Report...
2025-05-21 08:14:55,866 - WARNING - ⚠️ Employee ID: 8245058 can't be found in masterdata.xlsx --> Employee
2025-05-21 08:14:55,925 - WARNING - ️⚠️ Cannot determine shift code for Employee ID: 8245059
2025-05-21 08:14:55,945 - INFO - 💾 Generating 8245059-Syarifah Employee Report...
2025-05-21 08:14:56,002 - INFO - 💾 Generating 8245059-Syarifah Master Report...
2025-05-21 08:14:56,003 - WARNING - ⚠️ Employee ID: 8245059 can't be found in masterdata.xlsx --> Employee
2025-05-21 08:14:56,025 - WARNING - ️⚠️ Cannot determine shift code for Employee ID: 8245063
2025-05-21 08:14:56,028 - INFO - 💾 Generating 8245063-Maizatul Employee Report...
2025-05-21 08:14:56,037 - INFO - 💾 Generating 8245063-Maizatul Master Report...
2025-05-21 08:14:56,038 - WARNING - ⚠️ Employee ID: 8245063 can't be found in masterdata.xlsx --> Employee
2025-05-21 08:14:56,091 - WARNING - ️⚠️ Cannot determine shift code for Employee ID: 8245066
2025-05-21 08:14:56,108 - INFO - 💾 Generating 8245066-Siti Asmah Employee Report...
2025-05-21 08:14:56,119 - INFO - 💾 Generating 8245066-Siti Asmah Master Report...
2025-05-21 08:14:56,119 - WARNING - ⚠️ Employee ID: 8245066 can't be found in masterdata.xlsx --> Employee
2025-05-21 08:14:56,141 - WARNING - ️⚠️ Cannot determine shift code for Employee ID: 8245068
2025-05-21 08:14:56,144 - INFO - 💾 Generating 8245068-Agrita Employee Report...
2025-05-21 08:14:56,153 - INFO - 💾 Generating 8245068-Agrita Master Report...
2025-05-21 08:14:56,154 - WARNING - ⚠️ Employee ID: 8245068 can't be found in masterdata.xlsx --> Employee
2025-05-21 08:14:56,201 - WARNING - ️⚠️ Cannot determine shift code for Employee ID: 8248001
2025-05-21 08:14:56,221 - INFO - 💾 Generating 8248001-Saw Aye Employee Report...
2025-05-21 08:14:56,231 - INFO - 💾 Generating 8248001-Saw Aye Master Report...
2025-05-21 08:14:56,233 - WARNING - ⚠️ Employee ID: 8248001 can't be found in masterdata.xlsx --> Employee
2025-05-21 08:14:56,284 - WARNING - ️⚠️ Cannot determine shift code for Employee ID: 8248002
2025-05-21 08:14:56,305 - INFO - 💾 Generating 8248002-Than Saw Employee Report...
2025-05-21 08:14:56,318 - INFO - 💾 Generating 8248002-Than Saw Master Report...
2025-05-21 08:14:56,319 - WARNING - ⚠️ Employee ID: 8248002 can't be found in masterdata.xlsx --> Employee
2025-05-21 08:14:56,381 - WARNING - ️⚠️ Cannot determine shift code for Employee ID: 8248006
2025-05-21 08:14:56,403 - INFO - 💾 Generating 8248006-Nan Win Thazin Yo Employee Report...
2025-05-21 08:14:56,415 - INFO - 💾 Generating 8248006-Nan Win Thazin Yo Master Report...
2025-05-21 08:14:56,416 - WARNING - ⚠️ Employee ID: 8248006 can't be found in masterdata.xlsx --> Employee
2025-05-21 08:14:56,461 - WARNING - ️⚠️ Cannot determine shift code for Employee ID: 8248007
2025-05-21 08:14:56,480 - INFO - 💾 Generating 8248007-Khin Mar Cho Employee Report...
2025-05-21 08:14:56,492 - INFO - 💾 Generating 8248007-Khin Mar Cho Master Report...
2025-05-21 08:14:56,492 - WARNING - ⚠️ Employee ID: 8248007 can't be found in masterdata.xlsx --> Employee
2025-05-21 08:14:56,545 - WARNING - ️⚠️ Cannot determine shift code for Employee ID: 8248013
2025-05-21 08:14:56,566 - INFO - 💾 Generating 8248013-Zin Mar Soe Employee Report...
2025-05-21 08:14:56,581 - INFO - 💾 Generating 8248013-Zin Mar Soe Master Report...
2025-05-21 08:14:56,582 - WARNING - ⚠️ Employee ID: 8248013 can't be found in masterdata.xlsx --> Employee
2025-05-21 08:14:56,638 - WARNING - ️⚠️ Cannot determine shift code for Employee ID: 8248014
2025-05-21 08:14:56,657 - INFO - 💾 Generating 8248014-Mie Thidar Employee Report...
2025-05-21 08:14:56,669 - INFO - 💾 Generating 8248014-Mie Thidar Master Report...
2025-05-21 08:14:56,670 - WARNING - ⚠️ Employee ID: 8248014 can't be found in masterdata.xlsx --> Employee
2025-05-21 08:14:56,732 - WARNING - ️⚠️ Cannot determine shift code for Employee ID: 8248015
2025-05-21 08:14:56,754 - INFO - 💾 Generating 8248015-Myint Kyi Employee Report...
2025-05-21 08:14:56,767 - INFO - 💾 Generating 8248015-Myint Kyi Master Report...
2025-05-21 08:14:56,768 - WARNING - ⚠️ Employee ID: 8248015 can't be found in masterdata.xlsx --> Employee
2025-05-21 08:14:56,827 - WARNING - ️⚠️ Cannot determine shift code for Employee ID: 8248016
2025-05-21 08:14:56,852 - INFO - 💾 Generating 8248016-Soe Soe Tun Employee Report...
2025-05-21 08:14:56,867 - INFO - 💾 Generating 8248016-Soe Soe Tun Master Report...
2025-05-21 08:14:56,868 - WARNING - ⚠️ Employee ID: 8248016 can't be found in masterdata.xlsx --> Employee
2025-05-21 08:14:56,929 - WARNING - ️⚠️ Cannot determine shift code for Employee ID: 8248017
2025-05-21 08:14:56,952 - INFO - 💾 Generating 8248017-Poe Poe Phyu Employee Report...
2025-05-21 08:14:56,967 - INFO - 💾 Generating 8248017-Poe Poe Phyu Master Report...
2025-05-21 08:14:56,968 - WARNING - ⚠️ Employee ID: 8248017 can't be found in masterdata.xlsx --> Employee
2025-05-21 08:14:57,032 - WARNING - ️⚠️ Cannot determine shift code for Employee ID: 8248019
2025-05-21 08:14:57,058 - INFO - 💾 Generating 8248019-Thandar Oo Employee Report...
2025-05-21 08:14:57,073 - INFO - 💾 Generating 8248019-Thandar Oo Master Report...
2025-05-21 08:14:57,074 - WARNING - ⚠️ Employee ID: 8248019 can't be found in masterdata.xlsx --> Employee
2025-05-21 08:14:57,142 - WARNING - ️⚠️ Cannot determine shift code for Employee ID: 8248020
2025-05-21 08:14:57,163 - INFO - 💾 Generating 8248020-Thandar Myo Win Employee Report...
2025-05-21 08:14:57,176 - INFO - 💾 Generating 8248020-Thandar Myo Win Master Report...
2025-05-21 08:14:57,177 - WARNING - ⚠️ Employee ID: 8248020 can't be found in masterdata.xlsx --> Employee
2025-05-21 08:14:57,199 - WARNING - ️⚠️ Cannot determine shift code for Employee ID: 8248021
2025-05-21 08:14:57,202 - INFO - 💾 Generating 8248021-Win Nandar Tun Employee Report...
2025-05-21 08:14:57,213 - INFO - 💾 Generating 8248021-Win Nandar Tun Master Report...
2025-05-21 08:14:57,213 - WARNING - ⚠️ Employee ID: 8248021 can't be found in masterdata.xlsx --> Employee
2025-05-21 08:14:57,237 - WARNING - ️⚠️ Cannot determine shift code for Employee ID: 8248023
2025-05-21 08:14:57,241 - INFO - 💾 Generating 8248023-Ma Khaing Employee Report...
2025-05-21 08:14:57,253 - INFO - 💾 Generating 8248023-Ma Khaing Master Report...
2025-05-21 08:14:57,255 - WARNING - ⚠️ Employee ID: 8248023 can't be found in masterdata.xlsx --> Employee
2025-05-21 08:14:57,313 - WARNING - ️⚠️ Cannot determine shift code for Employee ID: 8248024
2025-05-21 08:14:57,337 - INFO - 💾 Generating 8248024-Saw Eu Employee Report...
2025-05-21 08:14:57,352 - INFO - 💾 Generating 8248024-Saw Eu Master Report...
2025-05-21 08:14:57,353 - WARNING - ⚠️ Employee ID: 8248024 can't be found in masterdata.xlsx --> Employee
2025-05-21 08:14:57,410 - WARNING - ️⚠️ Cannot determine shift code for Employee ID: 8248025
2025-05-21 08:14:57,430 - INFO - 💾 Generating 8248025-Ei Mon Htwe Employee Report...
2025-05-21 08:14:57,444 - INFO - 💾 Generating 8248025-Ei Mon Htwe Master Report...
2025-05-21 08:14:57,446 - WARNING - ⚠️ Employee ID: 8248025 can't be found in masterdata.xlsx --> Employee
2025-05-21 08:14:57,471 - WARNING - ️⚠️ Cannot determine shift code for Employee ID: 8248026
2025-05-21 08:14:57,474 - INFO - 💾 Generating 8248026-Thu Zar Employee Report...
2025-05-21 08:14:57,484 - INFO - 💾 Generating 8248026-Thu Zar Master Report...
2025-05-21 08:14:57,485 - WARNING - ⚠️ Employee ID: 8248026 can't be found in masterdata.xlsx --> Employee
2025-05-21 08:14:57,529 - WARNING - ️⚠️ Cannot determine shift code for Employee ID: 8248027
2025-05-21 08:14:57,544 - INFO - 💾 Generating 8248027-Dar Li Tun Employee Report...
2025-05-21 08:14:57,558 - INFO - 💾 Generating 8248027-Dar Li Tun Master Report...
2025-05-21 08:14:57,558 - WARNING - ⚠️ Employee ID: 8248027 can't be found in masterdata.xlsx --> Employee
2025-05-21 08:14:57,621 - WARNING - ️⚠️ Cannot determine shift code for Employee ID: 8248028
2025-05-21 08:14:57,641 - INFO - 💾 Generating 8248028-Thae Nu Khaing Employee Report...
2025-05-21 08:14:57,652 - INFO - 💾 Generating 8248028-Thae Nu Khaing Master Report...
2025-05-21 08:14:57,653 - WARNING - ⚠️ Employee ID: 8248028 can't be found in masterdata.xlsx --> Employee
2025-05-21 08:14:57,707 - WARNING - ️⚠️ Cannot determine shift code for Employee ID: 8248029
2025-05-21 08:14:57,729 - INFO - 💾 Generating 8248029-Phyu Phyu Nyeinaye Employee Report...
2025-05-21 08:14:57,742 - INFO - 💾 Generating 8248029-Phyu Phyu Nyeinaye Master Report...
2025-05-21 08:14:57,743 - WARNING - ⚠️ Employee ID: 8248029 can't be found in masterdata.xlsx --> Employee
2025-05-21 08:14:57,793 - WARNING - ️⚠️ Cannot determine shift code for Employee ID: 8248030
2025-05-21 08:14:57,811 - INFO - 💾 Generating 8248030-Chaw Sein Employee Report...
2025-05-21 08:14:57,824 - INFO - 💾 Generating 8248030-Chaw Sein Master Report...
2025-05-21 08:14:57,825 - WARNING - ⚠️ Employee ID: 8248030 can't be found in masterdata.xlsx --> Employee
2025-05-21 08:14:57,850 - WARNING - ️⚠️ Cannot determine shift code for Employee ID: 8248031
2025-05-21 08:14:57,852 - INFO - 💾 Generating 8248031-May Thingyan Employee Report...
2025-05-21 08:14:57,861 - INFO - 💾 Generating 8248031-May Thingyan Master Report...
2025-05-21 08:14:57,862 - WARNING - ⚠️ Employee ID: 8248031 can't be found in masterdata.xlsx --> Employee
2025-05-21 08:14:57,911 - WARNING - ️⚠️ Cannot determine shift code for Employee ID: 8248032
2025-05-21 08:14:57,931 - INFO - 💾 Generating 8248032-Ei Ei Aung Employee Report...
2025-05-21 08:14:57,943 - INFO - 💾 Generating 8248032-Ei Ei Aung Master Report...
2025-05-21 08:14:57,943 - WARNING - ⚠️ Employee ID: 8248032 can't be found in masterdata.xlsx --> Employee
2025-05-21 08:14:57,998 - WARNING - ️⚠️ Cannot determine shift code for Employee ID: 8248033
2025-05-21 08:14:58,012 - INFO - 💾 Generating 8248033-Thin Thin Htay Employee Report...
2025-05-21 08:14:58,023 - INFO - 💾 Generating 8248033-Thin Thin Htay Master Report...
2025-05-21 08:14:58,023 - WARNING - ⚠️ Employee ID: 8248033 can't be found in masterdata.xlsx --> Employee
2025-05-21 08:14:58,071 - WARNING - ️⚠️ Cannot determine shift code for Employee ID: 8248034
2025-05-21 08:14:58,090 - INFO - 💾 Generating 8248034-Khin Khin Kyi Employee Report...
2025-05-21 08:14:58,100 - INFO - 💾 Generating 8248034-Khin Khin Kyi Master Report...
2025-05-21 08:14:58,101 - WARNING - ⚠️ Employee ID: 8248034 can't be found in masterdata.xlsx --> Employee
2025-05-21 08:14:58,204 - INFO - 💾 Generating 8252001-Muhammad Sahrilzani Employee Report...
2025-05-21 08:14:58,217 - INFO - 💾 Generating 8252001-Muhammad Sahrilzani Master Report...
2025-05-21 08:14:58,314 - INFO - 💾 Generating 8252002-Yogeswari Employee Report...
2025-05-21 08:14:58,325 - INFO - 💾 Generating 8252002-Yogeswari Master Report...
2025-05-21 08:14:58,396 - INFO - 💾 Generating 8252003-Nurul Izzah Employee Report...
2025-05-21 08:14:58,407 - INFO - 💾 Generating 8252003-Nurul Izzah Master Report...
2025-05-21 08:14:58,478 - INFO - 💾 Generating 8252004-Deniswari Employee Report...
2025-05-21 08:14:58,490 - INFO - 💾 Generating 8252004-Deniswari Master Report...
2025-05-21 08:14:58,581 - INFO - 💾 Generating 8252005-Nornabilah Employee Report...
2025-05-21 08:14:58,639 - INFO - 💾 Generating 8252005-Nornabilah Master Report...
2025-05-21 08:14:58,730 - INFO - 💾 Generating 8252009-Qurratul Aini Employee Report...
2025-05-21 08:14:58,743 - INFO - 💾 Generating 8252009-Qurratul Aini Master Report...
2025-05-21 08:14:58,827 - INFO - 💾 Generating 8252010-Nurul Fatihah Employee Report...
2025-05-21 08:14:58,838 - INFO - 💾 Generating 8252010-Nurul Fatihah Master Report...
2025-05-21 08:14:58,915 - INFO - 💾 Generating 8252011-Siti Nur Nabilah Binti Mohd Rais Employee Report...
2025-05-21 08:14:58,927 - INFO - 💾 Generating 8252011-Siti Nur Nabilah Binti Mohd Rais Master Report...
2025-05-21 08:14:58,954 - INFO - 💾 Generating 8252012-mohd rizal Employee Report...
2025-05-21 08:14:58,962 - INFO - 💾 Generating 8252012-mohd rizal Master Report...
2025-05-21 08:14:59,040 - INFO - 💾 Generating 8252013-Khidir Thong Employee Report...
2025-05-21 08:14:59,051 - INFO - 💾 Generating 8252013-Khidir Thong Master Report...
2025-05-21 08:14:59,133 - INFO - 💾 Generating 8252014-Mohd Aliffazwan Employee Report...
2025-05-21 08:14:59,147 - INFO - 💾 Generating 8252014-Mohd Aliffazwan Master Report...
2025-05-21 08:14:59,245 - INFO - 💾 Generating 8252015-Nur Farah Najihah Employee Report...
2025-05-21 08:14:59,258 - INFO - 💾 Generating 8252015-Nur Farah Najihah Master Report...
2025-05-21 08:14:59,354 - INFO - 💾 Generating 8252016-Yaseil Employee Report...
2025-05-21 08:14:59,366 - INFO - 💾 Generating 8252016-Yaseil Master Report...
2025-05-21 08:14:59,446 - INFO - 💾 Generating 8252017-Wong Si Huey Employee Report...
2025-05-21 08:14:59,457 - INFO - 💾 Generating 8252017-Wong Si Huey Master Report...
2025-05-21 08:14:59,504 - WARNING - ️⚠️ Cannot determine shift code for Employee ID: 8252019
2025-05-21 08:14:59,510 - INFO - 💾 Generating 8252019-Alia Employee Report...
2025-05-21 08:14:59,524 - INFO - 💾 Generating 8252019-Alia Master Report...
2025-05-21 08:14:59,527 - WARNING - ⚠️ Employee ID: 8252019 can't be found in masterdata.xlsx --> Employee
2025-05-21 08:14:59,554 - WARNING - ️⚠️ Cannot determine shift code for Employee ID: 8252020
2025-05-21 08:14:59,557 - INFO - 💾 Generating 8252020-Sarrohjini Ap Sathiamoorty Employee Report...
2025-05-21 08:14:59,568 - INFO - 💾 Generating 8252020-Sarrohjini Ap Sathiamoorty Master Report...
2025-05-21 08:14:59,569 - WARNING - ⚠️ Employee ID: 8252020 can't be found in masterdata.xlsx --> Employee
2025-05-21 08:14:59,660 - INFO - 💾 Generating 8252021-Hemalatha AP Shankar Employee Report...
2025-05-21 08:14:59,674 - INFO - 💾 Generating 8252021-Hemalatha AP Shankar Master Report...
2025-05-21 08:14:59,708 - INFO - 💾 Generating 8252022-Reethaa AP Prakashkumar Employee Report...
2025-05-21 08:14:59,718 - INFO - 💾 Generating 8252022-Reethaa AP Prakashkumar Master Report...
2025-05-21 08:14:59,791 - INFO - 💾 Generating 8252023-Nor Aslinda Employee Report...
2025-05-21 08:14:59,805 - INFO - 💾 Generating 8252023-Nor Aslinda Master Report...
2025-05-21 08:14:59,906 - INFO - 💾 Generating 8252024-Nurshahirah Binti Mohamed Salleh Employee Report...
2025-05-21 08:14:59,918 - INFO - 💾 Generating 8252024-Nurshahirah Binti Mohamed Salleh Master Report...
2025-05-21 08:14:59,954 - INFO - 💾 Generating 8252025-Nur Izni Najwa Employee Report...
2025-05-21 08:14:59,965 - INFO - 💾 Generating 8252025-Nur Izni Najwa Master Report...
2025-05-21 08:15:00,080 - INFO - 💾 Generating 8252026-Noor Lia Employee Report...
2025-05-21 08:15:00,094 - INFO - 💾 Generating 8252026-Noor Lia Master Report...
2025-05-21 08:15:00,128 - INFO - 💾 Generating 8252027-Umu Salamah Employee Report...
2025-05-21 08:15:00,138 - INFO - 💾 Generating 8252027-Umu Salamah Master Report...
2025-05-21 08:15:00,187 - WARNING - ️⚠️ Cannot determine shift code for Employee ID: 8252028
2025-05-21 08:15:00,201 - INFO - 💾 Generating 8252028-Zahidah Employee Report...
2025-05-21 08:15:00,213 - INFO - 💾 Generating 8252028-Zahidah Master Report...
2025-05-21 08:15:00,214 - WARNING - ⚠️ Employee ID: 8252028 can't be found in masterdata.xlsx --> Employee
2025-05-21 08:15:00,250 - WARNING - ️⚠️ Cannot determine shift code for Employee ID: 8252029
2025-05-21 08:15:00,263 - INFO - 💾 Generating 8252029-Jevan AL Ravi Chanderan Employee Report...
2025-05-21 08:15:00,276 - INFO - 💾 Generating 8252029-Jevan AL Ravi Chanderan Master Report...
2025-05-21 08:15:00,278 - WARNING - ⚠️ Employee ID: 8252029 can't be found in masterdata.xlsx --> Employee
2025-05-21 08:15:00,299 - WARNING - ️⚠️ Cannot determine shift code for Employee ID: 8252030
2025-05-21 08:15:00,306 - INFO - 💾 Generating 8252030-Nuurfarahin Binti Mohammed Dan Employee Report...
2025-05-21 08:15:00,315 - INFO - 💾 Generating 8252030-Nuurfarahin Binti Mohammed Dan Master Report...
2025-05-21 08:15:00,317 - WARNING - ⚠️ Employee ID: 8252030 can't be found in masterdata.xlsx --> Employee
2025-05-21 08:15:00,371 - WARNING - ️⚠️ Cannot determine shift code for Employee ID: 8255001
2025-05-21 08:15:00,393 - INFO - 💾 Generating 8255001-Hafizah Employee Report...
2025-05-21 08:15:00,406 - INFO - 💾 Generating 8255001-Hafizah Master Report...
2025-05-21 08:15:00,407 - WARNING - ⚠️ Employee ID: 8255001 can't be found in masterdata.xlsx --> Employee
2025-05-21 08:15:00,463 - WARNING - ️⚠️ Cannot determine shift code for Employee ID: 8255002
2025-05-21 08:15:00,483 - INFO - 💾 Generating 8255002-Fathiah Employee Report...
2025-05-21 08:15:00,496 - INFO - 💾 Generating 8255002-Fathiah Master Report...
2025-05-21 08:15:00,497 - WARNING - ⚠️ Employee ID: 8255002 can't be found in masterdata.xlsx --> Employee
2025-05-21 08:15:00,521 - WARNING - ️⚠️ Cannot determine shift code for Employee ID: 8255005
2025-05-21 08:15:00,524 - INFO - 💾 Generating 8255005-Hanis Nazira Employee Report...
2025-05-21 08:15:00,534 - INFO - 💾 Generating 8255005-Hanis Nazira Master Report...
2025-05-21 08:15:00,535 - WARNING - ⚠️ Employee ID: 8255005 can't be found in masterdata.xlsx --> Employee
2025-05-21 08:15:00,561 - WARNING - ️⚠️ Cannot determine shift code for Employee ID: 8255006
2025-05-21 08:15:00,564 - INFO - 💾 Generating 8255006-8255006 Employee Report...
2025-05-21 08:15:00,574 - INFO - 💾 Generating 8255006-8255006 Master Report...
2025-05-21 08:15:00,576 - WARNING - ⚠️ Employee ID: 8255006 can't be found in masterdata.xlsx --> Employee
2025-05-21 08:15:00,601 - WARNING - ️⚠️ Cannot determine shift code for Employee ID: 8255007
2025-05-21 08:15:00,605 - INFO - 💾 Generating 8255007-Siti Soleha Employee Report...
2025-05-21 08:15:00,616 - INFO - 💾 Generating 8255007-Siti Soleha Master Report...
2025-05-21 08:15:00,618 - WARNING - ⚠️ Employee ID: 8255007 can't be found in masterdata.xlsx --> Employee
2025-05-21 08:15:00,642 - WARNING - ️⚠️ Cannot determine shift code for Employee ID: 8255009
2025-05-21 08:15:00,644 - INFO - 💾 Generating 8255009-Rafeah Employee Report...
2025-05-21 08:15:00,655 - INFO - 💾 Generating 8255009-Rafeah Master Report...
2025-05-21 08:15:00,656 - WARNING - ⚠️ Employee ID: 8255009 can't be found in masterdata.xlsx --> Employee
2025-05-21 08:15:00,681 - WARNING - ️⚠️ Cannot determine shift code for Employee ID: 8255010
2025-05-21 08:15:00,685 - INFO - 💾 Generating 8255010-Siti Nur Farahim Employee Report...
2025-05-21 08:15:00,695 - INFO - 💾 Generating 8255010-Siti Nur Farahim Master Report...
2025-05-21 08:15:00,696 - WARNING - ⚠️ Employee ID: 8255010 can't be found in masterdata.xlsx --> Employee
2025-05-21 08:15:00,751 - WARNING - ️⚠️ Cannot determine shift code for Employee ID: 8255011
2025-05-21 08:15:00,772 - INFO - 💾 Generating 8255011-Agrieyelen Employee Report...
2025-05-21 08:15:00,786 - INFO - 💾 Generating 8255011-Agrieyelen Master Report...
2025-05-21 08:15:00,787 - WARNING - ⚠️ Employee ID: 8255011 can't be found in masterdata.xlsx --> Employee
2025-05-21 08:15:00,812 - WARNING - ️⚠️ Cannot determine shift code for Employee ID: 8255012
2025-05-21 08:15:00,815 - INFO - 💾 Generating 8255012-Norasikin Employee Report...
2025-05-21 08:15:00,827 - INFO - 💾 Generating 8255012-Norasikin Master Report...
2025-05-21 08:15:00,828 - WARNING - ⚠️ Employee ID: 8255012 can't be found in masterdata.xlsx --> Employee
2025-05-21 08:15:00,857 - WARNING - ️⚠️ Cannot determine shift code for Employee ID: 8255014
2025-05-21 08:15:00,861 - INFO - 💾 Generating 8255014-noor ain Employee Report...
2025-05-21 08:15:00,873 - INFO - 💾 Generating 8255014-noor ain Master Report...
2025-05-21 08:15:00,874 - WARNING - ⚠️ Employee ID: 8255014 can't be found in masterdata.xlsx --> Employee
2025-05-21 08:15:00,899 - WARNING - ️⚠️ Cannot determine shift code for Employee ID: 8255018
2025-05-21 08:15:00,902 - INFO - 💾 Generating 8255018-Putri Aisyah Employee Report...
2025-05-21 08:15:00,914 - INFO - 💾 Generating 8255018-Putri Aisyah Master Report...
2025-05-21 08:15:00,916 - WARNING - ⚠️ Employee ID: 8255018 can't be found in masterdata.xlsx --> Employee
2025-05-21 08:15:00,940 - WARNING - ️⚠️ Cannot determine shift code for Employee ID: 8255020
2025-05-21 08:15:00,943 - INFO - 💾 Generating 8255020-Nur Linda Binti Mohamad Kiraman Employee Report...
2025-05-21 08:15:01,022 - INFO - 💾 Generating 8255020-Nur Linda Binti Mohamad Kiraman Master Report...
2025-05-21 08:15:01,023 - WARNING - ⚠️ Employee ID: 8255020 can't be found in masterdata.xlsx --> Employee
2025-05-21 08:15:01,049 - WARNING - ️⚠️ Cannot determine shift code for Employee ID: 8255021
2025-05-21 08:15:01,054 - INFO - 💾 Generating 8255021-Eesvari Subramaniam Employee Report...
2025-05-21 08:15:01,065 - INFO - 💾 Generating 8255021-Eesvari Subramaniam Master Report...
2025-05-21 08:15:01,066 - WARNING - ⚠️ Employee ID: 8255021 can't be found in masterdata.xlsx --> Employee
2025-05-21 08:15:01,094 - WARNING - ️⚠️ Cannot determine shift code for Employee ID: 8255024
2025-05-21 08:15:01,096 - INFO - 💾 Generating 8255024-Hamidah Binti Sentol Employee Report...
2025-05-21 08:15:01,107 - INFO - 💾 Generating 8255024-Hamidah Binti Sentol Master Report...
2025-05-21 08:15:01,108 - WARNING - ⚠️ Employee ID: 8255024 can't be found in masterdata.xlsx --> Employee
2025-05-21 08:15:01,133 - WARNING - ️⚠️ Cannot determine shift code for Employee ID: 8255030
2025-05-21 08:15:01,136 - INFO - 💾 Generating 8255030-Alice Employee Report...
2025-05-21 08:15:01,147 - INFO - 💾 Generating 8255030-Alice Master Report...
2025-05-21 08:15:01,148 - WARNING - ⚠️ Employee ID: 8255030 can't be found in masterdata.xlsx --> Employee
2025-05-21 08:15:01,174 - WARNING - ️⚠️ Cannot determine shift code for Employee ID: 8255034
2025-05-21 08:15:01,177 - INFO - 💾 Generating 8255034-Nur Aliesya Employee Report...
2025-05-21 08:15:01,188 - INFO - 💾 Generating 8255034-Nur Aliesya Master Report...
2025-05-21 08:15:01,189 - WARNING - ⚠️ Employee ID: 8255034 can't be found in masterdata.xlsx --> Employee
2025-05-21 08:15:01,246 - WARNING - ️⚠️ Cannot determine shift code for Employee ID: 8255035
2025-05-21 08:15:01,265 - INFO - 💾 Generating 8255035-Siti Suhana Employee Report...
2025-05-21 08:15:01,279 - INFO - 💾 Generating 8255035-Siti Suhana Master Report...
2025-05-21 08:15:01,281 - WARNING - ⚠️ Employee ID: 8255035 can't be found in masterdata.xlsx --> Employee
2025-05-21 08:15:01,306 - WARNING - ️⚠️ Cannot determine shift code for Employee ID: 8255036
2025-05-21 08:15:01,309 - INFO - 💾 Generating 8255036-Nurul Syahira Ashiqin Employee Report...
2025-05-21 08:15:01,319 - INFO - 💾 Generating 8255036-Nurul Syahira Ashiqin Master Report...
2025-05-21 08:15:01,320 - WARNING - ⚠️ Employee ID: 8255036 can't be found in masterdata.xlsx --> Employee
2025-05-21 08:15:01,345 - WARNING - ️⚠️ Cannot determine shift code for Employee ID: 8255037
2025-05-21 08:15:01,351 - INFO - 💾 Generating 8255037-Devi AP Arasamani Employee Report...
2025-05-21 08:15:01,362 - INFO - 💾 Generating 8255037-Devi AP Arasamani Master Report...
2025-05-21 08:15:01,364 - WARNING - ⚠️ Employee ID: 8255037 can't be found in masterdata.xlsx --> Employee
2025-05-21 08:15:01,389 - WARNING - ️⚠️ Cannot determine shift code for Employee ID: 8255038
2025-05-21 08:15:01,393 - INFO - 💾 Generating 8255038-Nurain Nabilah Employee Report...
2025-05-21 08:15:01,404 - INFO - 💾 Generating 8255038-Nurain Nabilah Master Report...
2025-05-21 08:15:01,405 - WARNING - ⚠️ Employee ID: 8255038 can't be found in masterdata.xlsx --> Employee
2025-05-21 08:15:01,428 - WARNING - ️⚠️ Cannot determine shift code for Employee ID: 8255039
2025-05-21 08:15:01,431 - INFO - 💾 Generating 8255039-Nur Asyikin Binti Hamidon Employee Report...
2025-05-21 08:15:01,441 - INFO - 💾 Generating 8255039-Nur Asyikin Binti Hamidon Master Report...
2025-05-21 08:15:01,443 - WARNING - ⚠️ Employee ID: 8255039 can't be found in masterdata.xlsx --> Employee
2025-05-21 08:15:01,465 - WARNING - ️⚠️ Cannot determine shift code for Employee ID: 8255040
2025-05-21 08:15:01,470 - INFO - 💾 Generating 8255040-Kirthineswary Employee Report...
2025-05-21 08:15:01,480 - INFO - 💾 Generating 8255040-Kirthineswary Master Report...
2025-05-21 08:15:01,481 - WARNING - ⚠️ Employee ID: 8255040 can't be found in masterdata.xlsx --> Employee
2025-05-21 08:15:01,537 - WARNING - ️⚠️ Cannot determine shift code for Employee ID: 8255041
2025-05-21 08:15:01,559 - INFO - 💾 Generating 8255041-Agrissah Jalani Employee Report...
2025-05-21 08:15:01,573 - INFO - 💾 Generating 8255041-Agrissah Jalani Master Report...
2025-05-21 08:15:01,574 - WARNING - ⚠️ Employee ID: 8255041 can't be found in masterdata.xlsx --> Employee
2025-05-21 08:15:01,630 - WARNING - ️⚠️ Cannot determine shift code for Employee ID: 8255042
2025-05-21 08:15:01,648 - INFO - 💾 Generating 8255042-Ashvini AP Shanmugarajah Employee Report...
2025-05-21 08:15:01,660 - INFO - 💾 Generating 8255042-Ashvini AP Shanmugarajah Master Report...
2025-05-21 08:15:01,661 - WARNING - ⚠️ Employee ID: 8255042 can't be found in masterdata.xlsx --> Employee
2025-05-21 08:15:01,686 - WARNING - ️⚠️ Cannot determine shift code for Employee ID: 8255043
2025-05-21 08:15:01,689 - INFO - 💾 Generating 8255043-Sharmila AP Shanmugarajah Employee Report...
2025-05-21 08:15:01,700 - INFO - 💾 Generating 8255043-Sharmila AP Shanmugarajah Master Report...
2025-05-21 08:15:01,701 - WARNING - ⚠️ Employee ID: 8255043 can't be found in masterdata.xlsx --> Employee
2025-05-21 08:15:01,726 - WARNING - ️⚠️ Cannot determine shift code for Employee ID: 8255044
2025-05-21 08:15:01,729 - INFO - 💾 Generating 8255044-Kamini AP Chandraagaran Employee Report...
2025-05-21 08:15:01,739 - INFO - 💾 Generating 8255044-Kamini AP Chandraagaran Master Report...
2025-05-21 08:15:01,740 - WARNING - ⚠️ Employee ID: 8255044 can't be found in masterdata.xlsx --> Employee
2025-05-21 08:15:01,765 - WARNING - ️⚠️ Cannot determine shift code for Employee ID: 8255045
2025-05-21 08:15:01,770 - INFO - 💾 Generating 8255045-Nur Fazrienz Fasihin Employee Report...
2025-05-21 08:15:01,780 - INFO - 💾 Generating 8255045-Nur Fazrienz Fasihin Master Report...
2025-05-21 08:15:01,781 - WARNING - ⚠️ Employee ID: 8255045 can't be found in masterdata.xlsx --> Employee
2025-05-21 08:15:01,805 - WARNING - ️⚠️ Cannot determine shift code for Employee ID: 8255046
2025-05-21 08:15:01,807 - INFO - 💾 Generating 8255046-Sarah Najlaa Bt SH Razi Employee Report...
2025-05-21 08:15:01,817 - INFO - 💾 Generating 8255046-Sarah Najlaa Bt SH Razi Master Report...
2025-05-21 08:15:01,818 - WARNING - ⚠️ Employee ID: 8255046 can't be found in masterdata.xlsx --> Employee
2025-05-21 08:15:01,843 - WARNING - ️⚠️ Cannot determine shift code for Employee ID: 8255048
2025-05-21 08:15:01,846 - INFO - 💾 Generating 8255048-Megala AP Muruthi Employee Report...
2025-05-21 08:15:01,858 - INFO - 💾 Generating 8255048-Megala AP Muruthi Master Report...
2025-05-21 08:15:01,860 - WARNING - ⚠️ Employee ID: 8255048 can't be found in masterdata.xlsx --> Employee
2025-05-21 08:15:01,884 - WARNING - ️⚠️ Cannot determine shift code for Employee ID: 8255049
2025-05-21 08:15:01,887 - INFO - 💾 Generating 8255049-Hemalatha AP Velayuthan Employee Report...
2025-05-21 08:15:01,898 - INFO - 💾 Generating 8255049-Hemalatha AP Velayuthan Master Report...
2025-05-21 08:15:01,899 - WARNING - ⚠️ Employee ID: 8255049 can't be found in masterdata.xlsx --> Employee
2025-05-21 08:15:01,923 - WARNING - ️⚠️ Cannot determine shift code for Employee ID: 8255050
2025-05-21 08:15:01,926 - INFO - 💾 Generating 8255050-Mohana AP Velayuthan Employee Report...
2025-05-21 08:15:01,936 - INFO - 💾 Generating 8255050-Mohana AP Velayuthan Master Report...
2025-05-21 08:15:01,937 - WARNING - ⚠️ Employee ID: 8255050 can't be found in masterdata.xlsx --> Employee
2025-05-21 08:15:01,962 - WARNING - ️⚠️ Cannot determine shift code for Employee ID: 8255052
2025-05-21 08:15:01,964 - INFO - 💾 Generating 8255052-Nor Aqilah Uzma Binti Roslan Employee Report...
2025-05-21 08:15:01,975 - INFO - 💾 Generating 8255052-Nor Aqilah Uzma Binti Roslan Master Report...
2025-05-21 08:15:01,976 - WARNING - ⚠️ Employee ID: 8255052 can't be found in masterdata.xlsx --> Employee
2025-05-21 08:15:01,998 - WARNING - ️⚠️ Cannot determine shift code for Employee ID: 8255053
2025-05-21 08:15:02,001 - INFO - 💾 Generating 8255053-Masminah Binti Julganah Employee Report...
2025-05-21 08:15:02,011 - INFO - 💾 Generating 8255053-Masminah Binti Julganah Master Report...
2025-05-21 08:15:02,013 - WARNING - ⚠️ Employee ID: 8255053 can't be found in masterdata.xlsx --> Employee
2025-05-21 08:15:02,047 - WARNING - ️⚠️ Cannot determine shift code for Employee ID: 8255054
2025-05-21 08:15:02,051 - INFO - 💾 Generating 8255054-Nur Alia Binti Mohamad Amzah Employee Report...
2025-05-21 08:15:02,062 - INFO - 💾 Generating 8255054-Nur Alia Binti Mohamad Amzah Master Report...
2025-05-21 08:15:02,063 - WARNING - ⚠️ Employee ID: 8255054 can't be found in masterdata.xlsx --> Employee
2025-05-21 08:15:02,081 - WARNING - ️⚠️ Cannot determine shift code for Employee ID: 8255055
2025-05-21 08:15:02,087 - INFO - 💾 Generating 8255055-Paula Anak Menjang Employee Report...
2025-05-21 08:15:02,096 - INFO - 💾 Generating 8255055-Paula Anak Menjang Master Report...
2025-05-21 08:15:02,097 - WARNING - ⚠️ Employee ID: 8255055 can't be found in masterdata.xlsx --> Employee
2025-05-21 08:15:02,114 - WARNING - ️⚠️ Cannot determine shift code for Employee ID: 8255056
2025-05-21 08:15:02,120 - INFO - 💾 Generating 8255056-Aidrin Ding Employee Report...
2025-05-21 08:15:02,129 - INFO - 💾 Generating 8255056-Aidrin Ding Master Report...
2025-05-21 08:15:02,130 - WARNING - ⚠️ Employee ID: 8255056 can't be found in masterdata.xlsx --> Employee
2025-05-21 08:15:02,145 - WARNING - ️⚠️ Cannot determine shift code for Employee ID: 8255057
2025-05-21 08:15:02,148 - INFO - 💾 Generating 8255057-Nor Shaeera Binti Yahya Employee Report...
2025-05-21 08:15:02,158 - INFO - 💾 Generating 8255057-Nor Shaeera Binti Yahya Master Report...
2025-05-21 08:15:02,159 - WARNING - ⚠️ Employee ID: 8255057 can't be found in masterdata.xlsx --> Employee
2025-05-21 08:15:02,219 - WARNING - ️⚠️ Cannot determine shift code for Employee ID: 8258001
2025-05-21 08:15:02,241 - INFO - 💾 Generating 8258001-Aye Mya Mon Employee Report...
2025-05-21 08:15:02,256 - INFO - 💾 Generating 8258001-Aye Mya Mon Master Report...
2025-05-21 08:15:02,257 - WARNING - ⚠️ Employee ID: 8258001 can't be found in masterdata.xlsx --> Employee
2025-05-21 08:15:02,316 - WARNING - ️⚠️ Cannot determine shift code for Employee ID: 8258002
2025-05-21 08:15:02,336 - INFO - 💾 Generating 8258002-Thwe Thwe Phyo Employee Report...
2025-05-21 08:15:02,349 - INFO - 💾 Generating 8258002-Thwe Thwe Phyo Master Report...
2025-05-21 08:15:02,350 - WARNING - ⚠️ Employee ID: 8258002 can't be found in masterdata.xlsx --> Employee
2025-05-21 08:15:02,411 - WARNING - ️⚠️ Cannot determine shift code for Employee ID: 8258003
2025-05-21 08:15:02,436 - INFO - 💾 Generating 8258003-Soe Hnin Nwe Employee Report...
2025-05-21 08:15:02,451 - INFO - 💾 Generating 8258003-Soe Hnin Nwe Master Report...
2025-05-21 08:15:02,453 - WARNING - ⚠️ Employee ID: 8258003 can't be found in masterdata.xlsx --> Employee
2025-05-21 08:15:02,495 - WARNING - ️⚠️ Cannot determine shift code for Employee ID: 8258004
2025-05-21 08:15:02,500 - INFO - 💾 Generating 8258004-Myat Wint Yee Employee Report...
2025-05-21 08:15:02,515 - INFO - 💾 Generating 8258004-Myat Wint Yee Master Report...
2025-05-21 08:15:02,517 - WARNING - ⚠️ Employee ID: 8258004 can't be found in masterdata.xlsx --> Employee
2025-05-21 08:15:02,584 - WARNING - ️⚠️ Cannot determine shift code for Employee ID: 8258005
2025-05-21 08:15:02,607 - INFO - 💾 Generating 8258005-Kyal Zin Oo Employee Report...
2025-05-21 08:15:02,620 - INFO - 💾 Generating 8258005-Kyal Zin Oo Master Report...
2025-05-21 08:15:02,621 - WARNING - ⚠️ Employee ID: 8258005 can't be found in masterdata.xlsx --> Employee
2025-05-21 08:15:02,679 - WARNING - ️⚠️ Cannot determine shift code for Employee ID: 8258006
2025-05-21 08:15:02,703 - INFO - 💾 Generating 8258006-Zin Mar Soe Employee Report...
2025-05-21 08:15:02,717 - INFO - 💾 Generating 8258006-Zin Mar Soe Master Report...
2025-05-21 08:15:02,718 - WARNING - ⚠️ Employee ID: 8258006 can't be found in masterdata.xlsx --> Employee
2025-05-21 08:15:02,776 - WARNING - ️⚠️ Cannot determine shift code for Employee ID: 8258007
2025-05-21 08:15:02,797 - INFO - 💾 Generating 8258007-Thu Zar Win Employee Report...
2025-05-21 08:15:02,813 - INFO - 💾 Generating 8258007-Thu Zar Win Master Report...
2025-05-21 08:15:02,814 - WARNING - ⚠️ Employee ID: 8258007 can't be found in masterdata.xlsx --> Employee
2025-05-21 08:15:02,870 - WARNING - ️⚠️ Cannot determine shift code for Employee ID: 8258008
2025-05-21 08:15:02,891 - INFO - 💾 Generating 8258008-Than Than Khaing Employee Report...
2025-05-21 08:15:02,904 - INFO - 💾 Generating 8258008-Than Than Khaing Master Report...
2025-05-21 08:15:02,905 - WARNING - ⚠️ Employee ID: 8258008 can't be found in masterdata.xlsx --> Employee
2025-05-21 08:15:02,961 - WARNING - ️⚠️ Cannot determine shift code for Employee ID: 8258009
2025-05-21 08:15:02,985 - INFO - 💾 Generating 8258009-Thin Thin Ngwe Employee Report...
2025-05-21 08:15:02,999 - INFO - 💾 Generating 8258009-Thin Thin Ngwe Master Report...
2025-05-21 08:15:03,000 - WARNING - ⚠️ Employee ID: 8258009 can't be found in masterdata.xlsx --> Employee
2025-05-21 08:15:03,024 - WARNING - ️⚠️ Cannot determine shift code for Employee ID: 8258010
2025-05-21 08:15:03,027 - INFO - 💾 Generating 8258010-Zue Zue Kyaw Employee Report...
2025-05-21 08:15:03,038 - INFO - 💾 Generating 8258010-Zue Zue Kyaw Master Report...
2025-05-21 08:15:03,038 - WARNING - ⚠️ Employee ID: 8258010 can't be found in masterdata.xlsx --> Employee
2025-05-21 08:15:03,061 - WARNING - ️⚠️ Cannot determine shift code for Employee ID: 8258011
2025-05-21 08:15:03,063 - INFO - 💾 Generating 8258011-Tin Mar Aye Employee Report...
2025-05-21 08:15:03,073 - INFO - 💾 Generating 8258011-Tin Mar Aye Master Report...
2025-05-21 08:15:03,074 - WARNING - ⚠️ Employee ID: 8258011 can't be found in masterdata.xlsx --> Employee
2025-05-21 08:15:03,096 - WARNING - ️⚠️ Cannot determine shift code for Employee ID: 8258012
2025-05-21 08:15:03,098 - INFO - 💾 Generating 8258012-Wathan Nay Lin Employee Report...
2025-05-21 08:15:03,110 - INFO - 💾 Generating 8258012-Wathan Nay Lin Master Report...
2025-05-21 08:15:03,112 - WARNING - ⚠️ Employee ID: 8258012 can't be found in masterdata.xlsx --> Employee
2025-05-21 08:15:03,167 - WARNING - ️⚠️ Cannot determine shift code for Employee ID: 8258013
2025-05-21 08:15:03,185 - INFO - 💾 Generating 8258013-Moe Thuzar Employee Report...
2025-05-21 08:15:03,198 - INFO - 💾 Generating 8258013-Moe Thuzar Master Report...
2025-05-21 08:15:03,199 - WARNING - ⚠️ Employee ID: 8258013 can't be found in masterdata.xlsx --> Employee
2025-05-21 08:15:03,220 - WARNING - ️⚠️ Cannot determine shift code for Employee ID: 8258014
2025-05-21 08:15:03,222 - INFO - 💾 Generating 8258014-Khaing Zar Aung Employee Report...
2025-05-21 08:15:03,231 - INFO - 💾 Generating 8258014-Khaing Zar Aung Master Report...
2025-05-21 08:15:03,233 - WARNING - ⚠️ Employee ID: 8258014 can't be found in masterdata.xlsx --> Employee
2025-05-21 08:15:03,255 - WARNING - ️⚠️ Cannot determine shift code for Employee ID: 8258015
2025-05-21 08:15:03,258 - INFO - 💾 Generating 8258015-Zar Zar OO Employee Report...
2025-05-21 08:15:03,266 - INFO - 💾 Generating 8258015-Zar Zar OO Master Report...
2025-05-21 08:15:03,267 - WARNING - ⚠️ Employee ID: 8258015 can't be found in masterdata.xlsx --> Employee
2025-05-21 08:15:03,321 - WARNING - ️⚠️ Cannot determine shift code for Employee ID: 8258016
2025-05-21 08:15:03,343 - INFO - 💾 Generating 8258016-Yin May Win Employee Report...
2025-05-21 08:15:03,433 - INFO - 💾 Generating 8258016-Yin May Win Master Report...
2025-05-21 08:15:03,435 - WARNING - ⚠️ Employee ID: 8258016 can't be found in masterdata.xlsx --> Employee
2025-05-21 08:15:03,458 - WARNING - ️⚠️ Cannot determine shift code for Employee ID: 8258017
2025-05-21 08:15:03,461 - INFO - 💾 Generating 8258017-Zin Mar Khaing Employee Report...
2025-05-21 08:15:03,470 - INFO - 💾 Generating 8258017-Zin Mar Khaing Master Report...
2025-05-21 08:15:03,471 - WARNING - ⚠️ Employee ID: 8258017 can't be found in masterdata.xlsx --> Employee
2025-05-21 08:15:03,498 - WARNING - ️⚠️ Cannot determine shift code for Employee ID: 8258018
2025-05-21 08:15:03,501 - INFO - 💾 Generating 8258018-Nyein Nyein Khaing Employee Report...
2025-05-21 08:15:03,513 - INFO - 💾 Generating 8258018-Nyein Nyein Khaing Master Report...
2025-05-21 08:15:03,514 - WARNING - ⚠️ Employee ID: 8258018 can't be found in masterdata.xlsx --> Employee
2025-05-21 08:15:03,538 - WARNING - ️⚠️ Cannot determine shift code for Employee ID: 8258019
2025-05-21 08:15:03,541 - INFO - 💾 Generating 8258019-Myint Myint Than Employee Report...
2025-05-21 08:15:03,551 - INFO - 💾 Generating 8258019-Myint Myint Than Master Report...
2025-05-21 08:15:03,551 - WARNING - ⚠️ Employee ID: 8258019 can't be found in masterdata.xlsx --> Employee
2025-05-21 08:15:03,595 - WARNING - ️⚠️ Cannot determine shift code for Employee ID: 8258020
2025-05-21 08:15:03,611 - INFO - 💾 Generating 8258020-Than Than Soe Employee Report...
2025-05-21 08:15:03,622 - INFO - 💾 Generating 8258020-Than Than Soe Master Report...
2025-05-21 08:15:03,623 - WARNING - ⚠️ Employee ID: 8258020 can't be found in masterdata.xlsx --> Employee
2025-05-21 08:15:03,679 - WARNING - ️⚠️ Cannot determine shift code for Employee ID: 8258021
2025-05-21 08:15:03,701 - INFO - 💾 Generating 8258021-Pyae Pyae Soe Employee Report...
2025-05-21 08:15:03,717 - INFO - 💾 Generating 8258021-Pyae Pyae Soe Master Report...
2025-05-21 08:15:03,718 - WARNING - ⚠️ Employee ID: 8258021 can't be found in masterdata.xlsx --> Employee
2025-05-21 08:15:03,779 - WARNING - ️⚠️ Cannot determine shift code for Employee ID: 8258022
2025-05-21 08:15:03,798 - INFO - 💾 Generating 8258022-Lae Lae Aung Employee Report...
2025-05-21 08:15:03,810 - INFO - 💾 Generating 8258022-Lae Lae Aung Master Report...
2025-05-21 08:15:03,811 - WARNING - ⚠️ Employee ID: 8258022 can't be found in masterdata.xlsx --> Employee
2025-05-21 08:15:03,866 - WARNING - ️⚠️ Cannot determine shift code for Employee ID: 8258023
2025-05-21 08:15:03,888 - INFO - 💾 Generating 8258023-Shwe Mi Employee Report...
2025-05-21 08:15:03,899 - INFO - 💾 Generating 8258023-Shwe Mi Master Report...
2025-05-21 08:15:03,900 - WARNING - ⚠️ Employee ID: 8258023 can't be found in masterdata.xlsx --> Employee
2025-05-21 08:15:03,948 - WARNING - ️⚠️ Cannot determine shift code for Employee ID: 8258024
2025-05-21 08:15:03,966 - INFO - 💾 Generating 8258024-Zin Mar Wai Employee Report...
2025-05-21 08:15:03,980 - INFO - 💾 Generating 8258024-Zin Mar Wai Master Report...
2025-05-21 08:15:03,981 - WARNING - ⚠️ Employee ID: 8258024 can't be found in masterdata.xlsx --> Employee
2025-05-21 08:15:04,033 - WARNING - ️⚠️ Cannot determine shift code for Employee ID: 8258025
2025-05-21 08:15:04,052 - INFO - 💾 Generating 8258025-Hnin Wutt Yi Employee Report...
2025-05-21 08:15:04,063 - INFO - 💾 Generating 8258025-Hnin Wutt Yi Master Report...
2025-05-21 08:15:04,064 - WARNING - ⚠️ Employee ID: 8258025 can't be found in masterdata.xlsx --> Employee
2025-05-21 08:15:04,122 - WARNING - ️⚠️ Cannot determine shift code for Employee ID: 8258026
2025-05-21 08:15:04,142 - INFO - 💾 Generating 8258026-Than Win Khaing Employee Report...
2025-05-21 08:15:04,156 - INFO - 💾 Generating 8258026-Than Win Khaing Master Report...
2025-05-21 08:15:04,158 - WARNING - ⚠️ Employee ID: 8258026 can't be found in masterdata.xlsx --> Employee
2025-05-21 08:15:04,210 - WARNING - ️⚠️ Cannot determine shift code for Employee ID: 8258027
2025-05-21 08:15:04,226 - INFO - 💾 Generating 8258027-Chaw Yadanr Khaing Employee Report...
2025-05-21 08:15:04,237 - INFO - 💾 Generating 8258027-Chaw Yadanr Khaing Master Report...
2025-05-21 08:15:04,238 - WARNING - ⚠️ Employee ID: 8258027 can't be found in masterdata.xlsx --> Employee
2025-05-21 08:15:04,286 - WARNING - ️⚠️ Cannot determine shift code for Employee ID: 8258028
2025-05-21 08:15:04,307 - INFO - 💾 Generating 8258028-Nu Nu Wai Employee Report...
2025-05-21 08:15:04,320 - INFO - 💾 Generating 8258028-Nu Nu Wai Master Report...
2025-05-21 08:15:04,321 - WARNING - ⚠️ Employee ID: 8258028 can't be found in masterdata.xlsx --> Employee
2025-05-21 08:15:04,360 - WARNING - ️⚠️ Cannot determine shift code for Employee ID: 8258029
2025-05-21 08:15:04,376 - INFO - 💾 Generating 8258029-Chamar Diwakar Employee Report...
2025-05-21 08:15:04,389 - INFO - 💾 Generating 8258029-Chamar Diwakar Master Report...
2025-05-21 08:15:04,390 - WARNING - ⚠️ Employee ID: 8258029 can't be found in masterdata.xlsx --> Employee
2025-05-21 08:15:04,435 - WARNING - ️⚠️ Cannot determine shift code for Employee ID: 8258030
2025-05-21 08:15:04,449 - INFO - 💾 Generating 8258030-Bhim Bahadur Thapa Employee Report...
2025-05-21 08:15:04,460 - INFO - 💾 Generating 8258030-Bhim Bahadur Thapa Master Report...
2025-05-21 08:15:04,461 - WARNING - ⚠️ Employee ID: 8258030 can't be found in masterdata.xlsx --> Employee
2025-05-21 08:15:04,510 - WARNING - ️⚠️ Cannot determine shift code for Employee ID: 8275065
2025-05-21 08:15:04,528 - INFO - 💾 Generating 8275065-Siti Nor Aisyah Employee Report...
2025-05-21 08:15:04,541 - INFO - 💾 Generating 8275065-Siti Nor Aisyah Master Report...
2025-05-21 08:15:04,542 - WARNING - ⚠️ Employee ID: 8275065 can't be found in masterdata.xlsx --> Employee
2025-05-21 08:15:04,543 - INFO - 💾 Saving in progress...Please be patient
